0 55.6303 4.32235
1 52.1507 3.79716
2 49.2471 3.53159
3 46.9903 3.06947
4 45.2624 3.46593
5 43.6249 3.23025
6 42.3904 3.08592
7 41.218 3.1792
8 40.3 3.08599
9 40.9658 3.43239
10 39.8954 3.37684
11 38.6677 3.0327
12 37.8745 3.03695
13 37.3964 3.08514
14 36.207 2.99324
15 35.4353 3.1368
16 34.9499 2.9654
17 34.7244 2.90268
18 34.5233 2.65661
19 34.3125 2.74546
20 33.7388 2.87943
21 33.2107 3.06084
22 33.0186 2.96852
23 32.6953 3.0438
24 32.1402 2.92738
25 31.6782 2.58534
26 31.6071 2.54777
27 31.4718 2.43084
28 31.5119 2.53885
29 31.5048 2.40503
30 31.4971 2.3684
31 31.1682 2.64599
32 33.727 3.56168
33 35.571 3.53592
34 34.4616 2.95534
35 33.6135 2.79579
36 32.7528 3.12223
37 32.2524 3.03727
38 31.6699 2.9636
39 31.1898 2.47714
40 30.7445 2.95624
41 30.6744 2.7724
42 30.3683 2.79634
43 29.9102 2.7853
44 29.3888 2.62193
45 29.0095 2.34632
46 28.7117 2.54995
47 31.0103 3.61531
48 30.0604 2.94983
49 28.8585 3.01356
50 28.4197 2.73453
51 28.4359 2.66986
52 28.2066 2.44784
53 27.6556 2.42005
54 30.472 3.22569
55 29.9037 2.69797
56 29.3788 2.67085
57 28.767 2.62221
58 27.9888 2.56618
59 27.6812 2.33005
60 27.4054 2.523
61 26.7232 2.69651
62 26.0744 2.35216
63 25.7423 2.21276
64 25.5761 2.35266
65 25.1458 2.41015
66 24.3972 2.40837
67 23.9212 2.32091
68 23.5348 2.42862
69 23.2507 2.33207
70 22.7827 2.5024
71 22.3251 2.50592
72 22.3151 2.26425
73 22.1579 2.09011
74 21.8714 2.0674
75 25.0639 3.11016
76 23.8253 2.78646
77 22.716 2.4013
78 21.9148 2.2441
79 21.2834 2.09801
80 20.4909 2.12062
81 23.0024 3.0725
82 21.7857 2.29388
83 21.0811 2.30465
84 20.5919 2.10598
85 19.7281 1.98618
86 18.7298 1.8951
87 17.6641 1.70533
88 16.924 1.62355
89 16.0135 1.62847
90 18.058 2.78143
91 16.4185 1.78223
92 15.2046 1.41283
93 14.1482 1.22703
94 13.2422 1.13645
95 12.4098 1.07716
96 11.6942 0.973658
97 11.0009 0.935648
98 10.4558 0.917804
99 9.81018 0.829863
100 9.15471 0.856948
101 8.39351 0.798274
102 7.82161 0.774972
103 7.36525 0.635195
104 6.90816 0.54642
105 6.48083 0.523511
106 6.07675 0.435923
107 5.68617 0.41927
108 5.25341 0.407211
109 4.90896 0.340241
110 4.57261 0.25447
111 4.28922 0.231976
112 4.07592 0.184666
113 3.88721 0.167326
114 3.73068 0.131908
115 3.59323 0.115422
116 3.47307 0.100588
117 3.37184 0.0896289
118 5.78555 2.24688
119 3.88654 0.565338
120 3.43184 0.124224
121 3.32522 0.0723917
122 3.25056 0.0622691
123 3.18703 0.0479398
124 3.14502 0.0292572
125 3.11902 0.0194015
126 3.10043 0.0151036
127 3.08603 0.0159251
128 3.07482 0.0175965
129 3.05783 0.0086908
130 3.05091 0.00563781
131 3.0454 0.00200432
132 3.0443 2.13519e-14
133 3.0443 2.13519e-14
134 3.0443 2.13519e-14
135 3.0443 2.13519e-14
136 3.0443 2.13519e-14
137 3.0443 2.13519e-14
138 3.0443 2.13519e-14
139 3.0443 2.13519e-14
140 3.0443 2.13519e-14
141 3.0443 2.13519e-14
142 3.0443 2.13519e-14
143 3.0443 2.13519e-14
144 3.0443 2.13519e-14
145 3.0443 2.13519e-14
146 3.0443 2.13519e-14
147 3.0443 2.13519e-14
148 3.0443 2.13519e-14
149 3.0443 2.13519e-14
150 3.0443 2.13519e-14
151 3.0443 2.13519e-14
152 3.0443 2.13519e-14
153 3.0443 2.13519e-14
154 3.0443 2.13519e-14
155 3.0443 2.13519e-14
156 3.0443 2.13519e-14
157 3.0443 2.13519e-14
158 3.0443 2.13519e-14
159 3.0443 2.13519e-14
160 3.0443 2.13519e-14
161 3.0443 2.13519e-14
162 3.0443 2.13519e-14
163 3.0443 2.13519e-14
164 3.0443 2.13519e-14
165 3.0443 2.13519e-14
166 3.0443 2.13519e-14
167 3.0443 2.13519e-14
168 3.0443 2.13519e-14
169 3.0443 2.13519e-14
170 3.0443 2.13519e-14
171 3.0443 2.13519e-14
172 3.0443 2.13519e-14
173 3.0443 2.13519e-14
174 3.0443 2.13519e-14
175 3.0443 2.13519e-14
176 3.0443 2.13519e-14
177 3.0443 2.13519e-14
178 3.0443 2.13519e-14
179 3.0443 2.13519e-14
180 3.0443 2.13519e-14
181 3.0443 2.13519e-14
182 3.0443 2.13519e-14
183 3.0443 2.13519e-14
184 3.0443 2.13519e-14
185 5.64878 2.38288
186 7.71166 2.97314
187 5.20757 1.41154
188 3.96626 0.684967
189 3.34917 0.265102
190 3.1251 0.0901283
191 3.04477 0.020011
192 4.94771 1.87698
193 3.3793 0.349174
194 3.06308 0.0499223
195 3.03704 0.0235744
196 3.03031 0.0320544
197 3.01778 0.0404514
198 2.99805 0.0442797
199 2.95435 0.00155622
200 5.57924 2.35091
201 3.4746 0.527625
202 3.02148 0.0793718
203 2.95464 0.00174238
204 2.95372 2.22416e-14
205 2.95372 2.22416e-14
206 2.95372 2.22416e-14
207 2.95372 2.22416e-14
208 2.95372 2.22416e-14
209 2.95372 2.22416e-14
210 2.95372 2.22416e-14
211 2.95372 2.22416e-14
212 5.45838 2.29848
213 3.43103 0.496882
214 3.0037 0.0737578
215 2.95372 2.22416e-14
216 2.95372 2.22416e-14
217 2.95372 2.22416e-14
218 2.95372 2.22416e-14
219 2.95372 2.22416e-14
220 2.95372 2.22416e-14
221 2.95372 2.22416e-14
222 2.95372 2.22416e-14
223 2.95372 2.22416e-14
224 2.95372 2.22416e-14
225 2.95372 2.22416e-14
226 2.95372 2.22416e-14
227 2.95372 2.22416e-14
228 2.95372 2.22416e-14
229 2.95372 2.22416e-14
230 2.95372 2.22416e-14
231 2.95372 2.22416e-14
232 2.95372 2.22416e-14
233 2.95372 2.22416e-14
234 2.95372 2.22416e-14
235 5.507 2.4595
236 7.61349 3.01692
237 4.96569 1.56026
238 3.63426 0.532919
239 3.17591 0.193507
240 3.00424 0.0634038
241 2.95412 0.00124742
242 2.95372 2.22416e-14
243 2.95372 2.22416e-14
244 2.95372 2.22416e-14
245 2.95372 2.22416e-14
246 2.95372 2.22416e-14
247 2.95372 2.22416e-14
248 2.95372 2.22416e-14
249 2.95372 2.22416e-14
250 2.95372 2.22416e-14
251 2.95372 2.22416e-14
252 2.95372 2.22416e-14
253 2.95372 2.22416e-14
254 2.95372 2.22416e-14
255 2.95372 2.22416e-14
256 2.95372 2.22416e-14
257 2.95372 2.22416e-14
258 2.95372 2.22416e-14
259 2.95372 2.22416e-14
260 2.95372 2.22416e-14
261 2.95372 2.22416e-14
262 2.95372 2.22416e-14
263 2.95372 2.22416e-14
264 2.95372 2.22416e-14
265 2.95372 2.22416e-14
266 2.95372 2.22416e-14
267 2.95372 2.22416e-14
268 2.95372 2.22416e-14
269 2.95372 2.22416e-14
270 5.93427 2.69734
271 3.56236 0.654598
272 3.00848 0.0702383
273 2.95372 2.22416e-14
274 2.95372 2.22416e-14
275 2.95372 2.22416e-14
276 2.95372 2.22416e-14
277 2.95372 2.22416e-14
278 5.57664 2.53503
279 3.37712 0.464447
280 2.99613 0.0569177
281 2.95405 0.00129608
282 2.95372 2.22416e-14
283 2.95372 2.22416e-14
284 2.95372 2.22416e-14
285 2.95372 2.22416e-14
286 2.95372 2.22416e-14
287 2.95372 2.22416e-14
288 2.95372 2.22416e-14
289 2.95372 2.22416e-14
290 2.95372 2.22416e-14
291 2.95372 2.22416e-14
292 2.95372 2.22416e-14
293 5.86377 2.59774
294 8.07701 3.08533
295 5.01932 1.3404
296 3.79899 0.626166
297 3.24737 0.249934
298 5.92297 2.52155
299 3.72678 0.566832
300 3.23469 0.214073
301 3.03914 0.0833637
302 2.96106 0.0120463
303 2.95384 0.000695562
304 2.95372 2.22416e-14
305 2.95372 2.22416e-14
306 5.63482 2.47186
307 7.73651 3.1336
308 4.95986 1.36216
309 3.60466 0.513209
310 3.15739 0.193936
311 2.99596 0.0507162
312 2.95391 0.000860033
313 2.95372 2.22416e-14
314 2.95372 2.22416e-14
315 2.95372 2.22416e-14
316 2.95372 2.22416e-14
317 2.95372 2.22416e-14
318 2.95372 2.22416e-14
319 2.95372 2.22416e-14
320 2.95372 2.22416e-14
321 2.95372 2.22416e-14
322 2.95372 2.22416e-14
323 2.95372 2.22416e-14
324 2.95372 2.22416e-14
325 2.95372 2.22416e-14
326 5.33958 2.14224
327 7.51023 2.82431
328 5.00453 1.31379
329 3.68317 0.524952
330 3.23155 0.227482
331 3.04463 0.0998572
332 2.95848 0.0089441
333 2.95372 2.22416e-14
334 2.95372 2.22416e-14
335 2.95372 2.22416e-14
336 2.95372 2.22416e-14
337 2.95372 2.22416e-14
338 2.95372 2.22416e-14
339 2.95372 2.22416e-14
340 2.95372 2.22416e-14
341 2.95372 2.22416e-14
342 2.95372 2.22416e-14
343 2.95372 2.22416e-14
344 2.95372 2.22416e-14
345 2.95372 2.22416e-14
346 2.95372 2.22416e-14
347 2.95372 2.22416e-14
348 2.95372 2.22416e-14
349 2.95372 2.22416e-14
350 2.95372 2.22416e-14
351 5.38717 2.26005
352 3.48272 0.516716
353 3.03822 0.110575
354 2.95372 2.22416e-14
355 5.28845 2.20893
356 3.4082 0.41831
357 3.05192 0.116842
358 2.9545 0.00215107
359 2.95372 2.22416e-14
360 2.95372 2.22416e-14
361 2.95372 2.22416e-14
362 2.95372 2.22416e-14
363 2.95372 2.22416e-14
364 2.95372 2.22416e-14
365 2.95372 2.22416e-14
366 2.95372 2.22416e-14
367 2.95372 2.22416e-14
368 2.95372 2.22416e-14
369 2.95372 2.22416e-14
370 2.95372 2.22416e-14
371 5.60802 2.45494
372 7.31073 2.87462
373 4.83842 1.25069
374 3.73964 0.589271
375 3.17817 0.208374
376 3.00049 0.0565586
377 2.95426 0.00140766
378 2.95372 2.22416e-14
379 2.95372 2.22416e-14
380 2.95372 2.22416e-14
381 2.95372 2.22416e-14
382 2.95372 2.22416e-14
383 2.95372 2.22416e-14
384 2.95372 2.22416e-14
385 2.95372 2.22416e-14
386 2.95372 2.22416e-14
387 2.95372 2.22416e-14
388 2.95372 2.22416e-14
389 2.95372 2.22416e-14
390 2.95372 2.22416e-14
391 2.95372 2.22416e-14
392 2.95372 2.22416e-14
393 2.95372 2.22416e-14
394 2.95372 2.22416e-14
395 2.95372 2.22416e-14
396 2.95372 2.22416e-14
397 2.95372 2.22416e-14
398 2.95372 2.22416e-14
399 2.95372 2.22416e-14
400 5.6971 2.50807
401 8.07405 3.22333
402 5.19341 1.45884
403 3.96492 0.689349
404 3.37445 0.333807
405 3.07841 0.114025
406 2.97376 0.0303124
407 2.95372 2.22416e-14
408 2.95372 2.22416e-14
409 2.95372 2.22416e-14
410 2.95372 2.22416e-14
411 2.95372 2.22416e-14
412 2.95372 2.22416e-14
413 2.95372 2.22416e-14
414 2.95372 2.22416e-14
415 2.95372 2.22416e-14
416 2.95372 2.22416e-14
417 2.95372 2.22416e-14
418 2.95372 2.22416e-14
419 2.95372 2.22416e-14
420 5.7157 2.50873
421 3.48751 0.589703
422 2.99768 0.0671005
423 2.95372 2.22416e-14
424 2.95372 2.22416e-14
425 2.95372 2.22416e-14
426 2.95372 2.22416e-14
427 2.95372 2.22416e-14
428 2.95372 2.22416e-14
429 2.95372 2.22416e-14
430 2.95372 2.22416e-14
431 2.95372 2.22416e-14
432 2.95372 2.22416e-14
433 2.95372 2.22416e-14
434 2.95372 2.22416e-14
435 2.95372 2.22416e-14
436 2.95372 2.22416e-14
437 2.95372 2.22416e-14
438 2.95372 2.22416e-14
439 2.95372 2.22416e-14
440 2.95372 2.22416e-14
441 2.95372 2.22416e-14
442 2.95372 2.22416e-14
443 2.95372 2.22416e-14
444 2.95372 2.22416e-14
445 2.95372 2.22416e-14
446 2.95372 2.22416e-14
447 2.95372 2.22416e-14
448 2.95372 2.22416e-14
449 2.95372 2.22416e-14
450 2.95372 2.22416e-14
451 2.95372 2.22416e-14
452 2.95372 2.22416e-14
453 2.95372 2.22416e-14
454 2.95372 2.22416e-14
455 2.95372 2.22416e-14
456 2.95372 2.22416e-14
457 2.95372 2.22416e-14
458 2.95372 2.22416e-14
459 2.95372 2.22416e-14
460 2.95372 2.22416e-14
461 2.95372 2.22416e-14
462 2.95372 2.22416e-14
463 2.95372 2.22416e-14
464 5.83279 2.65141
465 3.52093 0.624592
466 3.0161 0.0801231
467 2.95372 2.22416e-14
468 2.95372 2.22416e-14
469 2.95372 2.22416e-14
470 2.95372 2.22416e-14
471 2.95372 2.22416e-14
472 5.73393 2.64271
473 3.48829 0.568119
474 3.03305 0.0916089
475 2.95536 0.00294359
476 2.95372 2.22416e-14
477 2.95372 2.22416e-14
478 2.95372 2.22416e-14
479 2.95372 2.22416e-14
480 2.95372 2.22416e-14
481 2.95372 2.22416e-14
482 2.95372 2.22416e-14
483 2.95372 2.22416e-14
484 2.95372 2.22416e-14
485 2.95372 2.22416e-14
486 2.95372 2.22416e-14
487 2.95372 2.22416e-14
488 2.95372 2.22416e-14
489 2.95372 2.22416e-14
490 5.49889 2.45007
491 3.38342 0.474962
492 2.99251 0.0509479
493 2.95372 2.22416e-14
494 5.44999 2.46543
495 7.51503 2.71114
496 4.9175 1.34426
497 7.42039 2.71133
498 5.16986 1.08279
499 4.2581 0.673765
