36.917
37.7938
35.8877
35.7774
32.091
30.5133
29.5216
29.5216
25.4503
25.8714
24.8583
27.6387
27.988
26.2506
25.0354
25.0354
25.2122
24.5499
23.5589
24.7025
23.2035
20.1093
20.1093
21.1904
22.2392
22.682
22.682
23.1935
20.9458
20.9458
22.1944
22.6688
19.0061
23.8116
25.9382
23.4972
21.0418
19.6137
19.2487
19.2487
19.2487
21.446
19.826
18.0091
19.9206
20.6095
20.0651
14.2347
18.1478
18.1478
20.0982
19.6299
19.0505
16.482
20.0555
20.0555
20.0555
14.6001
15.0937
16.1783
17.5764
15.575
16.9074
15.3994
15.8945
17.0047
15.8671
15.4477
13.6777
12.6066
12.2471
13.7417
13.764
12.6437
12.6437
15.8082
14.1262
12.8536
13.5579
14.5485
12.4978
14.1617
13.3718
13.3718
13.8765
12.3634
11.989
11.9357
10.9372
10.5769
11.5839
9.20834
9.6084
9.6084
9.26267
8.14538
7.68232
7.4596
6.08175
6.78552
6.32696
5.95675
5.03217
5.03217
5.03217
4.68905
4.57721
4.11581
4.0254
3.89378
3.84503
3.42617
3.42617
3.24493
3.21049
3.13918
3.1473
3.09233
3.16936
3.13222
3.11154
3.07817
3.09233
3.05657
3.05944
3.05944
3.0443
3.0443
3.0443
3.0443
3.0443
3.0443
3.0443
3.0443
3.0443
3.0443
3.0443
3.0443
3.0443
3.0443
3.0443
3.0443
3.0443
3.0443
3.0443
3.0443
3.0443
3.0443
3.0443
3.0443
3.0443
3.0443
3.0443
3.0443
3.0443
3.0443
3.0443
3.0443
3.0443
3.0443
3.0443
3.0443
3.0443
3.0443
3.0443
3.0443
3.0443
3.0443
3.0443
3.0443
3.0443
3.0443
3.0443
3.0443
3.0443
3.0443
3.0443
3.0443
3.0443
3.0443
3.0443
3.0443
3.0443
3.0443
3.0443
3.0443
3.0443
2.95779
2.95372
2.95372
2.95372
2.95372
2.95372
2.95372
2.95372
2.95372
2.95372
2.95372
2.95372
2.95372
2.95372
2.95372
2.95372
2.95372
2.95372
2.95372
2.95372
2.95372
2.95372
2.95372
2.95372
2.95372
2.95372
2.95372
2.95372
2.95372
2.95372
2.95372
2.95372
2.95372
2.95372
2.95372
2.95372
2.95372
2.95372
2.95372
2.95372
2.95372
2.95372
2.95372
2.95372
2.95372
2.95372
2.95372
2.95372
2.95372
2.95372
2.95372
2.95372
2.95372
2.95372
2.95372
2.95372
2.95372
2.95372
2.95372
2.95372
2.95372
2.95372
2.95372
2.95372
2.95372
2.95372
2.95372
2.95372
2.95372
2.95372
2.95372
2.95372
2.95372
2.95372
2.95372
2.95372
2.95372
2.95372
2.95372
2.95372
2.95372
2.95372
2.95372
2.95372
2.95372
2.95372
2.95372
2.95372
2.95372
2.95372
2.95372
2.95372
2.95372
2.95372
2.95372
2.95372
2.95372
2.95372
2.95372
2.95372
2.95372
2.95372
2.95372
2.95372
2.95372
2.95372
2.95372
2.95372
2.95372
2.95372
2.95372
2.95372
2.95372
2.95372
2.95372
2.95372
2.95372
2.95372
2.95372
2.95372
2.95372
2.95372
2.95372
2.95372
2.95372
2.95372
2.95372
2.95372
2.95372
2.95372
2.95372
2.95372
2.95372
2.95372
2.95372
2.95372
2.95372
2.95372
2.95372
2.95372
2.95372
2.95372
2.95372
2.95372
2.95372
2.95372
2.95372
2.95372
2.95372
2.95372
2.95372
2.95372
2.95372
2.95372
2.95372
2.95372
2.95372
2.95372
2.95372
2.95372
2.95372
2.95372
2.95372
2.95372
2.95372
2.95372
2.95372
2.95372
2.95372
2.95372
2.95372
2.95372
2.95372
2.95372
2.95372
2.95372
2.95372
2.95372
2.95372
2.95372
2.95372
2.95372
2.95372
2.95372
2.95372
2.95372
2.95372
2.95372
2.95372
2.95372
2.95372
2.95372
2.95372
2.95372
2.95372
2.95372
2.95372
2.95372
2.95372
2.95372
2.95372
2.95372
2.95372
2.95372
2.95372
2.95372
2.95372
2.95372
2.95372
2.95372
2.95372
2.95372
2.95372
2.95372
2.95372
2.95372
2.95372
2.95372
2.95372
2.95372
2.95372
2.95372
2.95372
2.95372
2.95372
2.95372
2.95372
2.95372
2.95372
2.95372
2.95372
2.95372
2.95372
2.95372
2.95372
2.95372
2.95372
2.95372
2.95372
2.95372
2.95372
2.95372
2.95372
2.95372
2.95372
2.95372
2.95372
2.95372
2.95372
2.95372
2.95372
2.95372
2.95372
2.95372
2.95372
2.95372
2.95372
2.95372
2.95372
2.95372
2.95372
2.95372
2.95372
2.95372
2.95372
2.95372
2.95372
2.95372
2.95372
2.95372
2.95372
2.95372
2.95372
2.95372
2.95372
2.95372
2.95372
2.95372
2.95372
2.95372
2.95372
2.95372
2.95372
2.95372
2.95372
2.95372
2.95372
2.95372
2.95372
2.95372
2.95372
2.95372
2.95372
2.95372
2.95372
2.95372
2.95372
2.95372
2.95372
2.95372
2.95372
2.95372
2.95372
2.95372
2.95372
2.95372
2.95372
2.95372
2.95372
2.95372
2.95372
2.95372
2.95372
