-0.951844 0.306584
-0.88507 0.465458
-0.814803 0.579738
-0.790963 0.611864
-0.774554 0.632507
-0.675716 0.737162
0.0810402 0.996711
0.131274 0.991346
0.399234 0.916849
0.501868 0.864944
0.590104 0.807327
0.612717 0.790302
0.627575 0.778556
0.710169 0.704031
0.878714 0.477348
0.982804 -0.184653
0.967682 -0.252174
0.877623 -0.479352
0.67691 -0.736066
0.301515 -0.953461
0.275411 -0.961327
0.246873 -0.969048
0.235198 -0.971948
0.0368465 -0.999321
-0.155169 -0.987888
-0.236639 -0.971598
-0.459625 -0.888113
-0.49228 -0.870437
-0.701284 -0.712882
-0.732452 -0.680819
-0.951844 0.306584
