  1  1.64574456702  0
  2  1.65165563176  0.00417975396297
  3  1.64594722744  0.00543033303774
  4  1.6421551729  0.00523183036578
  5  1.65015721268  0.00829121365308
  6  1.65128316498  0.00698537888415
  7  1.65640904081  0.00764008224413
  8  1.66015789355  0.00754899641791
  9  1.66021864784  0.00671046350883
  10  1.65275711324  0.00930492387216
  11  1.65106620847  0.00861128814796
  12  1.65088130296  0.00789566574058
  13  1.65233124392  0.00742024445358
  14  1.65383560901  0.00704107174476
  15  1.6553419635  0.00673087192945
  16  1.65463649805  0.00634705482666
  17  1.65627694951  0.0061820593512
  18  1.65649261969  0.00584237238299
  19  1.65635019952  0.00553661472391
  20  1.65501900949  0.00541745245794
  21  1.65515046863  0.00516107326927
  22  1.65563025276  0.00494872964823
  23  1.65347670733  0.00518100158518
  24  1.65460654045  0.00508682767279
  25  1.65421904399  0.00489809138161
  26  1.65518115157  0.00480326490594
  27  1.65592414904  0.0046824792209
  28  1.65657789317  0.00456065572486
  29  1.65591929103  0.00445069190192
  30  1.65447241343  0.00453141962003
  31  1.65255685152  0.0047729846323
  32  1.65132239283  0.00478080119936
  33  1.65080414877  0.00466393296203
  34  1.64992636337  0.00460862098751
  35  1.64919487889  0.00453462548075
  36  1.64754266139  0.00470003293129
  37  1.64836663687  0.00464467015466
  38  1.64826786517  0.00452349209043
  39  1.64792896761  0.00442018189352
  40  1.64784800488  0.00431041876377
  41  1.64776889374  0.00420601251804
  42  1.64776782546  0.00410586949852
  43  1.64827423359  0.00404149308858
  44  1.64718592594  0.00409355088839
  45  1.64712745166  0.00400300070666
  46  1.64670826114  0.0039378664058
  47  1.64680344564  0.00385523222292
  48  1.64758352177  0.00385302785973
  49  1.64713600167  0.00380029497448
  50  1.6470123411  0.00372630047252
  51  1.64654598212  0.00368230331085
  52  1.64659090482  0.00361176379513
  53  1.6462207829  0.00356253128333
  54  1.64601089185  0.00350273602315
  55  1.64621135884  0.00344478165477
  56  1.64487182039  0.00363439422388
  57  1.6448273834  0.00357090457235
  58  1.64458986513  0.00351722763036
  59  1.64476823075  0.00346213328667
  60  1.64483430003  0.00340506142015
  61  1.64450829356  0.00336481076186
  62  1.64458102955  0.003311325682
  63  1.64487808487  0.00327206207837
  64  1.64481055231  0.00322163294014
  65  1.64507540879  0.0031829379102
  66  1.64513652462  0.00313529826817
  67  1.64490422846  0.00309709629812
  68  1.64480763391  0.00305305672421
  69  1.64526587182  0.0030430040306
  70  1.64512922334  0.0030025991307
  71  1.64516696159  0.00296054614969
  72  1.64589411373  0.00300740139433
  73  1.64546647171  0.00299645446759
  74  1.64535957416  0.00295786799292
  75  1.64590867007  0.00296895915328
  76  1.64610645892  0.00293647475023
  77  1.64634794521  0.00290825129401
  78  1.64589414823  0.00290615509659
  79  1.64571355335  0.00287497412931
  80  1.64590289938  0.00284526529371
  81  1.64630161629  0.00283793785171
  82  1.64684453668  0.00285478905439
  83  1.64735989167  0.00286653331171
  84  1.64773439063  0.00285676642884
  85  1.64807511157  0.00284340337676
  86  1.64882596342  0.00290778900782
  87  1.64859158538  0.00288379652309
  88  1.64906929129  0.00289032170903
  89  1.64933760687  0.0028702733587
  90  1.64920586497  0.00284140321677
  91  1.64949642422  0.00282499610168
  92  1.64938823758  0.0027963604242
  93  1.64967532044  0.00278098938907
  94  1.64909298812  0.00281171291548
  95  1.64875562753  0.00280228179092
  96  1.64875239628  0.00277309321854
  97  1.6488890359  0.00274786891344
  98  1.64885802376  0.00272000442894
  99  1.64855223985  0.00270966329234
  100  1.64856632631  0.00268260327411
