  1  1.09716304468  0
  2  1.10110375451  0.00278650264197
  3  1.09729815163  0.00362022202514
  4  1.09477011527  0.00348788691052
  5  1.10010480845  0.00552747576871
  6  1.10085544332  0.0046569192561
  7  1.10427269387  0.00509338816275
  8  1.10677192903  0.00503266427861
  9  1.10681243189  0.00447364233922
  10  1.1018380755  0.00620328258145
  11  1.10071080565  0.00574085876531
  12  1.1005875353  0.00526377716039
  13  1.10155416261  0.00494682963572
  14  1.10255707267  0.00469404782984
  15  1.103561309  0.00448724795297
  16  1.1030909987  0.00423136988444
  17  1.10418463301  0.0041213729008
  18  1.10432841313  0.00389491492199
  19  1.10423346634  0.00369107648261
  20  1.10334600633  0.00361163497197
  21  1.10343364575  0.00344071551285
  22  1.10375350184  0.00329915309882
  23  1.10231780489  0.00345400105679
  24  1.10307102697  0.00339121844852
  25  1.10281269599  0.00326539425441
  26  1.10345410105  0.00320217660396
  27  1.10394943269  0.00312165281394
  28  1.10438526211  0.00304043714991
  29  1.10394619402  0.00296712793461
  30  1.10298160895  0.00302094641336
  31  1.10170456768  0.00318198975487
  32  1.10088159522  0.00318720079958
  33  1.10053609918  0.00310928864136
  34  1.09995090892  0.00307241399168
  35  1.09946325259  0.00302308365383
  36  1.09836177426  0.00313335528753
  37  1.09891109125  0.00309644676977
  38  1.09884524345  0.00301566139363
  39  1.09861931174  0.00294678792901
  40  1.09856533658  0.00287361250918
  41  1.09851259583  0.00280400834536
  42  1.09851188364  0.00273724633235
  43  1.09884948906  0.00269432872572
  44  1.09812395063  0.0027290339256
  45  1.09808496777  0.00266866713778
  46  1.09780550743  0.00262524427054
  47  1.09786896376  0.00257015481529
  48  1.09838901451  0.00256868523982
  49  1.09809066778  0.00253352998299
  50  1.0980082274  0.00248420031501
  51  1.09769732142  0.0024548688739
  52  1.09772726988  0.00240784253009
  53  1.09748052193  0.00237502085555
  54  1.09734059457  0.00233515734877
  55  1.09747423923  0.00229652110318
  56  1.09658121359  0.00242292948259
  57  1.09655158893  0.00238060304824
  58  1.09639324342  0.00234481842024
  59  1.09651215384  0.00230808885779
  60  1.09655620002  0.00227004094677
  61  1.09633886237  0.00224320717458
  62  1.09638735303  0.00220755045467
  63  1.09658538991  0.00218137471891
  64  1.09654036821  0.00214775529343
  65  1.09671693919  0.00212195860681
  66  1.09675768308  0.00209019884545
  67  1.09660281897  0.00206473086542
  68  1.09653842261  0.00203537114948
  69  1.09684391455  0.00202866935373
  70  1.09675281556  0.00200173275381
  71  1.09677797439  0.00197369743312
  72  1.09726274249  0.00200493426289
  73  1.09697764781  0.00199763631173
  74  1.09690638277  0.00197191199528
  75  1.09727244671  0.00197930610219
  76  1.09740430594  0.00195764983348
  77  1.09756529681  0.001938834196
  78  1.09726276549  0.00193743673106
  79  1.0971423689  0.00191664941954
  80  1.09726859959  0.00189684352914
  81  1.09753441086  0.00189195856781
  82  1.09789635779  0.00190319270293
  83  1.09823992778  0.00191102220781
  84  1.09848959375  0.00190451095256
  85  1.09871674105  0.00189560225117
  86  1.09921730894  0.00193852600521
  87  1.09906105692  0.00192253101539
  88  1.09937952752  0.00192688113936
  89  1.09955840458  0.00191351557246
  90  1.09947057665  0.00189426881118
  91  1.09966428281  0.00188333073445
  92  1.09959215838  0.0018642402828
  93  1.09978354696  0.00185399292605
  94  1.09939532541  0.00187447527698
  95  1.09917041835  0.00186818786061
  96  1.09916826419  0.00184872881236
  97  1.09925935727  0.00183191260896
  98  1.0992386825  0.00181333628596
  99  1.09903482657  0.00180644219489
  100  1.09904421754  0.00178840218274
