  1  -3.80895435959  0
  2  -3.80839951781  0.00039233238415
  3  -3.8076693208  0.000651052555653
  4  -3.80711189729  0.000686634746749
  5  -3.80716653458  0.000551477326955
  6  -3.8071598166  0.00045960535661
  7  -3.80705656502  0.000405379448259
  8  -3.80736196697  0.000455443330841
  9  -3.80742357203  0.000408983764803
  10  -3.8073522135  0.000374258852464
  11  -3.80735958559  0.000340307919369
  12  -3.80732502696  0.000313698751154
  13  -3.80732008834  0.000289606949792
  14  -3.80736765932  0.000272799780359
  15  -3.8074842838  0.000278428379825
  16  -3.80758984519  0.000280324180927
  17  -3.80755499432  0.000265992091839
  18  -3.8074866447  0.000259848005264
  19  -3.80751462897  0.000247674090757
  20  -3.80749442706  0.000236112848056
  21  -3.80740335926  0.000241794669834
  22  -3.8073266249  0.000242674690908
  23  -3.80714221599  0.000293954879123
  24  -3.80719640849  0.000286658608641
  25  -3.80712178469  0.000284739787145
  26  -3.80712957993  0.000273894940133
  27  -3.80708832305  0.00026683986041
  28  -3.8071239206  0.000259673441224
  29  -3.80713487518  0.00025095014267
  30  -3.8070375359  0.000260780850493
  31  -3.80694333521  0.000268844587259
  32  -3.80687220296  0.000269689331637
  33  -3.80683674068  0.000263838148943
  34  -3.80681907864  0.000256668695118
  35  -3.80676045125  0.000255943469215
  36  -3.80676332003  0.000248850005333
  37  -3.80676046344  0.000242140724485
  38  -3.80670440791  0.000242170115643
  39  -3.80668072989  0.000237115351387
  40  -3.80662834414  0.000236903578329
  41  -3.80661517933  0.000231490939655
  42  -3.80672994771  0.000252833520778
  43  -3.80674326194  0.000247303987208
  44  -3.80670741267  0.000244267983712
  45  -3.80665490556  0.000244418049687
  46  -3.80669599256  0.000242533418834
  47  -3.80674038932  0.000241402441607
  48  -3.80675584796  0.000236867668129
  49  -3.80672365113  0.000234211630061
  50  -3.8067520781  0.000231246095636
  51  -3.80678095539  0.000228507798705
  52  -3.80679400886  0.000224485946782
  53  -3.80676828112  0.000221719755327
  54  -3.80676081892  0.000217739371723
  55  -3.8067848483  0.000215102310799
  56  -3.8067468983  0.000214582800794
  57  -3.80671271814  0.000213523059622
  58  -3.80672296809  0.000210087502794
  59  -3.8067534981  0.000208733227334
  60  -3.80675128605  0.000205266060809
  61  -3.80681400135  0.000211264671717
  62  -3.80681434498  0.000207857456328
  63  -3.80681817953  0.000204593498485
  64  -3.80681722723  0.00020139894128
  65  -3.80686870392  0.00020477345855
  66  -3.80692463089  0.0002091687318
  67  -3.80696283368  0.000209506463519
  68  -3.80699204896  0.000208452541411
  69  -3.80700180876  0.000205659841042
  70  -3.80699084207  0.000203014028725
  71  -3.8069549658  0.000203299956827
  72  -3.80696742349  0.000200857670697
  73  -3.80694783342  0.00019905923326
  74  -3.80692632104  0.000197528247831
  75  -3.80696486229  0.00019861898984
  76  -3.80695923831  0.000196085188707
  77  -3.80696788088  0.000193728997552
  78  -3.80697357502  0.000191328956047
  79  -3.806977262  0.000188942592053
  80  -3.80695984426  0.000187381919881
  81  -3.8069415113  0.000185963225526
  82  -3.80694651601  0.000183762713126
  83  -3.8069598305  0.000182030414815
  84  -3.80697938348  0.000180910490175
  85  -3.80697419242  0.00017885659249
  86  -3.80697040718  0.00017681691466
  87  -3.80695659461  0.000175323210927
  88  -3.80695019687  0.000173447592542
  89  -3.80694219053  0.000171683430325
  90  -3.80695066228  0.000169984728459
  91  -3.80696383384  0.000168626303137
  92  -3.80698455755  0.000168062027223
  93  -3.80699003951  0.00016634429173
  94  -3.80700387038  0.000165148661953
  95  -3.80700416912  0.000163410525142
  96  -3.8069831371  0.000163056195014
  97  -3.80699855089  0.000162102102915
  98  -3.80700012344  0.000160455627314
  99  -3.80697736133  0.000160441247435
  100  -3.80696681691  0.000159182955058
