  1  -5.45469892661  0
  2  -5.46005514957  0.00378742157878
  3  -5.45361654824  0.00583201672512
  4  -5.4492670702  0.00577238730143
  5  -5.45732374727  0.00855880409908
  6  -5.45844298159  0.00720514622041
  7  -5.46346560583  0.00773071324067
  8  -5.46751986052  0.00775494134395
  9  -5.46764221987  0.00689424643477
  10  -5.46010932674  0.00946413463378
  11  -5.45842579406  0.00875221600728
  12  -5.45820632992  0.0080256157625
  13  -5.45965133225  0.0075372236653
  14  -5.46120326833  0.00715684137361
  15  -5.46282624731  0.00686127520813
  16  -5.46222634324  0.00645861806362
  17  -5.46383194383  0.00627510117773
  18  -5.46397926439  0.00592821351584
  19  -5.46386482849  0.00561730668238
  20  -5.46251343656  0.00549659471007
  21  -5.46255382788  0.00523500050906
  22  -5.46295687765  0.0050125376007
  23  -5.46061892332  0.00531192785052
  24  -5.46180294894  0.00522088944803
  25  -5.46134082867  0.00503246430008
  26  -5.4623107315  0.00493148666493
  27  -5.46301247209  0.00479850740243
  28  -5.46370181377  0.00467638456897
  29  -5.46305416621  0.00455975678471
  30  -5.46150994933  0.00466192130398
  31  -5.45950018674  0.00492572984244
  32  -5.45819459579  0.00494179954085
  33  -5.45764088945  0.00482296843292
  34  -5.45674544201  0.00476351696981
  35  -5.45595533014  0.00469248586753
  36  -5.45430598142  0.00484333547208
  37  -5.45512710031  0.00478153246008
  38  -5.45497227308  0.00465820865623
  39  -5.4546096975  0.00455285622948
  40  -5.45447634901  0.00444098721462
  41  -5.45438407307  0.00433362901362
  42  -5.45449777317  0.00423193866502
  43  -5.45501749553  0.00416531266048
  44  -5.45389333861  0.00421961731848
  45  -5.45378235722  0.00412730726366
  46  -5.4534042537  0.00405486527935
  47  -5.45354383495  0.00397099323684
  48  -5.45433936973  0.00396715127655
  49  -5.4538596528  0.00391508580056
  50  -5.4537644192  0.00383794217797
  51  -5.45332693752  0.00378754030263
  52  -5.45338491368  0.00371514668533
  53  -5.45298906402  0.0036660778544
  54  -5.45277171077  0.0036046249501
  55  -5.45299620714  0.00354607025122
  56  -5.45161871869  0.00374073810789
  57  -5.45154010153  0.00367593715878
  58  -5.45131283323  0.00361957765315
  59  -5.45152172885  0.00356425174815
  60  -5.45158558609  0.00350541953962
  61  -5.45132229491  0.00345782737454
  62  -5.45139537453  0.00340282812991
  63  -5.4516962644  0.00336209153042
  64  -5.45162777955  0.00331025628532
  65  -5.45194411271  0.00327440902229
  66  -5.45206115551  0.00322688791679
  67  -5.45186706214  0.00318455730045
  68  -5.45179968287  0.0031384383041
  69  -5.45226768058  0.00312765250022
  70  -5.45212006541  0.00308645326605
  71  -5.45212192739  0.00304298265496
  72  -5.45286153722  0.00308929437314
  73  -5.45241430513  0.00307917763341
  74  -5.4522858952  0.00304024346446
  75  -5.45287353235  0.00305597031905
  76  -5.45306569722  0.00302179597811
  77  -5.45331582609  0.00299288616746
  78  -5.45286772325  0.0029878730987
  79  -5.45269081535  0.00295528451751
  80  -5.45286274365  0.00292334028209
  81  -5.45324312759  0.00291189220755
  82  -5.45379105269  0.00292747847268
  83  -5.45431972217  0.00293955594164
  84  -5.45471377411  0.00293085385606
  85  -5.45504930399  0.00291551602147
  86  -5.45579637059  0.00297578930564
  87  -5.45554817999  0.00295191664232
  88  -5.45601948816  0.00295575761654
  89  -5.4562797974  0.00293398699248
  90  -5.45615652725  0.0029039755522
  91  -5.45646025806  0.00288790386404
  92  -5.45637279513  0.00285783774717
  93  -5.45666535995  0.00284204419386
  94  -5.4560968585  0.00286810553271
  95  -5.45575979665  0.00285765219085
  96  -5.45573553338  0.00282798798387
  97  -5.45588758679  0.00280291824205
  98  -5.4558581472  0.00277447163612
  99  -5.45552960118  0.00276583106226
  100  -5.45553314322  0.00273817501968
