  1  1.4033331658  0
  2  1.40334686228  9.68487786028e-06
  3  1.4034508351  8.51386261202e-05
  4  1.40350593681  7.97149818567e-05
  5  1.40355075055  7.5322526622e-05
  6  1.40358421818  6.98091738022e-05
  7  1.40361219985  6.52036735283e-05
  8  1.40364951288  6.68827274491e-05
  9  1.40367852246  6.54408748507e-05
  10  1.40370014753  6.23675447847e-05
  11  1.40370960707  5.74106699165e-05
  12  1.4037234271  5.42643523574e-05
  13  1.40372941931  5.04199342903e-05
  14  1.40374224624  4.84226294631e-05
  15  1.40374788005  4.55210121291e-05
  16  1.40375426765  4.31217804886e-05
  17  1.4037541013  4.05855260457e-05
  18  1.40375131989  3.84259645944e-05
  19  1.40374659647  3.66927055668e-05
  20  1.40373686286  3.61260437253e-05
  21  1.40372903282  3.52440919258e-05
  22  1.4037238106  3.40267843082e-05
  23  1.40372101477  3.26620171925e-05
  24  1.4037191479  3.13544066332e-05
  25  1.40371746272  3.01454830893e-05
  26  1.40372021437  2.91113547218e-05
  27  1.40372578345  2.85608792921e-05
  28  1.40372806202  2.76315895952e-05
  29  1.4037284611  2.66816580272e-05
  30  1.40373013752  2.58448808625e-05
  31  1.40372964427  2.50158812043e-05
  32  1.40372872877  2.42508811823e-05
  33  1.40373062247  2.35898271782e-05
  34  1.40372937866  2.29287754053e-05
  35  1.40372507682  2.26736277738e-05
  36  1.40371964459  2.26852111377e-05
  37  1.403713876  2.27937425528e-05
  38  1.40371042833  2.24531326503e-05
  39  1.40370822437  2.19853138134e-05
  40  1.40370630822  2.15190209237e-05
  41  1.40370554279  2.10077752973e-05
  42  1.40370528235  2.05092043745e-05
  43  1.40370906449  2.03779980875e-05
  44  1.40371163793  2.00766964676e-05
  45  1.40371464016  1.98537533005e-05
  46  1.40371606535  1.94732361648e-05
  47  1.40371791806  1.91468434556e-05
  48  1.40371908258  1.87833312546e-05
  49  1.40372168402  1.85792704947e-05
  50  1.40372447587  1.84162517383e-05
  51  1.40372668916  1.81876608388e-05
  52  1.40372869672  1.79483534943e-05
  53  1.40373035134  1.7685808813e-05
  54  1.40373358324  1.76511214625e-05
  55  1.40373535362  1.74187486919e-05
  56  1.40373809311  1.73217845394e-05
  57  1.4037397164  1.70937859365e-05
  58  1.40374049732  1.68168943078e-05
  59  1.40373991198  1.65420459584e-05
  60  1.40374191256  1.63868734285e-05
  61  1.40374330847  1.61775821995e-05
  62  1.40374460617  1.59686170292e-05
  63  1.40374594768  1.57713955688e-05
  64  1.40374750938  1.56020966127e-05
  65  1.40374903353  1.54363306809e-05
  66  1.40374854417  1.52102014627e-05
  67  1.40374799447  1.49931132265e-05
  68  1.40374779364  1.47739713242e-05
  69  1.40374746145  1.4563590061e-05
  70  1.40374762143  1.43564170139e-05
  71  1.40374799972  1.41591972447e-05
  72  1.4037491151  1.40064045724e-05
  73  1.40375059573  1.38925751216e-05
  74  1.40375252109  1.38376115324e-05
  75  1.4037523583  1.36540674878e-05
  76  1.4037528127  1.34819677779e-05
  77  1.40375144942  1.33756264308e-05
  78  1.40375020588  1.32618246042e-05
  79  1.40375036781  1.3094941621e-05
  80  1.40374940984  1.29662476819e-05
  81  1.40375164489  1.29973754442e-05
  82  1.40375194832  1.28424123123e-05
  83  1.4037525274  1.27007330922e-05
  84  1.40375389264  1.26226978978e-05
  85  1.40375466646  1.2497891647e-05
  86  1.40375433416  1.2356984185e-05
  87  1.40375498949  1.22323142474e-05
  88  1.4037553583  1.20988692998e-05
  89  1.40375598403  1.19790970415e-05
  90  1.40375747298  1.19381716158e-05
  91  1.40375873486  1.1873486931e-05
  92  1.40375919658  1.17534008813e-05
  93  1.40376033774  1.16822879151e-05
  94  1.40376119486  1.15894092142e-05
  95  1.40376178278  1.14823179748e-05
  96  1.40376049183  1.14350499698e-05
  97  1.40375970519  1.13441878377e-05
  98  1.4037582835  1.13171660066e-05
  99  1.40375564653  1.15059660576e-05
  100  1.4037545869  1.14395948566e-05
