  1  -0.457636171863  0
  2  -0.476932958903  0.0136448889711
  3  -0.475020612509  0.00922962857401
  4  -0.457075484733  0.0170128732939
  5  -0.432164712394  0.0261089542448
  6  -0.416254492037  0.0261597605793
  7  -0.409286949399  0.0233320966479
  8  -0.410556421979  0.0204500906786
  9  -0.404405403105  0.0190805051277
  10  -0.395295286992  0.0192246714286
  11  -0.390329027325  0.0181070759223
  12  -0.392032780422  0.016678116122
  13  -0.39025812647  0.015489313388
  14  -0.390825864832  0.0143933349134
  15  -0.391202289839  0.0134387006219
  16  -0.39030523689  0.0126286861419
  17  -0.391026813911  0.0119064191148
  18  -0.390267002082  0.0112691691217
  19  -0.389136367817  0.0107326232845
  20  -0.388484529663  0.0102157674037
  21  -0.388464742455  0.00972932145241
  22  -0.389137428307  0.00931030529553
  23  -0.391340898736  0.00916254771458
  24  -0.394287232824  0.00924235839818
  25  -0.397166119383  0.00931024359866
  26  -0.400339181669  0.00947745754241
  27  -0.40229253953  0.00932556733488
  28  -0.40166016476  0.00901392679795
  29  -0.401700959837  0.0087031940503
  30  -0.402631203496  0.00846265625079
  31  -0.403174381721  0.00820708085815
  32  -0.405232562893  0.00820462820736
  33  -0.404531345592  0.0079859120343
  34  -0.403631957033  0.00780151330441
  35  -0.403319170083  0.00758488063364
  36  -0.402754056136  0.0073952115379
  37  -0.403361070802  0.00722021050333
  38  -0.403451053282  0.00703076564852
  39  -0.403430537418  0.00685051953896
  40  -0.402540849579  0.00673678142043
  41  -0.401101030357  0.00672457241416
  42  -0.401165132952  0.00656476907193
  43  -0.401296909689  0.00641342248595
  44  -0.40106878485  0.0062717187613
  45  -0.400917170169  0.00613417955219
  46  -0.400319633574  0.00602986090923
  47  -0.39988223682  0.0059174087722
  48  -0.3991729358  0.0058364854398
  49  -0.399603191724  0.00573321043088
  50  -0.39979481964  0.00562174781407
  51  -0.400196334918  0.00552583733148
  52  -0.399988242962  0.00542348797659
  53  -0.400345628434  0.00533292012873
  54  -0.400469201829  0.00523559386225
  55  -0.399911983663  0.0051699682543
  56  -0.399182314063  0.0051288803172
  57  -0.398685813669  0.00506287474394
  58  -0.398347075787  0.00498690276332
  59  -0.398359904561  0.00490239548861
  60  -0.398874468135  0.00484761840365
  61  -0.39845535644  0.00478623257843
  62  -0.397558605379  0.0047923068933
  63  -0.397552717424  0.00471624214696
  64  -0.398215218439  0.00468885147804
  65  -0.399111045604  0.00470151254747
  66  -0.39967317436  0.00466376144747
  67  -0.400927563439  0.00475985812993
  68  -0.401435626065  0.00471689733669
  69  -0.401762686608  0.00465986158319
  70  -0.402242133051  0.00461789104029
  71  -0.403408475924  0.00469783373557
  72  -0.404478772827  0.00475294421484
  73  -0.40542472083  0.00478104177889
  74  -0.405898610752  0.00473986056246
  75  -0.406031580916  0.0046785271959
  76  -0.40619994059  0.00461999589754
  77  -0.406317632236  0.00456149476682
  78  -0.406579317061  0.00451051401496
  79  -0.40683366233  0.00446058432747
  80  -0.407160858097  0.00441681106252
  81  -0.407551391938  0.00437951397285
  82  -0.407125166906  0.00434679641678
  83  -0.406606857194  0.00432521647749
  84  -0.406345413018  0.00428162020593
  85  -0.406007826236  0.00424453595018
  86  -0.406312392822  0.00420609377157
  87  -0.406646279478  0.0041709790499
  88  -0.407014389682  0.00413979349477
  89  -0.407182631867  0.00409669623572
  90  -0.407464330734  0.00406085099114
  91  -0.407088539121  0.00403357667672
  92  -0.407233599734  0.00399234102698
  93  -0.407543148638  0.00396139499522
  94  -0.407699734081  0.00392234601769
  95  -0.407574169389  0.00388306747405
  96  -0.407517799106  0.00384302799493
  97  -0.407826744799  0.00381580720249
  98  -0.408451596104  0.003827689258
  99  -0.409166892966  0.00385528175448
  100  -0.409910349013  0.00388775248735
