0 3.14086605826 0
200 3.14016763982 0.000493856418158
400 3.14112578754 0.000848780757915
600 3.14132792277 0.000660216006032
800 3.14139801037 0.000531879994868
1000 3.14104151428 0.000549876046262
1200 3.1411804631 0.000488562582984
1400 3.14099514871 0.000461300745028
1600 3.14126213042 0.000481140629735
1800 3.14157651112 0.000525798165767
2000 3.14167803188 0.000487700645369
2200 3.14155101082 0.000463304979445
2400 3.14144800595 0.000438967163304
2600 3.14142732991 0.000408099012782
2800 3.14146626034 0.000382744783936
3000 3.14167329808 0.000411022747285
3200 3.1416234001 0.000389861969854
3400 3.1415574677 0.000373736544452
3600 3.14159562441 0.00035600867964
3800 3.14164732097 0.000341941114799
4000 3.14152528378 0.000346752287418
4200 3.14163787587 0.000348791737284
4400 3.14180006614 0.000369416907991
4600 3.14179699649 0.000354037290165
4800 3.14169587317 0.000354023228759
5000 3.14167380229 0.000341094239991
5200 3.14172434139 0.000332184147763
5400 3.14176703646 0.000323052539834
5600 3.14170811937 0.000317239844564
5800 3.14171046343 0.000306673842911
6000 3.14167215952 0.000299163675512
6200 3.1415783205 0.0003041762769
6400 3.14157976701 0.000294962253425
6600 3.14162663939 0.000289987217983
6800 3.1417602478 0.000310961600043
7000 3.14172125424 0.000304758803663
7200 3.14175079167 0.000297950034804
7400 3.14181935388 0.00029789334576
7600 3.141758364 0.000296432763975
7800 3.14183563449 0.000298923309962
8000 3.14182253662 0.000291919309952
8200 3.14181728559 0.000285016073899
8400 3.14181632205 0.000278389421838
8600 3.14175688245 0.000278335611942
8800 3.14178877998 0.000273972023499
9000 3.14177592761 0.000268317400607
9200 3.14186765383 0.000277845133661
9400 3.14189906632 0.000273826644969
9600 3.14186435722 0.000270429186763
9800 3.14187478759 0.000265221674445
10000 3.14184193728 0.000262047768455
10200 3.14182502771 0.000257553385786
10400 3.14177964672 0.000256660823664
10600 3.14182102887 0.000255222123244
10800 3.14188545569 0.000258585662
11000 3.14187098499 0.000254372635343
11200 3.14187127369 0.000249910121313
11400 3.14179781811 0.000256169287102
11600 3.14177286814 0.000253039536973
11800 3.14178809174 0.000249279738933
12000 3.14177020339 0.000245834182994
12200 3.14173039557 0.000245070954997
12400 3.1416500288 0.000254016814651
12600 3.14167524413 0.000251296202913
12800 3.14167760614 0.000247441207863
13000 3.14169726273 0.000244471605984
13200 3.14166879138 0.000242475005254
13400 3.14165326986 0.000239405469449
13600 3.1417118766 0.000243003466071
13800 3.14175065447 0.000242606295774
14000 3.14171210755 0.000242232246044
14200 3.1417345899 0.000239908969694
14400 3.14175440924 0.000237439790898
14600 3.14174942861 0.000234283377114
14800 3.14174641259 0.000231179011152
15000 3.14171489726 0.000230275315356
15200 3.14167490672 0.000230731057754
15400 3.14167445933 0.000227773400974
15600 3.14173549152 0.000232923539902
15800 3.141720449 0.000230497216863
16000 3.1417326754 0.000227975607902
16200 3.14172762934 0.000225251256031
16400 3.14170418974 0.000223753621928
16600 3.1417265177 0.000222201128961
16800 3.14172654029 0.000219586999112
17000 3.1417246914 0.000217041445463
17200 3.14172063207 0.000214584673754
17400 3.14174279303 0.000213287464074
17600 3.14170416162 0.000214360959845
17800 3.1417011995 0.000211999636136
18000 3.14168694575 0.000210148597675
18200 3.14168509502 0.000207872523105
18400 3.14167269597 0.000206006788311
18600 3.14165410461 0.000204652407619
18800 3.1416105361 0.000207083905551
19000 3.14159011306 0.000205931399635
19200 3.14158227823 0.000203957382447
19400 3.14156069938 0.000203014504426
19600 3.14156482101 0.00020100568737
19800 3.14156427341 0.000198996376398
