7.87741
7.40848
7.18332
6.71239
6.17547
5.38025
6.0869
5.6385
4.95594
5.40019
5.33456
4.80798
4.91819
5.30307
4.9739
4.9739
4.11805
4.11805
4.69481
4.58134
4.33646
4.26666
3.62149
3.71146
3.73869
3.66185
3.65287
3.78213
3.72497
3.72497
3.68064
3.27379
3.84692
4.02087
4.02057
4.1337
2.91242
2.91242
2.91242
2.91242
2.91242
3.13375
2.65436
2.98597
3.13375
2.45614
3.21459
3.2514
2.48829
2.48829
2.63896
2.19275
2.73635
2.72237
2.62767
2.6004
2.6004
2.3626
2.20956
2.58829
2.4808
2.22618
1.95837
2.14204
2.19194
1.92727
1.92727
1.64975
1.86512
1.6522
1.5874
1.49197
1.56632
1.51421
1.51421
1.68663
1.4356
1.4356
1.4356
1.34162
1.34021
1.32554
1.36964
1.29403
1.27084
1.22779
1.16577
1.1518
1.17021
1.14646
1.16958
1.16141
1.15782
1.12931
1.10412
1.10412
1.10215
1.10215
1.10215
1.10215
1.09789
1.07944
1.0741
1.0741
1.0741
1.0741
1.0741
1.0741
1.0741
1.0741
1.0741
1.0741
1.0741
1.0741
1.0741
1.0741
1.0741
1.0741
1.07302
1.04117
1.04117
1.04117
1.04117
1.04117
1.04117
1.04117
1.04117
1.04117
1.04117
1.04117
1.04117
1.04117
1.04117
1.04117
1.04117
1.04117
1.04117
1.04117
1.04117
1.04117
1.04117
1.04117
1.04117
1.04117
1.04117
1.04117
1.04117
1.04117
1.04117
1.04117
1.04117
1.04117
1.04117
1.04117
1.04117
1.04117
1.04117
1.04117
1.04117
1.04117
1.04117
1.04117
1.04117
1.04117
1.04117
1.04117
1.04117
1.04117
1.04117
1.04117
1.04117
1.04117
1.04117
1.04117
1.04117
1.04117
1.04117
1.04117
1.04117
1.04117
1.04117
1.04117
1.04117
1.04117
1.04117
1.04117
1.04117
1.03939
1.03939
1.0177
1.0177
1.0177
1.02555
1.0177
1.0177
1.0177
1.0177
1.0177
1.0177
1.0177
1.0177
1.0177
1.0177
1.0177
1.0177
1.0177
1.0177
1.0177
1.0177
1.0177
1.0177
1.0177
1.0177
1.00759
1.00759
1.00759
1.00759
1.01115
1.01115
1.01115
1.01115
1.01115
1.01115
1.01115
1.01115
1.01115
1.01115
1.01115
1.01115
1.01115
1.01115
1.01115
1.01115
1.01115
1.01115
1.01115
1.01115
1.01115
1.01115
1.01115
1.01115
1.01115
1.01115
1.01115
1.01115
1.01115
1.01115
1.01115
1.01115
1.01115
1.01115
1.01115
1.01115
1.01115
1.01115
1.01115
1.01115
1.01115
1.01115
1.01115
1.01115
1.01115
1.01115
1.01115
1.01115
1.01115
1.01115
1.01115
1.01115
1.01115
1.01115
0.99438
0.963356
0.963356
0.963356
0.963356
0.963356
0.963356
0.963356
0.963356
0.963356
0.963356
0.963356
0.963356
0.963356
0.963356
0.963356
0.963356
0.963356
0.963356
0.963356
0.963356
0.963356
0.963356
0.963356
0.963356
0.963356
0.963356
0.963356
0.963356
0.963356
0.963356
0.963356
0.963356
0.963356
0.963356
0.963356
0.963356
0.963356
0.963356
0.963356
0.963356
0.963356
0.963356
0.963356
0.963356
0.963356
0.963356
0.963356
0.963356
0.963356
0.963356
0.963356
0.963356
0.963356
0.963356
0.963356
0.963356
0.963356
0.963356
0.963356
0.963356
0.963356
0.963356
0.963356
0.963356
0.963356
0.963356
0.963356
0.963356
0.963356
0.963356
0.963356
0.963356
0.963356
0.963356
0.963356
0.963356
0.963356
0.963356
0.963356
0.963356
0.963356
0.963356
0.963356
0.963356
0.963356
0.963356
0.963356
0.963356
0.963356
0.963356
0.963356
0.963356
0.963356
0.963356
0.963356
0.963356
0.963356
0.963356
0.963356
0.963356
0.993838
0.963356
0.963356
0.963356
0.963356
0.963356
0.963356
0.963356
0.963356
0.963356
0.963356
0.963356
0.963356
0.963356
0.963356
0.963356
0.963356
0.963356
0.963356
0.963356
0.963356
0.963356
0.963356
0.963356
0.963356
0.963356
0.963356
0.963356
0.963356
0.963356
0.963356
0.963356
0.963356
0.963356
0.963356
0.963356
0.963356
0.963356
0.963356
0.963356
0.963356
0.963356
0.963356
0.963356
0.963356
0.963356
0.963356
0.963356
0.963356
0.963356
0.963356
0.963356
0.963356
0.963356
0.963356
0.963356
0.963356
0.963356
0.963356
0.963356
0.963356
0.963356
0.963356
0.963356
0.963356
0.963356
0.963356
0.963356
0.963356
0.963356
0.963356
0.963356
0.963356
0.963356
0.963356
0.963356
0.963356
0.963356
0.963356
0.963356
0.963356
0.963356
0.963356
0.963356
0.963356
0.963356
0.963356
0.963356
0.963356
0.963356
0.963356
0.963356
0.963356
0.963356
0.963356
0.963356
0.963356
0.963356
0.963356
0.963356
0.963356
0.963356
0.963356
0.963356
0.963356
0.963356
0.963356
0.963356
0.963356
0.963356
0.963356
0.963356
0.963356
0.963356
0.963356
0.963356
0.963356
0.963356
0.963356
0.963356
0.963356
0.963356
0.963356
0.963356
0.963356
1.03227
0.963356
0.963356
