0 10.6591 0.881025
1 9.93402 0.750838
2 9.45484 0.630962
3 9.05165 0.628185
4 8.71594 0.622223
5 8.40013 0.642596
6 8.15678 0.554652
7 7.88686 0.594442
8 7.75361 0.554729
9 7.85652 0.646647
10 7.56235 0.657367
11 7.33229 0.661219
12 7.12642 0.60815
13 7.02787 0.536022
14 6.86736 0.515099
15 6.74183 0.548512
16 6.62464 0.566739
17 6.52241 0.550612
18 6.41848 0.481411
19 6.35903 0.510466
20 6.23027 0.483291
21 6.14073 0.521539
22 6.07665 0.539162
23 5.93968 0.527858
24 5.81584 0.491984
25 5.71617 0.504245
26 5.63876 0.484002
27 5.58921 0.487536
28 5.54533 0.491923
29 5.42713 0.456433
30 5.39697 0.470296
31 5.27728 0.506983
32 5.68208 0.578188
33 6.0867 0.574696
34 5.85231 0.507525
35 5.70372 0.470037
36 5.54889 0.493827
37 5.48134 0.470672
38 5.34472 0.485823
39 5.23106 0.47192
40 5.08671 0.517908
41 5.05464 0.459287
42 4.96254 0.474118
43 4.80961 0.483361
44 4.71908 0.44643
45 4.58068 0.426166
46 4.54358 0.4208
47 5.00075 0.5416
48 4.78355 0.48723
49 4.59175 0.51178
50 4.49232 0.447001
51 4.35528 0.439044
52 4.20625 0.454404
53 4.02671 0.419012
54 4.50328 0.588242
55 4.29997 0.476201
56 4.16713 0.447842
57 4.00727 0.429024
58 3.82888 0.390124
59 3.68034 0.355289
60 3.56948 0.350022
61 3.39356 0.354697
62 3.23701 0.326282
63 3.12736 0.293135
64 3.02615 0.266869
65 2.92763 0.255303
66 2.77413 0.260802
67 2.64956 0.246606
68 2.53936 0.235309
69 2.41551 0.204824
70 2.28717 0.2142
71 2.18209 0.193992
72 2.06872 0.165783
73 1.99641 0.149011
74 1.9219 0.129289
75 2.47361 0.431976
76 2.18595 0.259774
77 2.01404 0.174159
78 1.90373 0.148458
79 1.79238 0.132397
80 1.69253 0.10856
81 2.18923 0.406666
82 1.88495 0.222636
83 1.7318 0.152715
84 1.60744 0.109984
85 1.51326 0.0825775
86 1.43091 0.064798
87 1.37955 0.0508299
88 1.32699 0.0469438
89 1.27936 0.042818
90 1.7854 0.416015
91 1.4504 0.164982
92 1.30109 0.0580866
93 1.24873 0.0386231
94 1.20709 0.0302684
95 1.17718 0.024449
96 1.15761 0.0214407
97 1.13578 0.0179235
98 1.11968 0.00696054
99 1.11383 0.00334035
100 1.11058 0.00311067
101 1.10814 0.00423793
102 1.10499 0.00384556
103 1.1016 0.00669079
104 1.09813 0.00963056
105 1.09544 0.0117573
106 1.09014 0.0137323
107 1.07895 0.00989843
108 1.0741 5.56039e-15
109 1.0741 5.56039e-15
110 1.0741 5.56039e-15
111 1.0741 5.56039e-15
112 1.0741 5.56039e-15
113 1.0741 5.56039e-15
114 1.0741 5.56039e-15
115 1.0741 5.56039e-15
116 1.0741 5.56039e-15
117 1.0741 5.56039e-15
118 1.53791 0.363794
119 1.23927 0.138876
120 1.11854 0.0489818
121 1.07445 0.00701792
122 1.07175 0.00826737
123 1.06989 0.0106924
124 1.06793 0.0122964
125 1.06292 0.0146492
126 1.05555 0.0156574
127 1.04117 6.67247e-16
128 1.04117 6.67247e-16
129 1.04117 6.67247e-16
130 1.04117 6.67247e-16
131 1.04117 6.67247e-16
132 1.04117 6.67247e-16
133 1.04117 6.67247e-16
134 1.04117 6.67247e-16
135 1.04117 6.67247e-16
136 1.04117 6.67247e-16
137 1.04117 6.67247e-16
138 1.04117 6.67247e-16
139 1.04117 6.67247e-16
140 1.04117 6.67247e-16
141 1.04117 6.67247e-16
142 1.04117 6.67247e-16
143 1.04117 6.67247e-16
144 1.04117 6.67247e-16
145 1.04117 6.67247e-16
146 1.04117 6.67247e-16
147 1.04117 6.67247e-16
148 1.04117 6.67247e-16
149 1.04117 6.67247e-16
150 1.04117 6.67247e-16
151 1.04117 6.67247e-16
152 1.04117 6.67247e-16
153 1.04117 6.67247e-16
154 1.04117 6.67247e-16
155 1.04117 6.67247e-16
156 1.04117 6.67247e-16
157 1.04117 6.67247e-16
158 1.04117 6.67247e-16
159 1.04117 6.67247e-16
160 1.04117 6.67247e-16
161 1.04117 6.67247e-16
162 1.04117 6.67247e-16
163 1.04117 6.67247e-16
164 1.04117 6.67247e-16
165 1.04117 6.67247e-16
166 1.04117 6.67247e-16
167 1.04117 6.67247e-16
168 1.04117 6.67247e-16
169 1.04117 6.67247e-16
170 1.04117 6.67247e-16
171 1.04117 6.67247e-16
172 1.04117 6.67247e-16
173 1.04117 6.67247e-16
174 1.04117 6.67247e-16
175 1.04117 6.67247e-16
176 1.04117 6.67247e-16
177 1.04117 6.67247e-16
178 1.04117 6.67247e-16
179 1.04117 6.67247e-16
180 1.04117 6.67247e-16
181 1.04117 6.67247e-16
182 1.04117 6.67247e-16
183 1.04117 6.67247e-16
184 1.04117 6.67247e-16
185 1.47111 0.327501
186 1.90781 0.470293
187 1.54157 0.26364
188 1.34036 0.172061
189 1.19972 0.105159
190 1.10455 0.0523891
191 1.0565 0.0206618
192 1.44656 0.312821
193 1.18296 0.109526
194 1.08502 0.0457215
195 1.04735 0.0113781
196 1.0399 0.004695
197 1.03873 0.0063782
198 1.03702 0.00782147
199 1.03473 0.00835562
200 1.53497 0.378101
201 1.23399 0.164672
202 1.09492 0.0609871
203 1.0409 0.0135777
204 1.03286 0.00866719
205 1.02844 0.00881088
206 1.02129 0.00528022
207 1.0177 4.44831e-15
208 1.0177 4.44831e-15
209 1.0177 4.44831e-15
210 1.0177 4.44831e-15
211 1.0177 4.44831e-15
212 1.48381 0.341737
213 1.18802 0.139229
214 1.0638 0.0495198
215 1.02 0.00629397
216 1.01755 0.00106414
217 1.01759 0.000768434
218 1.01748 0.00109853
219 1.01735 0.00137639
220 1.01708 0.00182846
221 1.01648 0.00244112
222 1.01564 0.00289372
223 1.01383 0.00295046
224 1.01155 0.000602921
225 1.01115 2.00174e-15
226 1.01115 2.00174e-15
227 1.01115 2.00174e-15
228 1.01115 2.00174e-15
229 1.01115 2.00174e-15
230 1.01115 2.00174e-15
231 1.01115 2.00174e-15
232 1.01115 2.00174e-15
233 1.01115 2.00174e-15
234 1.01115 2.00174e-15
235 1.46725 0.375943
236 1.9611 0.505889
237 1.53947 0.311152
238 1.30353 0.173734
239 1.15721 0.0964082
240 1.07297 0.0529357
241 1.02109 0.0158248
242 1.01115 2.00174e-15
243 1.01115 2.00174e-15
244 1.01115 2.00174e-15
245 1.01115 2.00174e-15
246 1.01115 2.00174e-15
247 1.01115 2.00174e-15
248 1.01115 2.00174e-15
249 1.01115 2.00174e-15
250 1.01115 2.00174e-15
251 1.01115 2.00174e-15
252 1.01115 2.00174e-15
253 1.01115 2.00174e-15
254 1.01115 2.00174e-15
255 1.01115 2.00174e-15
256 1.01115 2.00174e-15
257 1.01115 2.00174e-15
258 1.01115 2.00174e-15
259 1.01115 2.00174e-15
260 1.01115 2.00174e-15
261 1.01115 2.00174e-15
262 1.01115 2.00174e-15
263 1.01115 2.00174e-15
264 1.01115 2.00174e-15
265 1.01115 2.00174e-15
266 1.01115 2.00174e-15
267 1.01115 2.00174e-15
268 1.01115 2.00174e-15
269 1.01115 2.00174e-15
270 1.49308 0.379817
271 1.16958 0.131891
272 1.0598 0.0483404
273 1.01313 0.0102933
274 1.0086 0.0104025
275 1.00609 0.0145395
276 1.00176 0.0189112
277 0.996625 0.0217655
278 1.46013 0.370266
279 1.15331 0.132347
280 1.03914 0.0462052
281 0.998663 0.0214857
282 0.988969 0.022387
283 0.966637 0.00467614
284 0.963356 0
285 0.963356 0
286 0.963356 0
287 0.963356 0
288 0.963356 0
289 0.963356 0
290 0.963356 0
291 0.963356 0
292 0.963356 0
293 1.49084 0.41936
294 1.89836 0.465236
295 1.52036 0.297724
296 1.27922 0.178647
297 1.1321 0.117251
298 1.59045 0.398561
299 1.26217 0.142651
300 1.13023 0.0997694
301 1.0369 0.0600565
302 0.983408 0.0211543
303 0.963787 0.00182799
304 0.963356 0
305 0.963356 0
306 1.46303 0.399786
307 1.86754 0.512951
308 1.44287 0.258004
309 1.22118 0.140097
310 1.09833 0.0908964
311 1.01529 0.0493911
312 0.972406 0.0128862
313 0.963356 0
314 0.963356 0
315 0.963356 0
316 0.963356 0
317 0.963356 0
318 0.963356 0
319 0.963356 0
320 0.963356 0
321 0.963356 0
322 0.963356 0
323 0.963356 0
324 0.963356 0
325 0.963356 0
326 1.43266 0.376535
327 1.82128 0.443685
328 1.47081 0.242849
329 1.25731 0.169231
330 1.1111 0.107256
331 1.02025 0.052802
332 0.971553 0.0141581
333 0.963356 0
334 0.963356 0
335 0.963356 0
336 0.963356 0
337 0.963356 0
338 0.963356 0
339 0.963356 0
340 0.963356 0
341 0.963356 0
342 0.963356 0
343 0.963356 0
344 0.963356 0
345 0.963356 0
346 0.963356 0
347 0.963356 0
348 0.963356 0
349 0.963356 0
350 0.963356 0
351 1.42544 0.381357
352 1.11198 0.127661
353 1.00535 0.0507207
354 0.963356 0
355 1.45001 0.398626
356 1.10293 0.126409
357 0.996767 0.0403025
358 0.963356 0
359 0.963356 0
360 0.963356 0
361 0.963356 0
362 0.963356 0
363 0.963356 0
364 0.963356 0
365 0.963356 0
366 0.963356 0
367 0.963356 0
368 0.963356 0
369 0.963356 0
370 0.963356 0
371 1.46078 0.409762
372 1.84767 0.47469
373 1.48824 0.272564
374 1.30278 0.18129
375 1.13801 0.11162
376 1.04014 0.0571731
377 0.987064 0.0270732
378 0.963356 0
379 0.963356 0
380 0.963356 0
381 0.963356 0
382 0.963356 0
383 0.963356 0
384 0.963356 0
385 0.963356 0
386 0.963356 0
387 0.963356 0
388 0.963356 0
389 0.963356 0
390 0.963356 0
391 0.963356 0
392 0.963356 0
393 0.963356 0
394 0.963356 0
395 0.963356 0
396 0.963356 0
397 0.963356 0
398 0.963356 0
399 0.963356 0
400 1.43944 0.35407
401 1.90653 0.492661
402 1.53792 0.284238
403 1.30853 0.192317
404 1.16278 0.141074
405 1.02818 0.0657628
406 0.970616 0.0130355
407 0.963356 0
408 0.963356 0
409 0.963356 0
410 0.963356 0
411 0.963356 0
412 0.963356 0
413 0.963356 0
414 0.963356 0
415 0.963356 0
416 0.963356 0
417 0.963356 0
418 0.963356 0
419 0.963356 0
420 1.44249 0.385004
421 1.11024 0.132769
422 0.987146 0.035059
423 0.963356 0
424 0.963356 0
425 0.963356 0
426 0.963356 0
427 0.963356 0
428 0.963356 0
429 0.963356 0
430 0.963356 0
431 0.963356 0
432 0.963356 0
433 0.963356 0
434 0.963356 0
435 0.963356 0
436 0.963356 0
437 0.963356 0
438 0.963356 0
439 0.963356 0
440 0.963356 0
441 0.963356 0
442 0.963356 0
443 0.963356 0
444 0.963356 0
445 0.963356 0
446 0.963356 0
447 0.963356 0
448 0.963356 0
449 0.963356 0
450 0.963356 0
451 0.963356 0
452 0.963356 0
453 0.963356 0
454 0.963356 0
455 0.963356 0
456 0.963356 0
457 0.963356 0
458 0.963356 0
459 0.963356 0
460 0.963356 0
461 0.963356 0
462 0.963356 0
463 0.963356 0
464 1.47776 0.419634
465 1.1248 0.135315
466 1.00612 0.0451407
467 0.964314 0.00277919
468 0.963356 0
469 0.963356 0
470 0.963356 0
471 0.963356 0
472 1.44243 0.365235
473 1.13427 0.149223
474 1.009 0.0467854
475 0.96556 0.00487388
476 0.963356 0
477 0.963356 0
478 0.963356 0
479 0.963356 0
480 0.963356 0
481 0.963356 0
482 0.963356 0
483 0.963356 0
484 0.963356 0
485 0.963356 0
486 0.963356 0
487 0.963356 0
488 0.963356 0
489 0.963356 0
490 1.44888 0.381622
491 1.10172 0.121396
492 0.998569 0.0413975
493 0.963356 0
494 1.41498 0.365281
495 1.87645 0.467008
496 1.46829 0.29107
497 1.94753 0.491503
498 1.56396 0.27442
499 1.34962 0.182329
