0.838455 0.100446
0.938811 0.112594
0.991402 0.288445
0.983841 0.340269
0.650758 0.288902
0.623436 0.431543
0.54052 0.668559
0.750934 0.745437
0.813788 0.622566
0.855084 0.562289
0.795052 0.695225
0.939357 0.803033
0.806359 0.862188
0.699617 0.957692
0.565637 0.926828
0.162142 0.87827
0.0574649 0.952563
0.112723 0.837593
0.104518 0.816427
0.0240781 0.650427
0.0925985 0.62741
0.25386 0.344938
0.133774 0.228275
0.149358 0.0865569
0.270187 0.237277
0.381681 0.157274
0.422416 0.240219
0.518423 0.127272
0.617599 0.106758
0.637705 0.0862752
0.838455 0.100446
