  1  9.69809909414  0
  2  9.6410356723  0.0403499325389
  3  9.65779649802  0.0301809724736
  4  9.64818148774  0.0241187180515
  5  9.64315719261  0.0198113823816
  6  9.62897260745  0.0209817020072
  7  9.62647118313  0.0181328120001
  8  9.61968279055  0.0170897227962
  9  9.60874028273  0.0183629129659
  10  9.60765298191  0.0165587808899
  11  9.60317635806  0.015646862274
  12  9.60764476042  0.0149674030019
  13  9.60679380217  0.0138402334027
  14  9.6124886206  0.0139742351146
  15  9.61425374339  0.0131536257269
  16  9.61503003722  0.0123544103337
  17  9.61338685263  0.0117364465778
  18  9.61570694829  0.0113114191388
  19  9.61506685133  0.0107341770944
  20  9.61894934013  0.0108769661114
  21  9.61810551977  0.0103916950191
  22  9.61933615856  0.00999194887396
  23  9.62033703355  0.00960751343826
  24  9.61856760009  0.00936872347918
  25  9.61969406097  0.00906144224534
  26  9.62272290471  0.0092052223483
  27  9.62195279071  0.00889644394543
  28  9.61991194769  0.00880968894751
  29  9.6191516935  0.00853864757696
  30  9.61866328685  0.00826798250759
  31  9.62097241186  0.00831747752359
  32  9.61961000421  0.00816837585662
  33  9.61864889748  0.00797719175637
  34  9.6178939155  0.00777821314036
  35  9.61749307167  0.00756630000839
  36  9.6179343473  0.00736898163325
  37  9.61928094068  0.00729181895228
  38  9.61960008939  0.00710690980647
  39  9.61916712062  0.00693785752492
  40  9.61810123242  0.00684579959213
  41  9.61705767794  0.00675789907583
  42  9.61638750153  0.00663014391826
  43  9.61701208145  0.00650530667885
  44  9.61791238201  0.00641945496925
  45  9.61702970434  0.00633719413744
  46  9.61540574205  0.00640412698367
  47  9.61527478162  0.00626920784967
  48  9.6134681043  0.00639362833076
  49  9.61306772527  0.00627566978002
  50  9.61366889565  0.00617888349662
  51  9.61378777599  0.00605887242591
  52  9.61131210752  0.00642827044618
  53  9.61261124406  0.00643691986425
  54  9.61204353627  0.00634270289344
  55  9.61151335451  0.00624950048621
  56  9.61178933364  0.00614399288686
  57  9.61251066767  0.006078400075
  58  9.61300952122  0.00599403554428
  59  9.61288062587  0.00589382743716
  60  9.61243276237  0.00581258832554
  61  9.61259119793  0.00571945884875
  62  9.61282240181  0.00563188067624
  63  9.61366320931  0.00560489821035
  64  9.61594748549  0.0059646647998
  65  9.61558300957  0.00588402599407
  66  9.61562055525  0.00579499387234
  67  9.61465846169  0.00578781455079
  68  9.61447091376  0.00570573746674
  69  9.61367043364  0.00567891926026
  70  9.6133100527  0.00560921497
  71  9.61503976207  0.00579076845262
  72  9.61469912818  0.00572035099675
  73  9.61482467973  0.00564336767285
  74  9.61558509655  0.00561810362988
  75  9.61390024622  0.0057903271288
  76  9.61566200563  0.00597614732687
  77  9.61450190292  0.00601008114006
  78  9.61482046653  0.00594146553192
  79  9.61546557958  0.00590117575735
  80  9.61478115907  0.00586696648365
  81  9.61416758277  0.00582653083368
  82  9.61403765392  0.00575692407289
  83  9.61364902124  0.005700666163
  84  9.61449907118  0.00569582573687
  85  9.6132148545  0.00577177440658
  86  9.61159655567  0.00592719100044
  87  9.61217068599  0.00588680292348
  88  9.61221067154  0.00582004323317
  89  9.61374232745  0.00595278097662
  90  9.612850363  0.00595308986056
  91  9.61327490876  0.00590279016056
  92  9.61460519089  0.0059866525245
  93  9.61311739751  0.00610435313166
  94  9.61419042147  0.00613299629496
  95  9.61418255433  0.00606844348502
  96  9.61418537548  0.00600523118781
  97  9.61396695278  0.00594729250447
  98  9.61386106337  0.00588754843227
  99  9.61452193598  0.00586505217447
  100  9.61524854355  0.0058512374009
