0 1.50486263159 0
10000 1.49451010828 0.00732033943316
20000 1.51151274186 0.0147153992219
30000 1.50407739059 0.0127776664308
40000 1.49952243395 0.0110040951457
50000 1.50229563531 0.00951310809492
60000 1.51265988849 0.0125921236883
70000 1.51340361908 0.0110400499183
80000 1.50656999541 0.0117393390759
90000 1.50888751548 0.0107917373815
100000 1.50520873806 0.0104188457394
110000 1.50140209865 0.0102223816297
120000 1.50114338002 0.00943931797311
130000 1.49937261595 0.00892962922398
140000 1.49612034303 0.00890690896018
150000 1.49414516553 0.00856643372271
160000 1.49455197879 0.00807217969964
170000 1.49762560085 0.00818800939009
180000 1.49658009621 0.00782352561005
190000 1.50016426557 0.00821241578464
200000 1.50245952947 0.00813577643858
210000 1.50123464681 0.00785763360389
220000 1.49890788267 0.0078529398144
230000 1.50000421266 0.0076018767889
240000 1.50098718001 0.007361079114
250000 1.50087833328 0.0070787653876
260000 1.50297575173 0.0071205418507
270000 1.50641432899 0.00765158429034
280000 1.50627909558 0.00738893151114
290000 1.50603005197 0.00714682956375
300000 1.50617805842 0.00691781906618
310000 1.50506322144 0.0067908735454
320000 1.50433636558 0.00662387450579
330000 1.5042276062 0.00642994748169
340000 1.50421215503 0.00624625326105
350000 1.50551563527 0.00620726278794
360000 1.50601841811 0.00605982720201
370000 1.50603743643 0.00590038790884
380000 1.50694064121 0.00581781447414
390000 1.50657296954 0.00568397521431
400000 1.50669905674 0.00554673998764
410000 1.50613875697 0.00544290031342
420000 1.50687150133 0.00536541698426
430000 1.50593371014 0.00532480065998
440000 1.50603160326 0.00520737153057
450000 1.50525870824 0.00515120627397
460000 1.50524080251 0.00504163726078
470000 1.50520707163 0.00493671598746
480000 1.50497370797 0.00484147921052
490000 1.50476551767 0.00474912375201
500000 1.50484531612 0.00465667404784
510000 1.50602569797 0.00471435214203
520000 1.50657926986 0.00465778965937
530000 1.50668433508 0.00457271911384
540000 1.50782598846 0.00462990197053
550000 1.50852230729 0.00459928888654
560000 1.50792786106 0.00455685300703
570000 1.50867537753 0.00453918465945
580000 1.50966276862 0.00456837890235
590000 1.50889915742 0.00455561161741
600000 1.50843915507 0.00450409392684
610000 1.50606871773 0.00501657944388
620000 1.5060076013 0.00493732347208
630000 1.50535344243 0.00490332190355
640000 1.50552001948 0.00483071485476
650000 1.50501075516 0.0047842907663
660000 1.50444094592 0.00474669431218
670000 1.50363060226 0.00474555581993
680000 1.5038998766 0.00468441305803
690000 1.50423751776 0.00462964505954
700000 1.50364789474 0.00460183226894
710000 1.50404905465 0.00455536972191
720000 1.50320318709 0.00457082560321
730000 1.50351918809 0.00451996775076
740000 1.50314247158 0.00447537269094
750000 1.50238893054 0.00447947576851
760000 1.50216255453 0.00442701716261
770000 1.50136719981 0.00444113230327
780000 1.50141043054 0.00438512584124
790000 1.50149052487 0.00433104316791
800000 1.50154481623 0.00427791376757
810000 1.50194461167 0.00424438455634
820000 1.50183162862 0.00419475089483
830000 1.50209539766 0.00415309810036
840000 1.50145437663 0.00415341357502
850000 1.50131137148 0.00410757921779
860000 1.50131019317 0.00406036583257
870000 1.5019369233 0.00406230623865
880000 1.50121520082 0.00408027047345
890000 1.50107968893 0.00403718378416
900000 1.50071083643 0.0040096336081
910000 1.50068042092 0.00396616599245
920000 1.50032500295 0.0039394118017
930000 1.50021629356 0.00389900281281
940000 1.50036365788 0.00386074451928
950000 1.50061673546 0.00382881425254
960000 1.50105294242 0.00381410897055
970000 1.50098436349 0.00377580597681
980000 1.50139144903 0.0037595472791
990000 1.50100571057 0.00374168831745
