0 1.51455607877 0
10000 1.53034020085 0.0111610597573
20000 1.53224822211 0.00760204862989
30000 1.51565445071 0.0154603510595
40000 1.52812343251 0.0166539718034
50000 1.52845532059 0.013881616452
60000 1.52750636836 0.0119309196544
70000 1.52316986376 0.0111999515784
80000 1.5177520569 0.0111894350686
90000 1.51274238802 0.0111356142353
100000 1.50881775006 0.0107927495462
110000 1.50479050423 0.0106181730222
120000 1.50004848926 0.0108085250972
130000 1.49873821906 0.0101155949899
140000 1.4992361002 0.00945346669738
150000 1.50144444502 0.00911691340627
160000 1.50413859317 0.00896987080722
170000 1.50446080414 0.00847732982229
180000 1.50264585614 0.0082231447528
190000 1.50018296363 0.00817249634259
200000 1.5005125112 0.00778997135116
210000 1.49958673037 0.0074906908711
220000 1.50142218496 0.00738645848808
230000 1.50018018049 0.00718234951392
240000 1.49965420741 0.00691428756813
250000 1.49915462698 0.00666637717959
260000 1.499282491 0.00642070044789
270000 1.4996740708 0.00620331888085
280000 1.49801755094 0.00620664832916
290000 1.49925965888 0.00612278736073
300000 1.50097476096 0.00616081212892
310000 1.50153504386 0.00599370951532
320000 1.50212853961 0.00584139195659
330000 1.50152400538 0.00570078255174
340000 1.50011220814 0.00571004324585
350000 1.50113422124 0.00564215224855
360000 1.50156168175 0.00550583045869
370000 1.50208366451 0.00538562675058
380000 1.50059093869 0.00545047766698
390000 1.50056858165 0.0053142615777
400000 1.5010452594 0.0052059800266
410000 1.50017243355 0.00515467710825
420000 1.49999109825 0.00503798946513
430000 1.50008928602 0.00492444642563
440000 1.50077939983 0.00486313028106
450000 1.49972241349 0.004870922212
460000 1.49900496473 0.00481983325987
470000 1.49999868152 0.00482077031864
480000 1.49993374357 0.00472282460232
490000 1.49997582198 0.00462855555708
500000 1.49946152263 0.00456628321222
510000 1.49867832659 0.00454513961963
520000 1.49884432053 0.00446241238762
530000 1.49938776517 0.00441274212595
540000 1.49889388317 0.00436006093224
550000 1.49813032628 0.00434854780897
560000 1.49779808676 0.00428493064939
570000 1.49739641233 0.00422983735322
580000 1.49660694349 0.00423117817589
590000 1.49708147506 0.00418718362232
600000 1.49582178564 0.0043038571307
610000 1.49526819333 0.00426989511132
620000 1.49498927973 0.00421121859678
630000 1.49615897437 0.0043047997154
640000 1.49554188468 0.00428257329944
650000 1.49639596501 0.00430200820659
660000 1.497128376 0.00429969312367
670000 1.4960936911 0.00435917908462
680000 1.49655034349 0.00431985501408
690000 1.49700781542 0.00428229739179
700000 1.49698531486 0.00422204245618
710000 1.49642923161 0.00419986405687
720000 1.49644521679 0.00414236209318
730000 1.49720303167 0.00415512440783
740000 1.49683934252 0.00411560843816
750000 1.49621138183 0.00410908364334
760000 1.49634868572 0.00405801225821
770000 1.49792270014 0.00430042856082
780000 1.49911163593 0.00440728142221
790000 1.499081038 0.00435229661752
800000 1.49952891166 0.00432154736991
810000 1.49995017312 0.00428932856915
820000 1.49973085228 0.00424325333512
830000 1.49921214442 0.00422432363715
840000 1.49895728276 0.00418230679492
850000 1.49883312025 0.00413551795147
860000 1.4988227468 0.00408799627262
870000 1.49962620331 0.0041197410759
880000 1.49949512513 0.00407553658018
890000 1.49945297042 0.00403047084502
900000 1.49889406863 0.00402474461392
910000 1.49909132553 0.00398582834116
920000 1.49835064248 0.00401119988599
930000 1.49782686425 0.00400257866648
940000 1.49788834474 0.00396091840835
950000 1.49819378292 0.00393141782508
960000 1.49826490027 0.0038915309297
970000 1.49881064365 0.00388990038785
980000 1.4984692075 0.00386556420637
990000 1.49802808023 0.00385199642988
