0 5.16787836626 0
10000 5.13557125684 0.0228445761503
20000 5.14932553002 0.018922587391
30000 5.0872786455 0.0555767315088
40000 5.05130729434 0.0548813744173
50000 5.03319230869 0.0486323259577
60000 5.02832086338 0.0419281245395
70000 5.00984076859 0.0405557471919
80000 5.02684805556 0.0394547771554
90000 5.01676979647 0.0367739652798
100000 5.00169788254 0.0363886660544
110000 4.99566611023 0.0338524984384
120000 5.00970422282 0.0340349194211
130000 5.011522006 0.0316523598399
140000 5.00493055205 0.0302207298125
150000 5.00078073706 0.0286154355137
160000 5.01615883181 0.0307882590887
170000 5.02133169452 0.0295091577682
180000 5.02157726843 0.0279570660105
190000 5.02421605703 0.0266834560122
200000 5.0250702132 0.025426482644
210000 5.02241391414 0.0244090905657
220000 5.02523308171 0.0235100642495
230000 5.03534454461 0.0246090239876
240000 5.02995412413 0.0242078307754
250000 5.02310845622 0.0242253650633
260000 5.02015297207 0.0235077219184
270000 5.021911929 0.0227338718414
280000 5.02490849916 0.0221465548684
290000 5.01983381268 0.0219820584652
300000 5.02336847285 0.0215552688413
310000 5.02012629015 0.02112409194
320000 5.01997624794 0.0204845008019
330000 5.01506637208 0.0204619743612
340000 5.01917014031 0.0202846900258
350000 5.02099138861 0.0198028174585
360000 5.02144621708 0.0192728286878
370000 5.02230620357 0.0187848262187
380000 5.02117370289 0.0183372703638
390000 5.02287461247 0.0179575509442
400000 5.0246476199 0.0176068717358
410000 5.02224281647 0.0173511112257
420000 5.01793305279 0.0174746431295
430000 5.01983141165 0.0171802968751
440000 5.02403662657 0.0173055159017
450000 5.02282356208 0.016971771862
460000 5.02370300008 0.0166334399493
470000 5.02772342205 0.0167657532735
480000 5.02795898988 0.0164252498873
490000 5.02511971385 0.0163403015477
500000 5.02401185859 0.0160574152701
510000 5.02172588357 0.0159105054202
520000 5.01996211979 0.0157077642641
530000 5.01870188459 0.0154673515094
540000 5.01990557473 0.0152328913272
550000 5.01827720379 0.0150476587921
560000 5.01814143864 0.0147842772254
570000 5.01797524369 0.0145303099901
580000 5.01838341777 0.0142897654529
590000 5.01499811525 0.0144470345382
600000 5.01404312598 0.0142417266564
610000 5.01433763214 0.0140150661189
620000 5.01435869145 0.013792620574
630000 5.01252109175 0.0136989762527
640000 5.01172121249 0.0135115549507
650000 5.00874400113 0.0136308961542
660000 5.00763349677 0.0134726102013
670000 5.00845354457 0.0132994174055
680000 5.00739109259 0.0131490418489
690000 5.00770758135 0.0129650066721
700000 5.00672179917 0.0128198226805
710000 5.00693304642 0.0126435099523
720000 5.00557290243 0.0125432575681
730000 5.00575262542 0.0123750415789
740000 5.00634455559 0.0122241896008
750000 5.00641412144 0.0120635429431
760000 5.0059550289 0.0119156060093
770000 5.003483876 0.012016353643
780000 5.00308527073 0.0118708573068
790000 5.00233848872 0.0117459377027
800000 5.00208099914 0.0116037480727
810000 5.00206019219 0.0114622576046
820000 5.00230997198 0.0113268793267
830000 5.00115270809 0.0112509988601
840000 4.99955519648 0.0112314756397
850000 4.99859255318 0.0111420545156
860000 4.99769266837 0.0110502646393
870000 4.99709331169 0.010940935667
880000 4.996648927 0.0108270247639
890000 4.99620894727 0.0107156605271
900000 4.99442819298 0.0107448522869
910000 4.99261433156 0.0107800741891
920000 4.99203843266 0.0106795313236
930000 4.99153746605 0.0105776626947
940000 4.99185324888 0.0104710314655
950000 4.99225934374 0.0103698299584
960000 4.99457078697 0.0105173812763
970000 4.99546084178 0.0104476545293
980000 4.99577802893 0.0103469363909
990000 4.99966384438 0.010948843905
