0 4.99188843807 0
10000 5.05681734144 0.0459116678672
20000 4.99162770111 0.0614000182997
30000 4.94071324903 0.0637559004102
40000 4.94581362854 0.0512083254232
50000 4.9554328885 0.0435677058282
60000 4.94999153356 0.0376820127364
70000 4.96490556944 0.0358017030459
80000 4.96837519796 0.0319914192609
90000 4.96139566782 0.0295438266145
100000 4.96803446139 0.0275938463182
110000 4.96303907863 0.0257425516427
120000 4.96642718506 0.0239842818772
130000 4.96224671268 0.022632515881
140000 4.95811783664 0.0214970004682
150000 4.96012768672 0.0202471748519
160000 4.96207056855 0.0191491553695
170000 4.96519508723 0.0183384516865
180000 4.96010697966 0.0180653474734
190000 4.96845956017 0.0189951129104
200000 4.96480413701 0.0184389545962
210000 4.96642151519 0.0176716123262
220000 4.96925254883 0.0171285494015
230000 4.97056051211 0.0164647231863
240000 4.97104242384 0.0158131853075
250000 4.97302179608 0.0153283665412
260000 4.96835306109 0.0154553082637
270000 4.97359095661 0.0157659456411
280000 4.97449826908 0.0152483774003
290000 4.97522715309 0.0147575084759
300000 4.97553653471 0.0142847024402
310000 4.9812546273 0.0149389930511
320000 4.97891228874 0.0146687787859
330000 4.97829015135 0.0142505311635
340000 4.98262943114 0.0144889733024
350000 4.98267344578 0.0140865686755
360000 4.98094563544 0.0138114077766
370000 4.98031109653 0.0134625181288
380000 4.98144678183 0.0131651408757
390000 4.98278563167 0.0129039109997
400000 4.97939229078 0.013027716778
410000 4.98111311936 0.0128306816563
420000 4.97891082538 0.0127198935312
430000 4.97979431918 0.0124614499664
440000 4.9821224006 0.0124000912454
450000 4.98500874541 0.0124619216638
460000 4.98322236471 0.0123241455959
470000 4.98659908326 0.0125214473995
480000 4.98902617176 0.01249892114
490000 4.99115079656 0.0124282077404
500000 4.99490901208 0.0127400825426
510000 4.99536768472 0.0125033348705
520000 4.9924965086 0.0125927668175
530000 4.98953604973 0.0127027918842
540000 4.98918631119 0.0124766456763
550000 4.98912895315 0.0122539802754
560000 4.98710906322 0.0122043375084
570000 4.98536583779 0.012117776516
580000 4.98980327147 0.0126989023842
590000 4.98947732124 0.012491436489
600000 4.98765755882 0.0124185036667
610000 4.9875044417 0.0122191491323
620000 4.98632792735 0.012081701651
630000 4.98759257361 0.0119589300176
640000 4.98576411212 0.0119139078833
650000 4.98650452023 0.0117563785154
660000 4.98765329281 0.011636900891
670000 4.98722450108 0.0114736672467
680000 4.98653755878 0.0113279275808
690000 4.98620780975 0.011170898409
700000 4.98622739125 0.0110135789739
710000 4.98564797991 0.0108758429924
720000 4.98546773191 0.0107283523848
730000 4.98501300561 0.0105930071613
740000 4.98554039429 0.0104648872472
750000 4.98302325121 0.0106256069065
760000 4.98281871903 0.0104895803458
770000 4.98315389993 0.0103604522975
780000 4.98404742913 0.0102677659043
790000 4.98244783043 0.0102632619702
800000 4.98231756953 0.0101373816317
810000 4.98283128442 0.0100267629066
820000 4.98522699791 0.0101881454495
830000 4.98535461497 0.0100676572399
840000 4.98755514977 0.0101868664459
850000 4.98638407153 0.0101355043386
860000 4.98527501295 0.0100794999783
870000 4.9878007698 0.0102765454235
880000 4.98895637881 0.010225846961
890000 4.98819607927 0.0101404514745
900000 4.98921971693 0.0100805515851
910000 4.98908114047 0.0099719328259
920000 4.98819746835 0.00990378406071
930000 4.98899637139 0.00983059418058
940000 4.98911755958 0.00972786119636
950000 4.98923289802 0.0096272130401
960000 4.98991827352 0.00955232871336
970000 4.9884548472 0.00956629838559
980000 4.98908306574 0.00949027423854
990000 4.98852210875 0.00941193559094
