0 5.03685546002 0
10000 4.89683523768 0.0990092487181
20000 4.91683912992 0.067996944013
30000 4.89495577822 0.0544052114564
40000 4.8889513478 0.0438542569109
50000 4.90052609294 0.0380420593182
60000 4.90675474188 0.0331134638195
70000 4.92547208189 0.0338534402281
80000 4.90810928758 0.0342563220571
90000 4.92452420956 0.0345403551515
100000 4.94213758957 0.0356091083733
110000 4.93639506817 0.0331014796347
120000 4.94393687711 0.0314026203055
130000 4.93041805117 0.0319372092929
140000 4.94116317674 0.0315639208979
150000 4.93944507714 0.0296378990872
160000 4.9355999286 0.0281428180131
170000 4.9434947187 0.0276645213878
180000 4.9487333426 0.0266998868424
190000 4.95474604361 0.0260331080807
200000 4.95498431999 0.0247945266938
210000 4.95532624035 0.0236698602032
220000 4.948760446 0.0235337681262
230000 4.94975699357 0.0225742842119
240000 4.95638397859 0.0226231309417
250000 4.9620142705 0.0224426918119
260000 4.9666721081 0.0220895456507
270000 4.96158294986 0.0218790202602
280000 4.95918502513 0.0212555705095
290000 4.95716367092 0.020642940733
300000 4.95596538991 0.0200117880937
310000 4.95870384891 0.0195728914169
320000 4.95542288708 0.019252800032
330000 4.96615937197 0.0214725073977
340000 4.96856112274 0.020992898226
350000 4.97326554667 0.020930246757
360000 4.97494744373 0.0204320289737
370000 4.97403345351 0.0199147763664
380000 4.97677480404 0.0195919116285
390000 4.97396780733 0.0193021502138
400000 4.97118558275 0.0190308255733
410000 4.97223960813 0.0186068764682
420000 4.96773264879 0.0187120369938
430000 4.96527517624 0.0184474289277
440000 4.96830849698 0.0182851707878
450000 4.96702938211 0.0179323506568
460000 4.96478212738 0.0176910621615
470000 4.969654592 0.0179809693533
480000 4.96827986439 0.0176664847495
490000 4.97053869376 0.0174569642793
500000 4.9717678071 0.0171578861275
510000 4.97238083059 0.0168388743864
520000 4.97352807275 0.0165601947935
530000 4.97420687717 0.016267430709
540000 4.97739714001 0.0162814810562
550000 4.97904438479 0.0160738526065
560000 4.97737072049 0.015878749938
570000 4.97552085447 0.0157123631163
580000 4.97758292248 0.0155807757565
590000 4.9782112586 0.0153337605869
600000 4.97922491856 0.015115855044
610000 4.97815305196 0.0149100055753
620000 4.97930200649 0.0147175410554
630000 4.98033870408 0.0145240458599
640000 4.98002616624 0.0143039613012
650000 4.98251706047 0.0143024726802
660000 4.9802347693 0.0142699373773
670000 4.98283418232 0.0142948795538
680000 4.98218521149 0.0141024309515
690000 4.98122295116 0.0139337582443
700000 4.98039038607 0.0137623592209
710000 4.97774736735 0.0138226774651
720000 4.97759106401 0.0136342094097
730000 4.97872362028 0.0134969205333
740000 4.97689794173 0.0134398707897
750000 4.97741623099 0.0132730201617
760000 4.97925679651 0.0132276430183
770000 4.97905630654 0.0130595771656
780000 4.98167536439 0.0131542667089
790000 4.98126719776 0.0129961693782
800000 4.98086017337 0.0128420950182
810000 4.97987033071 0.0127235744501
820000 4.98341387516 0.0130543984934
830000 4.98354964064 0.0128996949473
840000 4.9834536885 0.0127482906869
850000 4.98420465225 0.0126221538853
860000 4.98436693762 0.0124781148797
870000 4.98660475209 0.0125353759965
880000 4.98581983083 0.0124190792693
890000 4.98703322135 0.0123402235309
900000 4.98689936857 0.012205342599
910000 4.98720723858 0.0120765580949
920000 4.98784054656 0.0119632967897
930000 4.98503255289 0.0121611059692
940000 4.98302088092 0.012198343538
950000 4.98411119579 0.0121199068819
960000 4.98406185114 0.0119950598381
970000 4.98435324982 0.0118762002474
980000 4.98530965569 0.0117946860648
990000 4.98519682716 0.0116772788532
