0.795  0.61  nan
0.795  0.611  -0.280907
0.795  0.612  -0.276243
0.795  0.613  -0.270761
0.795  0.614  -0.265799
0.795  0.615  -0.262335
0.795  0.616  -0.25672
0.795  0.617  -0.255199
0.795  0.618  -0.249629
0.795  0.619  -0.245867
0.796  0.61  -0.284665
0.796  0.611  -0.279362
0.796  0.612  -0.274545
0.796  0.613  -0.270303
0.796  0.614  -0.26531
0.796  0.615  -0.260917
0.796  0.616  -0.256228
0.796  0.617  -0.252715
0.796  0.618  -0.248908
0.796  0.619  -0.24271
0.797  0.61  -0.28125
0.797  0.611  -0.277044
0.797  0.612  -0.27355
0.797  0.613  -0.269428
0.797  0.614  -0.263458
0.797  0.615  -0.258132
0.797  0.616  -0.254552
0.797  0.617  -0.249565
0.797  0.618  -0.244721
0.797  0.619  -0.240472
0.798  0.61  -0.280123
0.798  0.611  -0.275618
0.798  0.612  -0.269866
0.798  0.613  -0.265737
0.798  0.614  -0.262965
0.798  0.615  -0.259289
0.798  0.616  -0.253888
0.798  0.617  -0.248524
0.798  0.618  -0.243331
0.798  0.619  -0.239019
0.799  0.61  -0.277669
0.799  0.611  -0.274107
0.799  0.612  -0.269538
0.799  0.613  -0.265909
0.799  0.614  -0.259664
0.799  0.615  -0.255796
0.799  0.616  -0.254418
0.799  0.617  -0.247689
0.799  0.618  -0.242206
0.799  0.619  -0.238255
0.8  0.61  -0.275616
0.8  0.611  -0.271992
0.8  0.612  -0.268763
0.8  0.613  -0.263409
0.8  0.614  -0.259766
0.8  0.615  -0.256229
0.8  0.616  -0.250882
0.8  0.617  -0.246788
0.8  0.618  -0.240735
0.8  0.619  -0.239266
0.801  0.61  -0.274371
0.801  0.611  -0.271036
0.801  0.612  -0.265982
0.801  0.613  -0.261824
0.801  0.614  -0.257263
0.801  0.615  -0.252014
0.801  0.616  -0.249372
0.801  0.617  -0.243397
0.801  0.618  -0.239654
0.801  0.619  -0.234535
0.802  0.61  -0.273441
0.802  0.611  -0.268999
0.802  0.612  -0.26491
0.802  0.613  -0.259807
0.802  0.614  -0.254121
0.802  0.615  -0.251338
0.802  0.616  -0.247428
0.802  0.617  -0.241594
0.802  0.618  -0.237578
0.802  0.619  -0.232555
0.803  0.61  -0.272163
0.803  0.611  -0.267219
0.803  0.612  -0.262042
0.803  0.613  -0.257024
0.803  0.614  -0.253925
0.803  0.615  -0.248374
0.803  0.616  -0.245224
0.803  0.617  -0.240848
0.803  0.618  -0.234654
0.803  0.619  -0.23216
0.804  0.61  -0.271471
0.804  0.611  -0.267996
0.804  0.612  -0.259236
0.804  0.613  -0.257158
0.804  0.614  -0.251576
0.804  0.615  -0.247268
0.804  0.616  -0.242501
0.804  0.617  -0.240522
0.804  0.618  -0.235693
0.804  0.619  -0.228785
0.805  0.61  -0.264916
0.805  0.611  -0.262452
0.805  0.612  -0.259548
0.805  0.613  -0.251785
0.805  0.614  -0.252158
0.805  0.615  -0.244668
0.805  0.616  -0.242166
0.805  0.617  -0.237725
0.805  0.618  -0.232027
0.805  0.619  -0.226837
0.806  0.61  -0.267229
0.806  0.611  -0.261742
0.806  0.612  -0.258312
0.806  0.613  -0.253576
0.806  0.614  -0.247909
0.806  0.615  -0.246452
0.806  0.616  -0.241442
0.806  0.617  -0.235151
0.806  0.618  -0.231878
0.806  0.619  -0.226128
0.807  0.61  -0.265071
0.807  0.611  -0.262638
0.807  0.612  -0.257538
0.807  0.613  -0.249232
0.807  0.614  -0.248354
0.807  0.615  -0.24349
0.807  0.616  -0.237699
0.807  0.617  -0.233257
0.807  0.618  -0.228466
0.807  0.619  -0.222893
0.808  0.61  -0.262672
0.808  0.611  -0.258969
0.808  0.612  -0.254499
0.808  0.613  -0.25002
0.808  0.614  -0.244991
0.808  0.615  -0.239516
0.808  0.616  -0.237839
0.808  0.617  -0.231173
0.808  0.618  -0.228666
0.808  0.619  -0.222955
0.809  0.61  -0.259952
0.809  0.611  -0.257812
0.809  0.612  -0.252958
0.809  0.613  -0.24929
0.809  0.614  -0.243359
0.809  0.615  -0.239582
0.809  0.616  -0.235733
0.809  0.617  -0.229683
0.809  0.618  -0.22585
0.809  0.619  -0.218824
