0.795  0.61  nan
0.795  0.611  -0.280607
0.795  0.612  -0.2763
0.795  0.613  -0.270561
0.795  0.614  -0.266874
0.795  0.615  -0.263941
0.795  0.616  -0.258222
0.795  0.617  -0.254522
0.795  0.618  -0.248933
0.795  0.619  -0.246828
0.796  0.61  -0.282808
0.796  0.611  -0.280027
0.796  0.612  -0.272822
0.796  0.613  -0.269143
0.796  0.614  -0.26581
0.796  0.615  -0.261186
0.796  0.616  -0.256481
0.796  0.617  -0.25259
0.796  0.618  -0.24774
0.796  0.619  -0.243899
0.797  0.61  -0.279809
0.797  0.611  -0.275309
0.797  0.612  -0.272081
0.797  0.613  -0.267855
0.797  0.614  -0.262615
0.797  0.615  -0.259055
0.797  0.616  -0.255268
0.797  0.617  -0.250334
0.797  0.618  -0.244376
0.797  0.619  -0.241037
0.798  0.61  -0.280459
0.798  0.611  -0.276162
0.798  0.612  -0.271676
0.798  0.613  -0.265123
0.798  0.614  -0.259301
0.798  0.615  -0.25715
0.798  0.616  -0.257264
0.798  0.617  -0.24804
0.798  0.618  -0.244421
0.798  0.619  -0.238342
0.799  0.61  -0.277345
0.799  0.611  -0.272336
0.799  0.612  -0.269532
0.799  0.613  -0.264307
0.799  0.614  -0.260194
0.799  0.615  -0.254991
0.799  0.616  -0.251996
0.799  0.617  -0.246668
0.799  0.618  -0.242621
0.799  0.619  -0.240198
0.8  0.61  -0.276714
0.8  0.611  -0.272388
0.8  0.612  -0.267954
0.8  0.613  -0.26462
0.8  0.614  -0.258105
0.8  0.615  -0.254745
0.8  0.616  -0.250479
0.8  0.617  -0.243965
0.8  0.618  -0.242243
0.8  0.619  -0.237073
0.801  0.61  -0.277072
0.801  0.611  -0.269983
0.801  0.612  -0.264942
0.801  0.613  -0.260795
0.801  0.614  -0.2582
0.801  0.615  -0.254245
0.801  0.616  -0.246618
0.801  0.617  -0.245429
0.801  0.618  -0.239928
0.801  0.619  -0.235892
0.802  0.61  -0.274058
0.802  0.611  -0.267958
0.802  0.612  -0.263716
0.802  0.613  -0.259646
0.802  0.614  -0.256141
0.802  0.615  -0.251288
0.802  0.616  -0.245938
0.802  0.617  -0.243431
0.802  0.618  -0.239594
0.802  0.619  -0.233402
0.803  0.61  -0.270541
0.803  0.611  -0.267359
0.803  0.612  -0.261607
0.803  0.613  -0.258054
0.803  0.614  -0.253442
0.803  0.615  -0.24836
0.803  0.616  -0.244583
0.803  0.617  -0.240402
0.803  0.618  -0.233181
0.803  0.619  -0.231541
0.804  0.61  -0.269584
0.804  0.611  -0.265132
0.804  0.612  -0.261741
0.804  0.613  -0.255855
0.804  0.614  -0.254449
0.804  0.615  -0.247436
0.804  0.616  -0.243195
0.804  0.617  -0.239171
0.804  0.618  -0.234277
0.804  0.619  -0.230173
0.805  0.61  -0.268237
0.805  0.611  -0.26308
0.805  0.612  -0.257531
0.805  0.613  -0.253657
0.805  0.614  -0.250888
0.805  0.615  -0.244846
0.805  0.616  -0.239265
0.805  0.617  -0.237817
0.805  0.618  -0.23192
0.805  0.619  -0.22687
0.806  0.61  -0.267379
0.806  0.611  -0.263745
0.806  0.612  -0.258402
0.806  0.613  -0.254774
0.806  0.614  -0.250662
0.806  0.615  -0.244489
0.806  0.616  -0.239034
0.806  0.617  -0.23468
0.806  0.618  -0.232629
0.806  0.619  -0.225324
0.807  0.61  -0.264784
0.807  0.611  -0.261363
0.807  0.612  -0.255517
0.807  0.613  -0.2499
0.807  0.614  -0.247397
0.807  0.615  -0.242526
0.807  0.616  -0.238564
0.807  0.617  -0.233674
0.807  0.618  -0.227756
0.807  0.619  -0.224859
0.808  0.61  -0.261686
0.808  0.611  -0.257311
0.808  0.612  -0.252361
0.808  0.613  -0.249028
0.808  0.614  -0.244159
0.808  0.615  -0.240253
0.808  0.616  -0.237882
0.808  0.617  -0.233196
0.808  0.618  -0.225828
0.808  0.619  -0.224229
0.809  0.61  -0.261179
0.809  0.611  -0.256989
0.809  0.612  -0.252181
0.809  0.613  -0.24668
0.809  0.614  -0.243991
0.809  0.615  -0.239131
0.809  0.616  -0.23358
0.809  0.617  -0.229543
0.809  0.618  -0.225239
0.809  0.619  -0.220098
