  1  2.08940604353  0
  2  2.11453782087  0.0177708501792
  3  2.15811848822  0.0375038662662
  4  2.13076049361  0.0367766725385
  5  2.1361066176  0.0298073810468
  6  2.12504943948  0.0268120178084
  7  2.10056470952  0.0322803152304
  8  2.08011710686  0.0341121240061
  9  2.11543591831  0.0450359110659
  10  2.12216231625  0.041031560384
  11  2.10708201957  0.0399767063389
  12  2.09928567118  0.0373978186923
  13  2.08772054683  0.0362652353755
  14  2.07511471108  0.0357987832185
  15  2.07929258276  0.0336551024991
  16  2.06774789678  0.0334732273392
  17  2.05852616848  0.0327498610917
  18  2.05867039702  0.0309307419499
  19  2.07428529653  0.0330097978416
  20  2.07629271294  0.0314202869127
  21  2.07374706393  0.0300270290174
  22  2.09176244237  0.0336351164801
  23  2.09036768763  0.0322016254267
  24  2.0932852972  0.0309917833469
  25  2.08842618069  0.030130627972
  26  2.08276514134  0.0294987714606
  27  2.07709640004  0.0289457775766
  28  2.07753622559  0.0279153411386
  29  2.08874312251  0.0291155294756
  30  2.10264148646  0.0312868565693
  31  2.11196116159  0.0316352300184
  32  2.11570044766  0.0308668299102
  33  2.12367373941  0.0309441415615
  34  2.12271409875  0.030048896269
  35  2.12932552224  0.0299088438821
  36  2.12623339122  0.0292374459959
  37  2.13150521535  0.0289186224606
  38  2.13122361198  0.0281589771434
  39  2.13124627281  0.0274369612066
  40  2.13213266327  0.0267653514053
  41  2.13304310827  0.026128018128
  42  2.12926798034  0.025777205971
  43  2.13792414528  0.0265914468465
  44  2.13432737005  0.0262292188454
  45  2.13492192124  0.0256530849293
  46  2.13516670525  0.0250965770181
  47  2.13288431944  0.0246661737246
  48  2.13626964672  0.0243834993477
  49  2.13554041677  0.023896778854
  50  2.1370514141  0.0234665649617
  51  2.13637399946  0.0230162117012
  52  2.13728755411  0.0225917152803
  53  2.14008190692  0.0223376037458
  54  2.13796971681  0.0220235798255
  55  2.14427722686  0.0225082648984
  56  2.14311474203  0.0221363306809
  57  2.14487399991  0.0218177694423
  58  2.14160408008  0.0216852548515
  59  2.14175037891  0.0213182016534
  60  2.14185775786  0.0209631687226
  61  2.1401893905  0.0206857927327
  62  2.13778550634  0.0204913518763
  63  2.13747837072  0.02016839395
  64  2.13423288758  0.020112698072
  65  2.13286274592  0.0198498863136
  66  2.13403198568  0.0195835366933
  67  2.13484683852  0.019308190295
  68  2.13114421264  0.0193760103496
  69  2.13265624869  0.0191541047475
  70  2.13197078879  0.018892735831
  71  2.12766115947  0.0191118567431
  72  2.12826955375  0.0188560954135
  73  2.12992383439  0.018670218286
  74  2.12986777384  0.0184180022045
  75  2.12954677823  0.0181752258402
  76  2.12866311092  0.0179575469396
  77  2.12875293338  0.0177245566858
  78  2.12931478169  0.0175062214913
  79  2.12982102557  0.0172919419671
  80  2.12991975968  0.0170760745678
  81  2.12876068425  0.0169045504364
  82  2.12411743857  0.0173243551713
  83  2.12170791217  0.0172823780104
  84  2.12097283875  0.0170922607484
  85  2.11796120817  0.0171544460077
  86  2.120265274  0.0171090090665
  87  2.11720599591  0.0171836933273
  88  2.11525991249  0.017098267653
  89  2.11707304757  0.0170020147696
  90  2.11636388157  0.0168278869016
  91  2.11703049085  0.0166561631539
  92  2.11583203125  0.0165181779658
  93  2.11862340164  0.0165747389249
  94  2.12024120229  0.0164771766057
  95  2.11916842592  0.0163386178417
  96  2.11836556228  0.016188137853
  97  2.1171465277  0.0160670834776
  98  2.11956289635  0.0160838091638
  99  2.12097176581  0.015982932652
  100  2.12434620297  0.01617539974
