  1  1.19944776891  0
  2  1.20153108248  0.0014731251524
  3  1.20316335582  0.00165550557386
  4  1.20270679532  0.00130306509253
  5  1.20127832792  0.00164897593077
  6  1.20103607741  0.00139182733423
  7  1.20106804915  0.00119336201379
  8  1.20038510697  0.00122410996412
  9  1.20033154861  0.00108926878266
  10  1.2013189382  0.0013559183746
  11  1.2012243542  0.00123594758563
  12  1.20144270128  0.00115207752453
  13  1.20153885002  0.00106746077099
  14  1.2016991407  0.00100317607097
  15  1.20180688764  0.000942066219631
  16  1.20159476319  0.000906754598641
  17  1.20187432836  0.00089547655305
  18  1.20206409171  0.000865601048442
  19  1.20181144974  0.000856118732646
  20  1.20212938813  0.000870349519509
  21  1.20150266437  0.0010301267327
  22  1.20184624307  0.00103902115349
  23  1.20108039217  0.00124449062451
  24  1.20120465978  0.00119882511587
  25  1.20122322378  0.00115101583555
  26  1.20144804032  0.00112848802938
  27  1.20136742131  0.00108956807606
  28  1.20155465264  0.00106662053796
  29  1.20173001143  0.00104415603727
  30  1.20180281683  0.00101188588745
  31  1.20164530707  0.0009914275735
  32  1.20142868064  0.000983827234217
  33  1.20150435276  0.000956920063605
  34  1.20144316014  0.000930729855992
  35  1.20153928737  0.000909088105672
  36  1.20124239174  0.000931055291084
  37  1.20139707121  0.000918650504192
  38  1.20142757353  0.000894981738001
  39  1.20130753882  0.000880046186744
  40  1.20137221336  0.000860418214101
  41  1.20111328718  0.000877527400066
  42  1.20098279512  0.000866281920931
  43  1.20107943658  0.000851509374192
  44  1.20103937388  0.000833098811295
  45  1.2010841732  0.000815789141659
  46  1.20106285713  0.000798333034315
  47  1.20116041876  0.000787285996421
  48  1.20123653264  0.000774554765897
  49  1.20122302587  0.000758865282823
  50  1.20112505318  0.00074998565445
  51  1.20129426621  0.000754127557911
  52  1.20106344498  0.00077414414154
  53  1.20117970983  0.000768218659233
  54  1.2010848161  0.000759830629583
  55  1.20111726354  0.000746708015584
  56  1.20134965216  0.000768685533565
  57  1.20119831771  0.000769952658926
  58  1.20119036798  0.000756718652257
  59  1.20123457142  0.000745182857454
  60  1.20118362606  0.000734502549911
  61  1.20107866514  0.000729922493602
  62  1.20113528082  0.000720341871685
  63  1.20106459198  0.000712367860525
  64  1.20091651718  0.000716461471471
  65  1.20064986626  0.000753427492546
  66  1.20055459841  0.000748010792174
  67  1.20063280911  0.000740923956826
  68  1.20049936061  0.000741948460048
  69  1.20032727525  0.000750886923702
  70  1.2003784006  0.000741898402373
  71  1.20045808927  0.0007357164343
  72  1.20043030843  0.000726022466873
  73  1.2003632741  0.000719164966062
  74  1.20043956872  0.000713482006343
  75  1.20031742201  0.00071434803723
  76  1.20038504524  0.000708142238836
  77  1.20024556274  0.000712550091078
  78  1.2002817374  0.00070433249029
  79  1.20031109114  0.00069602829333
  80  1.20028242217  0.000687918114853
  81  1.20045835952  0.000701562926703
  82  1.20040341766  0.000695155297159
  83  1.2003698062  0.000687592026101
  84  1.20046579638  0.000686073967364
  85  1.20035246119  0.000687299899992
  86  1.20050549549  0.00069613690611
  87  1.20055538667  0.00068992083247
  88  1.20043458948  0.000692575189264
  89  1.200384939  0.000686570851806
  90  1.20030850436  0.000683183700974
  91  1.2003576131  0.000677438910304
  92  1.20026892951  0.000675855304956
  93  1.20012092738  0.000684601394439
  94  1.20023282143  0.000686401705647
  95  1.20022329542  0.000679242523154
  96  1.2002604164  0.000673180656967
  97  1.20023655508  0.000666663405953
  98  1.20014381792  0.000666279664847
  99  1.20020556032  0.000662404143741
  100  1.20017600229  0.000656439245403
