  1  -6.32232039022  0
  2  -6.32253847901  0.00015421206464
  3  -6.32221508822  0.000283355892395
  4  -6.32246770152  0.000304997628359
  5  -6.32257740015  0.000262986889322
  6  -6.3226627557  0.000232595243824
  7  -6.32253420085  0.000232191264515
  8  -6.32244502834  0.000219624099513
  9  -6.32234491927  0.000216840246802
  10  -6.32239251473  0.000200311620935
  11  -6.32243610679  0.00018678453421
  12  -6.32246263905  0.000173093320042
  13  -6.32252508845  0.000170672448817
  14  -6.32250013899  0.000160294783179
  15  -6.32260572409  0.000181073716765
  16  -6.32261138531  0.000169845083846
  17  -6.32265849179  0.000166258394281
  18  -6.32273654678  0.000174384506292
  19  -6.32277000609  0.00016838571387
  20  -6.3227314374  0.000164324143445
  21  -6.32266808397  0.000168269204175
  22  -6.32270029579  0.000163674724541
  23  -6.32265913599  0.000161650899337
  24  -6.32263209114  0.000157161519742
  25  -6.32260291017  0.000153560254118
  26  -6.32264024598  0.000152125208372
  27  -6.32266614663  0.000148679499162
  28  -6.32271560714  0.000151373019365
  29  -6.32269874435  0.000147089509642
  30  -6.32272676825  0.000144831519187
  31  -6.32270126352  0.000142387507839
  32  -6.3227329288  0.000141415061167
  33  -6.32271474327  0.000138294114777
  34  -6.32267817904  0.00013897629912
  35  -6.32271239464  0.000139153715422
  36  -6.32272312418  0.000135701358049
  37  -6.322713049  0.00013240724217
  38  -6.32271209696  0.000128926263624
  39  -6.32269756852  0.000126436402826
  40  -6.322659789  0.00012879618605
  41  -6.32268257074  0.000127653757225
  42  -6.32271347794  0.000128301423282
  43  -6.32269960865  0.000126065069922
  44  -6.32271238271  0.000123845454204
  45  -6.32274520669  0.000125367726462
  46  -6.32274535931  0.000122642433662
  47  -6.32276713522  0.000121950921598
  48  -6.32276964446  0.000119436089889
  49  -6.32276956006  0.000116998647552
  50  -6.3227768974  0.000114888517926
  51  -6.32278412294  0.000112862785871
  52  -6.32278260521  0.000110702551704
  53  -6.3228084439  0.000111588547378
  54  -6.32280963109  0.000109528408311
  55  -6.32279006182  0.000109271205811
  56  -6.32279614627  0.000107489198152
  57  -6.32279751766  0.000105612170026
  58  -6.32280236573  0.000103902484891
  59  -6.32281056267  0.000102464246923
  60  -6.32282294324  0.000101501715459
  61  -6.32282958318  0.00010005469922
  62  -6.32282483499  9.85535133015e-05
  63  -6.32283602141  9.76219715442e-05
  64  -6.32284236575  9.63025635915e-05
  65  -6.32283951208  9.48632575411e-05
  66  -6.32283327092  9.36310164679e-05
  67  -6.32281567503  9.38723592098e-05
  68  -6.32281709679  9.25026500027e-05
  69  -6.32280778518  9.16295019963e-05
  70  -6.32281220788  9.04271818654e-05
  71  -6.32282073801  8.95549854053e-05
  72  -6.32284375375  9.12207714166e-05
  73  -6.32284651424  9.00129311302e-05
  74  -6.32287194946  9.23202755744e-05
  75  -6.32286880488  9.11428763223e-05
  76  -6.32286476422  9.0033151604e-05
  77  -6.32287298604  8.92385076481e-05
  78  -6.32285925035  8.91452651615e-05
  79  -6.32284551949  8.90680334123e-05
  80  -6.32284092586  8.80730603031e-05
  81  -6.3228450759  8.70834600835e-05
  82  -6.32282947865  8.7407095167e-05
  83  -6.32283879015  8.68485607248e-05
  84  -6.32284011474  8.5824749981e-05
  85  -6.3228426127  8.48513907349e-05
  86  -6.32283696086  8.40527672237e-05
  87  -6.32284433751  8.34097099936e-05
  88  -6.32284617932  8.24822043434e-05
  89  -6.32284999027  8.1643430263e-05
  90  -6.3228537661  8.0823545688e-05
  91  -6.32285968209  8.01515976359e-05
  92  -6.32283683977  8.24710837204e-05
  93  -6.3228286091  8.1993982589e-05
  94  -6.32283612225  8.14651959568e-05
  95  -6.32283846006  8.06412050125e-05
  96  -6.32284068878  7.98319842849e-05
  97  -6.32283125975  7.95638625002e-05
  98  -6.32283220375  7.87575859603e-05
  99  -6.32283784701  7.81639724805e-05
  100  -6.32284982593  7.82948599674e-05
