  1  -7.52176815913  0
  2  -7.52406956149  0.00162733721123
  3  -7.52537844403  0.00152286085861
  4  -7.52517449684  0.00115572164168
  5  -7.52385572807  0.00149872080922
  6  -7.52369883311  0.0012571195296
  7  -7.52360225  0.00108123484708
  8  -7.52283013531  0.001190255963
  9  -7.52267646788  0.00106787880971
  10  -7.52371145293  0.00137396157879
  11  -7.52366046099  0.00125000185668
  12  -7.52390534033  0.0011695754198
  13  -7.52406393847  0.00109030825953
  14  -7.5241992797  0.00102079456906
  15  -7.52441261173  0.000974778472302
  16  -7.5242061485  0.00093546432315
  17  -7.52453282015  0.000935738413396
  18  -7.52480063849  0.000921282324714
  19  -7.52458145583  0.000898488481537
  20  -7.52486082554  0.00089594456524
  21  -7.52417074834  0.00108702240505
  22  -7.52454653885  0.00110065378821
  23  -7.52373952816  0.00131580266598
  24  -7.52383675093  0.00126456427926
  25  -7.52382613396  0.00121402627578
  26  -7.5240882863  0.0011953019959
  27  -7.52403356794  0.00115228331565
  28  -7.52427025979  0.00113517965156
  29  -7.52442875578  0.00110704499131
  30  -7.52452958508  0.00107472543211
  31  -7.52434657059  0.00105552457739
  32  -7.52416160944  0.00103861852451
  33  -7.52421909603  0.00100873489625
  34  -7.52412133918  0.000983791644049
  35  -7.52425168201  0.000964279231258
  36  -7.52396551592  0.000979035603225
  37  -7.52411012021  0.000963195064415
  38  -7.52413967049  0.000938301009224
  39  -7.52400510734  0.000923840572321
  40  -7.52403200235  0.000901135959372
  41  -7.52379585792  0.000909571977653
  42  -7.52369627307  0.000893350412075
  43  -7.52377904523  0.000876401003333
  44  -7.52375175658  0.000856907539215
  45  -7.52382937989  0.000841373572898
  46  -7.52380821644  0.00082334896709
  47  -7.52392755398  0.000814433474704
  48  -7.5240061771  0.000801252150796
  49  -7.52399258593  0.000785015327242
  50  -7.52390195058  0.000774529581158
  51  -7.52407838915  0.000779180044812
  52  -7.52384605019  0.000798084288355
  53  -7.52398815374  0.000795576693345
  54  -7.52389444719  0.000786343012865
  55  -7.52390732535  0.000772151314684
  56  -7.52414579843  0.000794335047936
  57  -7.52399583537  0.000794429050611
  58  -7.52399273371  0.000780738052823
  59  -7.52404513409  0.000769261658703
  60  -7.52400656931  0.000757406682821
  61  -7.52390824832  0.000751344734159
  62  -7.5239601158  0.000741014388706
  63  -7.52390061339  0.000731637335182
  64  -7.52375888293  0.000733804893235
  65  -7.52348937834  0.000770418115201
  66  -7.52338786933  0.000765403229879
  67  -7.52344848413  0.000756375636401
  68  -7.52331645739  0.000756687490104
  69  -7.52313506043  0.000767155652864
  70  -7.52319060849  0.000758204676156
  71  -7.52327882728  0.000752640464642
  72  -7.52327406218  0.000742202208944
  73  -7.52320978834  0.000734812804452
  74  -7.52331151817  0.000731890926943
  75  -7.52318622689  0.000732778122597
  76  -7.52324980945  0.000725889567963
  77  -7.52311854878  0.000728233493259
  78  -7.52314098774  0.000719242787642
  79  -7.52315661063  0.000710308103064
  80  -7.52312334803  0.000702207637622
  81  -7.52330343542  0.000716258754662
  82  -7.52323289631  0.000710988849419
  83  -7.52320859635  0.000702837854299
  84  -7.52330591112  0.000701175462012
  85  -7.52319507389  0.000701631865678
  86  -7.52334245635  0.0007087836831
  87  -7.52339972418  0.000702946480814
  88  -7.5232807688  0.000704951654282
  89  -7.52323492927  0.000698519618227
  90  -7.52316227046  0.000694526931506
  91  -7.52321729519  0.000689071020465
  92  -7.52310576928  0.000690547357937
  93  -7.52294953647  0.000700572664991
  94  -7.52306894368  0.000703222160414
  95  -7.52306175549  0.000695856559066
  96  -7.52310110518  0.000689719740449
  97  -7.52306781484  0.000683412159457
  98  -7.52297602167  0.000682575372691
  99  -7.52304340733  0.000678998770757
  100  -7.52302582823  0.000672436303732
