  1  0.799631845939  0
  2  0.801020721652  0.000982083434937
  3  0.802108903877  0.00110367038259
  4  0.801804530214  0.000868710061674
  5  0.800852218613  0.00109931728714
  6  0.800690718272  0.000927884889472
  7  0.800712032767  0.000795574675833
  8  0.800256737981  0.000816073309389
  9  0.800221032405  0.000726179188421
  10  0.800879292134  0.000903945583055
  11  0.800816236132  0.000823965057084
  12  0.800961800852  0.000768051682993
  13  0.801025900011  0.000711640513971
  14  0.801132760467  0.000668784047285
  15  0.801204591759  0.000628044146401
  16  0.801063175461  0.000604503065741
  17  0.801249552237  0.000596984368688
  18  0.801376061143  0.000577067365604
  19  0.801207633159  0.000570745821732
  20  0.801419592089  0.000580233012987
  21  0.801001776247  0.000686751155109
  22  0.801230828712  0.000692680768974
  23  0.800720261444  0.000829660416324
  24  0.800803106523  0.000799216743911
  25  0.800815482523  0.000767343890348
  26  0.800965360214  0.000752325352907
  27  0.800911614204  0.000726378717361
  28  0.801036435096  0.000711080358622
  29  0.801153340953  0.000696104024837
  30  0.801201877888  0.00067459059162
  31  0.80109687138  0.000660951715652
  32  0.800952453759  0.000655884822802
  33  0.801002901841  0.000637946709063
  34  0.800962106762  0.000620486570644
  35  0.801026191578  0.000606058737104
  36  0.800828261161  0.000620703527379
  37  0.800931380804  0.000612433669455
  38  0.800951715683  0.000596654491988
  39  0.800871692547  0.00058669745782
  40  0.800914808906  0.000573612142724
  41  0.800742191453  0.000585018266707
  42  0.800655196748  0.000577521280617
  43  0.800719624387  0.000567672916116
  44  0.800692915918  0.000555399207521
  45  0.800722782133  0.000543859427765
  46  0.800708571423  0.000532222022871
  47  0.800773612505  0.000524857330941
  48  0.80082435509  0.000516369843926
  49  0.80081535058  0.000505910188546
  50  0.800750035455  0.000499990436291
  51  0.80086284414  0.000502751705261
  52  0.800708963319  0.000516096094354
  53  0.800786473222  0.000512145772819
  54  0.800723210733  0.000506553753053
  55  0.800744842358  0.000497805343718
  56  0.800899768108  0.000512457022373
  57  0.800798878473  0.000513301772615
  58  0.800793578655  0.000504479101504
  59  0.800823047611  0.00049678857164
  60  0.800789084043  0.000489668366608
  61  0.800719110094  0.000486614995738
  62  0.800756853877  0.000480227914457
  63  0.800709727987  0.000474911907015
  64  0.80061101145  0.000477640980978
  65  0.800433244175  0.000502284995031
  66  0.800369732273  0.000498673861447
  67  0.800421872738  0.000493949304546
  68  0.80033290707  0.000494632306695
  69  0.8002181835  0.000500591282464
  70  0.800252267069  0.000494598934915
  71  0.800305392848  0.000490477622868
  72  0.800286872287  0.000484014977913
  73  0.800242182735  0.000479443310708
  74  0.800293045812  0.000475654670895
  75  0.800211614671  0.00047623202482
  76  0.800256696824  0.000472094825892
  77  0.800163708493  0.000475033394056
  78  0.800187824932  0.000469554993531
  79  0.800207394094  0.000464018862224
  80  0.800188281446  0.000458612076573
  81  0.800305573013  0.000467708617805
  82  0.800268945109  0.000463436864779
  83  0.800246537467  0.00045839468407
  84  0.800310530922  0.000457382644913
  85  0.800234974125  0.000458199933333
  86  0.800336996993  0.000464091270746
  87  0.80037025778  0.000459947221652
  88  0.80028972632  0.000461716792846
  89  0.800256626001  0.000457713901208
  90  0.800205669573  0.000455455800655
  91  0.800238408733  0.000451625940207
  92  0.800179286338  0.00045057020331
  93  0.800080618251  0.000456400929632
  94  0.800155214288  0.000457601137102
  95  0.800148863616  0.000452828348776
  96  0.800173610935  0.000448787104652
  97  0.800157703388  0.000444442270645
  98  0.800095878613  0.000444186443241
  99  0.800137040215  0.000441602762503
  100  0.800117334862  0.000437626163611
