0 1.0002805324 0
100 1.00011528325 0.000116848795914
200 0.999967091622 0.000143905489103
300 1.00012363215 0.000173284154117
400 0.999947882626 0.00020958972319
500 0.999962801928 0.000175188301
600 0.99998650247 0.000151756109907
700 1.00000731003 0.000134205496821
800 1.00006108524 0.000129620482848
900 1.00001288601 0.000125299799775
1000 1.00000643056 0.000114075080329
1100 1.0000205337 0.000105437007517
1200 1.00007527215 0.000110626648382
1300 1.00009106698 0.000103846184113
1400 1.00009734699 9.71128088009e-05
1500 1.00009056596 9.12796981686e-05
1600 1.00003654951 0.000100631621331
1700 1.00003663618 9.50410129486e-05
1800 0.999990828839 0.000100473231537
1900 1.00002594786 0.000101401671316
2000 1.00002403591 9.65910437029e-05
2100 0.999999410691 9.52878680012e-05
2200 0.999984376172 9.23233719346e-05
2300 0.999965974237 9.02918826942e-05
2400 0.999975530203 8.71844147293e-05
2500 0.99998241757 8.41027710696e-05
2600 0.999978222554 8.10924090575e-05
2700 0.999971868516 7.84447935879e-05
2800 0.999981092277 7.62801511832e-05
2900 0.999986019216 7.3896423807e-05
3000 0.999979516506 7.17982096828e-05
3100 0.999976426977 6.96209562442e-05
3200 1.00000456677 7.29768359079e-05
3300 0.999985686423 7.32320753002e-05
3400 1.00000256325 7.3058542572e-05
3500 0.999984564446 7.32126815301e-05
3600 0.999988619186 7.1346153884e-05
3700 0.999991686836 6.95345416408e-05
3800 1.00001222927 7.07209399679e-05
3900 0.999999384202 7.01097399389e-05
4000 0.999999145449 6.84001528127e-05
4100 0.999968369429 7.33693088437e-05
4200 0.99996369221 7.18119750711e-05
4300 0.999965672997 7.02071974175e-05
4400 0.999980943696 7.0288177501e-05
4500 0.999978390407 6.88065334397e-05
4600 0.999960850716 6.95421903449e-05
4700 0.99995979677 6.81013807662e-05
4800 0.999964719161 6.68892161262e-05
4900 0.999971842425 6.59296312596e-05
5000 0.99997625715 6.4784532401e-05
5100 0.999963807232 6.47238984651e-05
5200 0.999972052448 6.40257203748e-05
5300 0.999989476019 6.51677216871e-05
5400 1.00000177758 6.51335752046e-05
5500 1.00000342633 6.39913399493e-05
5600 0.999998776531 6.3037392521e-05
5700 0.999994558127 6.20915263482e-05
5800 0.999997051168 6.10891561933e-05
5900 0.999979084349 6.26574171708e-05
6000 0.999992641345 6.307984162e-05
6100 1.00000372631 6.30288746695e-05
6200 1.00000575891 6.20611822698e-05
6300 1.00001369489 6.15967863654e-05
6400 1.00001238005 6.06631749986e-05
6500 1.00000963309 5.98061977445e-05
6600 0.99999808294 6.00185254057e-05
6700 1.00000240051 5.92909938653e-05
6800 1.00000919529 5.88197583273e-05
6900 1.00001115367 5.80120684478e-05
7000 1.00001030956 5.72011378841e-05
7100 1.00001440265 5.65529308918e-05
7200 1.00002342174 5.64928409709e-05
7300 1.00002237604 5.57391015893e-05
7400 1.00002369376 5.50114874028e-05
7500 1.00003338339 5.51344064006e-05
7600 1.00002129638 5.57275330834e-05
7700 1.00001176362 5.5822462404e-05
7800 1.00001341724 5.51403361036e-05
7900 1.00001571819 5.44990690228e-05
8000 1.00001332339 5.38788317373e-05
8100 1.00000603924 5.37119061038e-05
8200 1.00000705569 5.30743915559e-05
8300 1.00000737499 5.24435140235e-05
8400 1.00001037036 5.19120028034e-05
8500 1.00001895202 5.20128622807e-05
8600 1.00001562618 5.15212345761e-05
8700 1.00000904492 5.13543877609e-05
8800 1.00000989492 5.0784406294e-05
8900 1.00000489745 5.04654260188e-05
9000 1.00000716941 4.99619765512e-05
9100 1.00000761992 4.9420942774e-05
9200 1.00000357024 4.90551747068e-05
9300 1.00000460107 4.85441406352e-05
9400 1.00000587559 4.80498778693e-05
9500 1.00000836911 4.76140142693e-05
9600 1.00000339611 4.73821368071e-05
9700 1.00000293332 4.69009055933e-05
9800 1.00000414611 4.64428370072e-05
9900 1.00000937638 4.62719810142e-05
