0 0.999913574166 0
100 0.999971868758 4.12205019537e-05
200 1.00001128876 4.23217007969e-05
300 0.999972203272 4.64032848429e-05
400 1.00001521264 5.34596477163e-05
500 1.00001124898 4.46964033136e-05
600 1.00000412025 3.88755339889e-05
700 1.00000113683 3.41303782291e-05
800 0.999986723654 3.32424220666e-05
900 1.00000226773 3.33549690462e-05
1000 1.00000499445 3.04339477782e-05
1100 1.00000123668 2.81288208525e-05
1200 0.999987036734 2.93310809309e-05
1300 0.999982446877 2.75927874264e-05
1400 0.999978920167 2.59776697408e-05
1500 0.999982244327 2.45658281333e-05
1600 0.999996430266 2.69067577587e-05
1700 0.999994377953 2.54900878603e-05
1800 1.00000583454 2.65987871417e-05
1900 0.999996242688 2.69428669818e-05
2000 0.999996843089 2.56665620408e-05
2100 1.00000465829 2.56621543736e-05
2200 1.00000714969 2.46670512003e-05
2300 1.00001234634 2.41804559565e-05
2400 1.00000962405 2.33659767635e-05
2500 1.0000073566 2.25770343026e-05
2600 1.00000691713 2.17451245554e-05
2700 1.0000086317 2.10359998079e-05
2800 1.00000807412 2.03180092805e-05
2900 1.00000609095 1.97372891703e-05
3000 1.00000670331 1.91100991067e-05
3100 1.00000722032 1.85199014607e-05
3200 0.999999430748 1.95282717277e-05
3300 1.00000402201 1.94861593678e-05
3400 0.999999116446 1.95371342518e-05
3500 1.00000513093 1.98986895739e-05
3600 1.00000377917 1.94067470953e-05
3700 1.00000284439 1.8918542655e-05
3800 0.999996757395 1.93879771529e-05
3900 1.00000112179 1.9388286153e-05
4000 1.00000074389 1.89190836886e-05
4100 1.00000928839 2.03066605634e-05
4200 1.00001037956 1.98637078812e-05
4300 1.00000980814 1.94204775607e-05
4400 1.00000554788 1.94505832422e-05
4500 1.00000660341 1.90563630588e-05
4600 1.00001029985 1.90060341697e-05
4700 1.00001040752 1.8610380238e-05
4800 1.00000840015 1.83385174618e-05
4900 1.00000612474 1.8112361615e-05
5000 1.00000441974 1.78372869912e-05
5100 1.00000744794 1.77494476951e-05
5200 1.00000539332 1.75330669972e-05
5300 1.00000060943 1.78490956616e-05
5400 0.999996995574 1.78866686251e-05
5500 0.999996201663 1.75848741853e-05
5600 0.999997518303 1.7325588211e-05
5700 0.999998377989 1.70481863859e-05
5800 0.999997460963 1.67838794068e-05
5900 1.00000202094 1.71123856443e-05
6000 0.999998106151 1.72738435081e-05
6100 0.999994951249 1.72809379724e-05
6200 0.99999403742 1.70307822799e-05
6300 0.999992126952 1.68714916689e-05
6400 0.999992492497 1.66158898456e-05
6500 0.999993586531 1.64001114649e-05
6600 0.99999610571 1.63476710705e-05
6700 0.999995435245 1.61210071086e-05
6800 0.999992861379 1.60915280256e-05
6900 0.999992448772 1.58669379846e-05
7000 0.999992862097 1.56488424275e-05
7100 0.999991986314 1.54559843759e-05
7200 0.999989489375 1.54446341199e-05
7300 0.999989716964 1.52375994941e-05
7400 0.999989322305 1.5039541523e-05
7500 0.999986707201 1.50672970211e-05
7600 0.999989884601 1.52029527832e-05
7700 0.999991946389 1.51472050893e-05
7800 0.999991752296 1.49567119767e-05
7900 0.999991300235 1.47765831503e-05
8000 0.999991591492 1.45970264266e-05
8100 0.999993920623 1.46036520658e-05
8200 0.999993748857 1.44287146234e-05
8300 0.999993727104 1.42569606835e-05
8400 0.999993452822 1.40918698172e-05
8500 0.999991468774 1.40669883724e-05
8600 0.999992306451 1.39302179441e-05
8700 0.999994120605 1.38895477395e-05
8800 0.99999392896 1.37348074659e-05
8900 0.999995192079 1.36401562017e-05
9000 0.999994680228 1.34998646741e-05
9100 0.999994857923 1.33542964573e-05
9200 0.999995602125 1.32314219032e-05
9300 0.999994992452 1.31047008066e-05
9400 0.999994692886 1.29701799967e-05
9500 0.999994000712 1.28535301675e-05
9600 0.999995237312 1.27803659786e-05
9700 0.999995295067 1.26500845319e-05
9800 0.99999502253 1.25252413755e-05
9900 0.999993489331 1.24934749215e-05
