0 4.85746046427 0
1000 4.9000011536 0.0300808099026
2000 5.06061396464 0.132664267535
3000 5.19698519427 0.154427090026
4000 5.21576932586 0.124678865913
5000 5.20229938478 0.104624151333
6000 5.25731257002 0.103132032738
7000 5.2786180476 0.0924150202247
8000 5.3100331076 0.0873231216292
9000 5.34419923511 0.0850123942422
10000 5.3492697811 0.0774350629313
11000 5.35394290306 0.0711230101555
12000 5.36229278297 0.0661403334924
13000 5.35330419985 0.0620237985014
14000 5.35468358542 0.0579042150738
15000 5.38090842372 0.0599303043196
16000 5.37840667643 0.0564571849704
17000 5.39114482492 0.0547388372965
18000 5.37756650678 0.0535154480361
19000 5.37970382019 0.050882338014
20000 5.38105117815 0.0484772051904
21000 5.38298759648 0.0463123547575
22000 5.40582766912 0.0496121864983
23000 5.40164315057 0.0477211564811
24000 5.39983970665 0.0458463747906
25000 5.38607156101 0.0461040836425
26000 5.39732631624 0.0457496391556
27000 5.40422914279 0.0446334439775
28000 5.39183392405 0.0447824441584
29000 5.38237107654 0.0442781934478
30000 5.36993251175 0.0445627410835
31000 5.38254269589 0.0449189246345
32000 5.37744517988 0.0438460307611
33000 5.37695106173 0.0425592257357
34000 5.3842889476 0.0419710649866
35000 5.38221314691 0.0408565021935
36000 5.37857924837 0.039913550107
37000 5.37901355122 0.0388655562972
38000 5.38326914111 0.0381012744756
39000 5.38483961836 0.0371810948819
40000 5.39681220017 0.0381532037944
41000 5.39202487941 0.0375439403421
42000 5.39233772916 0.0366721288994
43000 5.39042175245 0.0358886877042
44000 5.39076245636 0.0350927784844
45000 5.39697401227 0.0348752941362
46000 5.39763963577 0.0341396179948
47000 5.40376573439 0.0339735713049
48000 5.3917746803 0.035333056743
49000 5.38971786504 0.0346862098256
50000 5.39076100276 0.0340217698798
51000 5.39499024148 0.033629345587
52000 5.38959424418 0.0334249337462
53000 5.40583242687 0.0365380106846
54000 5.40886364974 0.0359991999841
55000 5.40388374621 0.0356991397845
56000 5.41708756162 0.0374350928051
57000 5.41543298924 0.0368262067699
58000 5.41773904015 0.0362741641773
59000 5.41774570015 0.0356695953857
60000 5.41779441241 0.0350848811824
61000 5.41129201195 0.0351163828115
62000 5.40687487014 0.03483567903
63000 5.4022538608 0.0345965061497
64000 5.40770899543 0.0344916504297
65000 5.40849951836 0.0339781075564
66000 5.41200801093 0.0336516231
67000 5.404710439 0.0339387864456
68000 5.39992630653 0.0337824313846
69000 5.39086075488 0.0344947608505
70000 5.39472173217 0.0342243154421
71000 5.39650361307 0.0337953324971
72000 5.39405747917 0.0334207920799
73000 5.39863993726 0.0332818366055
74000 5.40277516777 0.0330939805388
75000 5.40650287778 0.0328678077715
76000 5.40879525619 0.0325207962953
77000 5.40886043606 0.0321039283279
78000 5.41196382867 0.0318471941825
79000 5.40950506236 0.031543876127
80000 5.40958048363 0.0311545357234
81000 5.4102767646 0.0307823820615
82000 5.41702199929 0.031141771944
83000 5.4237459703 0.0314885731954
84000 5.42100096795 0.0312375374347
85000 5.41557857652 0.0313414019313
86000 5.41509137362 0.0309849424914
87000 5.41693813832 0.0306878269613
88000 5.41962428611 0.0304603541645
89000 5.41396102581 0.0306438470825
90000 5.41011571932 0.0305474106305
91000 5.41449392131 0.0305275137704
92000 5.41290642991 0.0302405091183
93000 5.41753307907 0.0302706598531
94000 5.41786463281 0.029953837023
95000 5.41737883506 0.0296457570117
96000 5.41707011553 0.02934173805
97000 5.41424823297 0.0291777114653
98000 5.41735554582 0.029047974252
99000 5.41589526532 0.0287941762411
100000 5.41665106513 0.0285190029137
101000 5.41831145285 0.0282876977697
102000 5.41394172345 0.0283485568889
103000 5.41958881339 0.028632906666
104000 5.41832600302 0.0283880458143
105000 5.42209958705 0.028369934104
106000 5.42213041886 0.0281048112866
107000 5.42352854711 0.0278793361614
108000 5.42111286061 0.0277280220323
109000 5.42052525673 0.0274821745615
110000 5.42040257685 0.0272348612222
111000 5.42230181504 0.0270578339969
112000 5.42022803672 0.0268977364529
113000 5.41801973952 0.0267522881263
114000 5.41832762637 0.0265214311794
115000 5.41787824187 0.0262966051073
116000 5.4203189006 0.0261848648984
117000 5.42151582377 0.0259903008429
118000 5.41579527491 0.0263939434602
119000 5.42054141148 0.0265972941391
120000 5.41814109768 0.0264855703397
121000 5.41928396117 0.0262931214591
122000 5.41632281385 0.0262455696794
123000 5.41569507319 0.0260414179176
124000 5.41473619418 0.0258507341349
125000 5.41777143075 0.0258231443419
126000 5.41674857605 0.0256400621306
127000 5.41779943609 0.0254612748305
128000 5.4180043008 0.0252647247776
129000 5.42203753673 0.0253902708103
130000 5.42434253649 0.0253008627773
131000 5.42498175811 0.0251172631844
132000 5.42551956768 0.0249341686924
133000 5.42778745208 0.0248510163657
134000 5.42982199941 0.0247500786124
135000 5.42768835995 0.024659888981
136000 5.42668641396 0.0245002361673
137000 5.42819167964 0.0243688952277
138000 5.43053132395 0.0243056339266
139000 5.43181754565 0.0241660308596
140000 5.43599207039 0.0243525325071
141000 5.43471948289 0.0242142636992
142000 5.43721613615 0.0241733013876
143000 5.43771761736 0.0240106323525
144000 5.43833162153 0.0238528912045
145000 5.43840203664 0.0236896191719
146000 5.4364159662 0.0236115717812
147000 5.43793159953 0.0235006282504
148000 5.43934503783 0.0233853726972
149000 5.43790423963 0.023273812461
150000 5.43636459609 0.0231705516717
151000 5.43580801238 0.0230247977566
152000 5.43460764605 0.0229055772392
153000 5.43486087252 0.0227582394204
154000 5.43938250843 0.0230562191731
155000 5.43952490862 0.0229088626393
156000 5.44355334741 0.023114425778
157000 5.44552351975 0.0230519434558
158000 5.4447142962 0.022921161913
159000 5.44412797201 0.0227854025145
160000 5.44309107251 0.0226674591848
161000 5.44264218043 0.0225319809468
162000 5.44096833835 0.0224558345484
163000 5.43759257053 0.0225712208034
164000 5.43673816837 0.0224505908042
165000 5.43703330464 0.022317286133
166000 5.43861244743 0.022239448581
167000 5.43897895241 0.0221100906964
168000 5.43757053459 0.0220240743427
169000 5.43335646807 0.0222940338191
170000 5.4331482841 0.0221646313527
171000 5.4324821687 0.0220457743536
172000 5.43365338341 0.0219494313493
173000 5.43133869578 0.0219449940439
174000 5.43057108054 0.0218330151795
175000 5.42833591843 0.0218230767695
176000 5.42858355842 0.0217011875672
177000 5.42769588541 0.0215974179971
178000 5.42884006163 0.0215070484473
179000 5.42814414322 0.0213988210389
180000 5.42927626559 0.0213105224016
181000 5.43181760715 0.0213444249137
182000 5.4322756987 0.0212327038966
183000 5.43200623392 0.0211190185898
184000 5.4313839869 0.0210140266209
185000 5.43156557128 0.0209018325131
186000 5.43213140855 0.020797715539
187000 5.43555303875 0.0209666627417
188000 5.43672902319 0.0208886814668
189000 5.43939998852 0.0209488087316
190000 5.43965481991 0.020840678993
191000 5.44001803869 0.0207352987014
192000 5.43930933137 0.0206399697447
193000 5.44208307208 0.0207191170454
194000 5.44316244986 0.0206409615084
195000 5.44335095754 0.0205365112541
196000 5.4410858191 0.0205568056956
197000 5.44150333585 0.0204572229694
198000 5.43700216925 0.0208437333247
199000 5.43477048336 0.0208586430063
200000 5.4344158834 0.0207578825695
201000 5.43478641456 0.0206584275268
202000 5.43479224966 0.0205566626981
203000 5.43454916205 0.0204573319786
204000 5.43601091819 0.0204096973883
205000 5.43785289352 0.0203935709452
206000 5.4381246492 0.0202968618458
207000 5.43739145087 0.0202125193696
208000 5.43719138705 0.0201167988436
209000 5.43696971006 0.0200222259105
210000 5.43670127556 0.0199291331907
211000 5.43777557655 0.0198640624064
212000 5.43640396044 0.0198181024561
213000 5.43699135263 0.0197341974905
214000 5.43714866491 0.0196430375274
215000 5.43725015694 0.0195523597326
216000 5.43863832178 0.0195114724454
217000 5.43891276452 0.0194239002985
218000 5.43872095028 0.0193361537654
219000 5.43954912733 0.0192659896108
220000 5.4391326392 0.0191833144358
221000 5.43806858762 0.0191263905142
222000 5.43646022049 0.0191081272955
223000 5.43640400633 0.0190229058438
224000 5.43790020587 0.0189971084074
225000 5.43864923075 0.0189278110579
226000 5.43896789116 0.0188471108537
227000 5.43759410725 0.0188144496776
228000 5.43764798043 0.0187323676387
229000 5.43738531074 0.0186527640794
230000 5.43585123477 0.0186349935963
231000 5.43704276148 0.0185927246008
232000 5.43692454323 0.0185133033297
233000 5.4382016063 0.018478180589
234000 5.43751563846 0.0184122782662
235000 5.43623655262 0.0183786349587
236000 5.4350212257 0.0183412270165
237000 5.43347403147 0.0183293044987
238000 5.43626819 0.0184643583981
239000 5.43770994739 0.0184436262393
240000 5.4368985574 0.0183849357365
241000 5.44074342987 0.0187066874161
242000 5.4405356845 0.0186308586761
243000 5.44285518435 0.0186983314878
244000 5.44443760223 0.0186888509011
245000 5.44543113422 0.0186392702029
246000 5.44685190788 0.0186178778827
247000 5.44642934904 0.0185476004572
248000 5.44665724694 0.0184745121614
249000 5.44494228385 0.0184800414969
250000 5.44453487695 0.0184109060871
251000 5.44277120076 0.018422129097
252000 5.44291262206 0.0183498571744
253000 5.44204487894 0.0182981194138
254000 5.44235375128 0.0182289687797
255000 5.4434316965 0.0181896053587
256000 5.44439306479 0.018144216314
257000 5.44693669301 0.0182513140002
258000 5.44773271718 0.018198196474
259000 5.44740989696 0.0181310664599
260000 5.44724922681 0.0180623106551
261000 5.44957053153 0.0181419203037
262000 5.45066180925 0.0181057312867
263000 5.45057541863 0.0180373550743
264000 5.45009449881 0.0179756996872
265000 5.44968955613 0.017912682406
266000 5.44829855869 0.0178995207186
267000 5.4471995587 0.0178664379677
268000 5.44780712667 0.0178103474969
269000 5.44864308698 0.0177639910548
270000 5.44967175473 0.0177282000259
271000 5.44936141103 0.0176657389955
272000 5.44819003415 0.0176398223102
273000 5.4487657226 0.0175848348935
274000 5.44940679789 0.0175325717116
275000 5.45115873917 0.0175563610179
276000 5.45201270564 0.0175137374126
277000 5.45141660069 0.0174608800498
278000 5.45176810042 0.0174018338584
279000 5.45270690533 0.0173649896009
280000 5.45322715345 0.0173109839432
281000 5.45152620609 0.0173329621046
282000 5.45182967116 0.0172743712139
283000 5.4521950488 0.0172174096592
284000 5.45353867804 0.0172093455689
285000 5.45190059882 0.0172269572771
286000 5.45177464914 0.017167393451
287000 5.45025689485 0.017174745069
288000 5.45117484887 0.0171398306867
289000 5.45247734509 0.0171301462151
290000 5.4526961138 0.0170726766212
291000 5.45179369926 0.0170380414285
292000 5.45055014021 0.0170252125831
293000 5.45123811911 0.0169811984203
294000 5.45078796379 0.0169296005777
295000 5.45263982165 0.0169733872691
296000 5.45375526833 0.0169528503173
297000 5.45188033486 0.0169993263375
298000 5.45232447978 0.0169482735433
299000 5.4515911288 0.0169076378847
300000 5.45178897134 0.0168526238051
301000 5.45157038101 0.01679823799
302000 5.45285495562 0.0167918426491
303000 5.45334978049 0.0167438955288
304000 5.45415068592 0.0167081412585
305000 5.45317917413 0.0166817603468
306000 5.45267209395 0.0166351275098
307000 5.45385934894 0.0166234307724
308000 5.45525692931 0.0166282788094
309000 5.45452178756 0.0165908816726
310000 5.45494629611 0.0165429648148
311000 5.45491912738 0.0164899648014
312000 5.45653239286 0.0165160081104
313000 5.45772443859 0.0165063713556
314000 5.45786954629 0.0164546079861
315000 5.45812013989 0.0164044445244
316000 5.45903379752 0.0163781191421
317000 5.46086848816 0.0164290560375
318000 5.45998108835 0.0164015028125
319000 5.45955716233 0.0163557257599
320000 5.45831266386 0.0163520514115
321000 5.45901520886 0.0163163536376
322000 5.45894777603 0.0162659779547
323000 5.45955919061 0.0162272613454
324000 5.46025224724 0.0161921245635
325000 5.46157516845 0.0161964076466
326000 5.46243465399 0.0161696661815
327000 5.46156702869 0.0161436289775
328000 5.46290890407 0.0161502329516
329000 5.464493033 0.0161787975928
330000 5.46465855721 0.0161307657616
331000 5.46408495903 0.016092374251
332000 5.46317819874 0.0160695751994
333000 5.46221691897 0.016050188758
334000 5.46235521643 0.0160028735601
335000 5.46247579339 0.0159557002098
336000 5.46129584168 0.0159519239911
337000 5.46141978139 0.015905210422
338000 5.46125564139 0.0158591393278
339000 5.46180747576 0.015822092698
340000 5.46107149525 0.0157928017584
341000 5.46074038959 0.0157500945085
342000 5.45935621319 0.0157648817974
343000 5.45894243243 0.0157244829657
344000 5.45861638955 0.0156822845951
345000 5.45905957837 0.0156432211831
346000 5.45963510127 0.0156087231689
347000 5.45980899033 0.015564839092
348000 5.45987626074 0.0155203860681
349000 5.46050027021 0.0154885814266
350000 5.46020131405 0.0154473393277
351000 5.45969843438 0.0154116381531
352000 5.45866465209 0.015402612136
353000 5.45900207433 0.0153627974116
354000 5.45952696907 0.0153284862407
355000 5.45899006396 0.0152948287914
356000 5.45856094592 0.0152580047028
357000 5.45881010965 0.0152174188681
358000 5.45811237855 0.0151910178639
359000 5.45854923653 0.0151551007948
360000 5.45995973269 0.0151786159329
361000 5.45974142871 0.0151382558341
362000 5.45883437661 0.0151237025531
363000 5.45870588705 0.0150826997275
364000 5.4595230906 0.0150634996578
365000 5.45898284841 0.0150320271428
366000 5.45914041625 0.0149918937422
367000 5.45962000182 0.0149588238233
368000 5.45944430091 0.0149193168292
369000 5.45977822957 0.0148827309281
370000 5.46005238177 0.0148451405908
371000 5.45985510886 0.014806544993
372000 5.46029132355 0.0147732734113
373000 5.46061813078 0.0147373869729
374000 5.4595542188 0.0147364398619
375000 5.45975040913 0.0146985531129
376000 5.46032992556 0.0146709846898
377000 5.46051248946 0.0146333084181
378000 5.46084447425 0.0145984634773
379000 5.46031256718 0.0145697334825
380000 5.46017411715 0.0145321505133
381000 5.46196143968 0.0146036068382
382000 5.46075200282 0.0146154728905
383000 5.46138976794 0.0145913199825
384000 5.46098302709 0.0145590884057
385000 5.4604741671 0.0145302605141
386000 5.46106298778 0.0145046403262
387000 5.46226210843 0.014516739175
388000 5.46327692444 0.0145148489101
389000 5.46366518878 0.0144828233482
390000 5.46274704069 0.014474856922
391000 5.46159112763 0.0144840113832
392000 5.46355770921 0.0145800524726
393000 5.46290151199 0.014557806346
394000 5.46393318149 0.0145574609542
395000 5.46432869945 0.0145260716949
396000 5.4638818741 0.0144963526908
397000 5.46420550564 0.0144635417853
398000 5.46443113316 0.0144290520653
399000 5.46461178895 0.0143941103214
400000 5.4652546903 0.0143725649489
401000 5.46600094107 0.0143561726037
402000 5.46708887855 0.0143617131491
403000 5.46802122351 0.0143563958068
404000 5.46719642431 0.0143446214026
405000 5.4671421082 0.0143093926568
406000 5.46782968564 0.0142907442116
407000 5.46870770264 0.0142826648969
408000 5.46822572098 0.0142558740932
409000 5.46845733662 0.0142229850775
410000 5.4680172145 0.0141951873047
411000 5.4680410689 0.0141607530097
412000 5.46765431507 0.0141317459317
413000 5.46721214123 0.0141045272604
414000 5.46752166332 0.0140739362497
415000 5.46731653983 0.0140415993999
416000 5.46729177883 0.0140079483314
417000 5.46757567866 0.0139773131036
418000 5.46831767069 0.0139636349647
419000 5.46811990434 0.0139317886225
420000 5.46656935323 0.0139847153027
421000 5.4672506243 0.013968160508
422000 5.46739524637 0.0139358875183
423000 5.46763704508 0.0139051174005
424000 5.4672895721 0.0138767402743
425000 5.46854808471 0.0139011172862
426000 5.46903679131 0.0138771497829
427000 5.47004070832 0.013880992307
428000 5.4701418967 0.0138490044936
429000 5.47097758884 0.0138419886777
430000 5.47015669432 0.013834192718
431000 5.47036727966 0.0138037718052
432000 5.47029544204 0.013772079352
433000 5.47053104265 0.0137423615265
434000 5.47135956351 0.0137357227611
435000 5.4708878278 0.0137123169947
436000 5.47245698079 0.0137704281075
437000 5.47191562562 0.0137496257715
438000 5.4724973516 0.0137306059006
439000 5.47307900656 0.0137117144563
440000 5.4734633751 0.013686008407
441000 5.47389521373 0.0136618558536
442000 5.47352041273 0.0136361566487
443000 5.47441245278 0.0136345907749
444000 5.47449714798 0.0136042142969
445000 5.47487309692 0.0135789052064
446000 5.47478943042 0.0135487850958
447000 5.47373410634 0.0135595799386
448000 5.4742956687 0.0135410038301
449000 5.47413518212 0.0135118637121
450000 5.47398819805 0.0134827033592
451000 5.47369147392 0.0134561390904
452000 5.47447702706 0.0134493448637
453000 5.47365806734 0.0134446317496
454000 5.47360748295 0.013415178268
455000 5.4728780474 0.0134055754763
456000 5.47295979951 0.0133764908879
457000 5.47252882741 0.0133542254346
458000 5.47247305049 0.0133252477435
459000 5.47214121619 0.0133004109526
460000 5.47248262048 0.0132759407153
461000 5.47270496329 0.0132490666587
462000 5.47275400198 0.013220541717
463000 5.47215890183 0.0132054360874
464000 5.47192835308 0.0131790496784
465000 5.47259525837 0.0131676314962
466000 5.47304504854 0.0131471151793
467000 5.47155252833 0.0132034700955
468000 5.47055280444 0.0132131114244
469000 5.47021555432 0.0131893016882
470000 5.47038853908 0.0131624332695
471000 5.47095807669 0.0131468629114
472000 5.47033481308 0.013133833739
473000 5.47017637203 0.0131070808773
474000 5.4703675465 0.0130808811444
475000 5.4706576004 0.013056615716
476000 5.46984038629 0.0130547930374
477000 5.46924894229 0.013040872481
478000 5.46964355351 0.0130196162921
479000 5.46936644437 0.0129954407485
480000 5.46903037904 0.0129727678389
481000 5.46898303085 0.0129459397886
482000 5.4690488163 0.0129193037456
483000 5.4687491445 0.0128960860437
484000 5.46823402483 0.0128797800049
485000 5.46744991172 0.0128771244424
486000 5.46701124233 0.0128581523467
487000 5.46718450244 0.0128329709372
488000 5.46705013663 0.0128074310526
489000 5.46722204958 0.0127824471718
490000 5.46818595005 0.0127927050188
491000 5.46723772923 0.0128017973619
492000 5.46727395474 0.0127758814813
493000 5.46663897427 0.0127657893614
494000 5.46594525741 0.0127588349002
495000 5.46543402167 0.0127433497191
496000 5.46421251319 0.0127761186388
497000 5.46532551125 0.0127988516613
498000 5.4647913248 0.0127843454859
499000 5.46509090771 0.0127622864615
500000 5.46471980494 0.0127422071712
501000 5.46457393731 0.0127176591778
502000 5.46380414534 0.0127156517321
503000 5.46423167778 0.0126976075923
504000 5.46403091412 0.0126740508667
505000 5.46456489657 0.0126602471983
506000 5.46438353925 0.0126365751964
507000 5.46440130114 0.0126117125314
508000 5.46469218229 0.0125902891478
509000 5.46459753837 0.0125659580307
510000 5.46486202517 0.0125441502496
511000 5.46426485297 0.012533856276
512000 5.46439282297 0.012510077074
513000 5.46402877911 0.012491034127
514000 5.46402846797 0.0124667796956
515000 5.46490959281 0.0124737183977
516000 5.46541590705 0.012459862815
517000 5.46474708448 0.0124537466728
518000 5.46497089228 0.0124317618903
519000 5.46513558944 0.0124089455697
520000 5.46435243459 0.0124098166894
521000 5.4636314004 0.0124069721477
522000 5.46284149457 0.0124083691545
523000 5.46217635383 0.0124025034181
524000 5.46203901142 0.0123796400276
525000 5.46207844661 0.0123561674003
526000 5.4628174901 0.0123548031205
527000 5.46264924796 0.0123325493419
528000 5.4626900283 0.0123093038187
529000 5.46316496313 0.012295237604
530000 5.46283429628 0.0122765283857
531000 5.46261130129 0.0122554773152
532000 5.46254727934 0.0122326511468
533000 5.46190955864 0.0122263553001
534000 5.46196393667 0.012203623225
535000 5.46202133561 0.0121809902565
536000 5.46187036658 0.0121592423539
537000 5.46207488646 0.0121383614339
538000 5.46226601875 0.0121173459868
539000 5.46141564302 0.0121247087364
540000 5.46112432991 0.0121057961721
541000 5.46053370863 0.0120978598809
542000 5.46044799372 0.0120758838595
543000 5.46093287778 0.0120634164127
544000 5.46070754611 0.0120433859966
545000 5.46043892649 0.0120243238299
546000 5.45979390246 0.0120196296669
547000 5.45855510304 0.0120613653365
548000 5.4576047044 0.0120767818386
549000 5.45770625975 0.0120552510424
550000 5.45723841855 0.0120424467725
551000 5.45784793478 0.0120360458846
552000 5.45755734408 0.0120177882902
553000 5.45740182917 0.0119971017015
554000 5.45762237894 0.0119775123785
555000 5.45752309072 0.0119563816104
556000 5.458063062 0.0119471027398
557000 5.45778985084 0.0119288157039
558000 5.45720926877 0.0119215963944
559000 5.45754858294 0.0119051356543
560000 5.45702155165 0.0118955742955
561000 5.45633383496 0.0118942706011
562000 5.45714372763 0.0119006852653
563000 5.45715644789 0.0118795915576
564000 5.45736917221 0.0118604701746
565000 5.45719276377 0.0118408271259
566000 5.45754514584 0.0118251861015
567000 5.45703066548 0.0118155536028
568000 5.45815794006 0.0118484404765
569000 5.45795794911 0.0118293414516
570000 5.45830040356 0.0118135804824
571000 5.4575838856 0.0118146365321
572000 5.45680218203 0.0118198496463
573000 5.45711946037 0.0118035151315
574000 5.4564299302 0.0118031103612
575000 5.45576069236 0.0118015765338
576000 5.45569578837 0.0117813016667
577000 5.45597541528 0.0117642367692
578000 5.45604643948 0.0117441329661
579000 5.45632356556 0.0117271536746
580000 5.45697513339 0.0117250560266
581000 5.45789474452 0.011740917635
582000 5.45842407998 0.0117327052309
583000 5.4583183257 0.0117130915876
584000 5.45800233207 0.0116973308414
585000 5.4581403332 0.0116781835428
586000 5.45825868775 0.0116588885787
587000 5.45802823114 0.0116413379861
588000 5.45798270637 0.0116216624201
589000 5.45796325 0.0116019809735
590000 5.45723770404 0.0116050142083
591000 5.45804764839 0.0116136408201
592000 5.45880548611 0.0116187559662
593000 5.45901524309 0.0116010890201
594000 5.45947015619 0.0115905072055
595000 5.4595528035 0.0115713547046
596000 5.45969868706 0.0115528917633
597000 5.45955088614 0.0115345179468
598000 5.46000803984 0.0115243174039
599000 5.45973855651 0.0115082605608
600000 5.45959858278 0.0114899632519
601000 5.45906460348 0.0114832781852
602000 5.45851897494 0.0114771900699
603000 5.45897449506 0.0114672241442
604000 5.45861337594 0.0114539547196
605000 5.45805022959 0.0114488892909
606000 5.45863444549 0.0114449238874
607000 5.4587842035 0.0114270797569
608000 5.45801613853 0.0114340994791
609000 5.45896400485 0.011454575885
610000 5.45952721351 0.0114496664222
611000 5.45964949856 0.0114316108144
612000 5.45980715065 0.0114140492129
613000 5.4595826989 0.0113976662099
614000 5.46032434547 0.011403237375
615000 5.4607816415 0.0113938912474
616000 5.46094311077 0.0113765687277
617000 5.45938527358 0.0114643241966
618000 5.45873979969 0.0114639600811
619000 5.45879724309 0.0114456137402
620000 5.45959073429 0.0114546549982
621000 5.45948298453 0.0114367459242
622000 5.45929213193 0.011419980718
623000 5.46001362615 0.0114244480989
624000 5.46090054317 0.0114405443068
625000 5.46105082066 0.0114232556207
626000 5.46029719803 0.0114298689257
627000 5.4600949376 0.011413457935
628000 5.46087263774 0.011421777606
629000 5.46148909553 0.0114202714572
630000 5.46106244705 0.0114101395406
631000 5.46072828507 0.0113969776736
632000 5.46060242678 0.0113796678829
633000 5.46087148593 0.0113648992318
634000 5.46170266843 0.0113773558068
635000 5.46171639726 0.0113594751657
636000 5.46178147477 0.011341828805
637000 5.46138396524 0.011331015479
638000 5.46149162281 0.0113137944837
639000 5.46152172883 0.0112961567358
640000 5.46201702524 0.0112893873
641000 5.46147824767 0.0112846516397
642000 5.46205798476 0.0112819835004
643000 5.46200251844 0.0112646012379
644000 5.46272603525 0.0112703482571
645000 5.4624080164 0.0112573878208
646000 5.4621578977 0.011242766706
647000 5.4626641794 0.011236810356
648000 5.46239561789 0.0112227051905
649000 5.46272038773 0.0112101377043
650000 5.46233341443 0.011199594987
651000 5.46261701311 0.0111860077928
652000 5.46303984308 0.0111768662205
653000 5.46249282796 0.0111731541245
654000 5.46273362302 0.0111586902854
655000 5.46223304035 0.01115290259
656000 5.46291834453 0.0111569619156
657000 5.46338511376 0.0111497657874
658000 5.46325808823 0.0111335701237
659000 5.46308591961 0.0111180321992
660000 5.46242293367 0.0111209620656
661000 5.46301969691 0.011120162993
662000 5.462924089 0.0111038014967
663000 5.46260304105 0.0110917192166
664000 5.46273249107 0.0110757953111
665000 5.46295544802 0.0110614088337
666000 5.46296741696 0.0110448314879
667000 5.46324636853 0.0110318193888
668000 5.46399784858 0.0110408948626
669000 5.4641801681 0.0110259211434
670000 5.46490078244 0.011033012314
671000 5.46543462169 0.0110295016537
672000 5.46552413046 0.0110134762862
673000 5.46500805834 0.0110092202931
674000 5.46523024644 0.0109951522087
675000 5.46553878788 0.0109832154189
676000 5.46635809958 0.0109975085781
677000 5.46687381316 0.010993373266
678000 5.46677332362 0.0109776420047
679000 5.46663732457 0.0109623408091
680000 5.46619360928 0.0109552196941
681000 5.46623349178 0.0109392289181
682000 5.46622475541 0.010923215966
683000 5.46615250207 0.010907485315
684000 5.46605869539 0.0108919653499
685000 5.46637120416 0.0108805701265
686000 5.46636790698 0.0108647328238
687000 5.46630264195 0.0108491370845
688000 5.4659047353 0.010840685301
689000 5.46554163779 0.010831053243
690000 5.46581691216 0.0108188763044
691000 5.46619002348 0.0108096739332
692000 5.46656815546 0.0108006872292
693000 5.46639029341 0.0107865886658
694000 5.46624255601 0.0107720800819
695000 5.46595991883 0.0107603102249
696000 5.46568285989 0.010748438487
697000 5.46609729177 0.0107410263152
698000 5.46667617077 0.0107412478227
699000 5.46625040613 0.0107343381563
700000 5.46647220861 0.0107213165585
701000 5.4663908559 0.0107063526731
702000 5.46663676424 0.010693946847
703000 5.46688463694 0.0106816288893
704000 5.46605781413 0.0106984303322
705000 5.46590234965 0.0106844062562
706000 5.46641639257 0.0106816524749
707000 5.46680121032 0.0106734948758
708000 5.46700725299 0.0106604291344
709000 5.46695357476 0.010645549587
710000 5.46668892788 0.0106338659768
711000 5.46636881954 0.0106237477459
712000 5.46735710372 0.0106547165539
713000 5.46696927325 0.0106468501346
714000 5.46719741923 0.0106344035669
715000 5.46664366935 0.0106339585821
716000 5.46630180216 0.0106246212581
717000 5.46628477153 0.010609837385
718000 5.46676772387 0.0106060671344
719000 5.46668247639 0.0105916790733
720000 5.46655306204 0.0105777794056
721000 5.46619853437 0.0105690682937
722000 5.46629558476 0.0105548955148
723000 5.46671231728 0.0105485405202
724000 5.46720215673 0.0105453579406
725000 5.46706361657 0.0105317426539
726000 5.46702322776 0.0105173335197
727000 5.46698444619 0.0105029581343
728000 5.4666979359 0.0104924579151
729000 5.46618015368 0.0104908526747
730000 5.46574370936 0.0104855759316
731000 5.46545360476 0.0104752637699
732000 5.46563989385 0.0104626291484
733000 5.46563966369 0.0104483748877
734000 5.46542447615 0.0104363751038
735000 5.46581943832 0.010429666194
736000 5.46545715128 0.0104218050187
737000 5.46556605505 0.0104082523169
738000 5.46548276475 0.0103945013313
739000 5.46571579653 0.0103830665206
740000 5.4656696694 0.0103691567453
741000 5.46588811588 0.0103574828851
742000 5.46539814867 0.0103551254182
743000 5.46537499692 0.0103412331199
744000 5.46553008987 0.0103285152101
745000 5.46517785035 0.010320674585
746000 5.46537947956 0.0103088277909
747000 5.46476712969 0.0103132168543
748000 5.46453615978 0.0103020335611
749000 5.46404222858 0.0103001314807
750000 5.46418717494 0.0102874360715
751000 5.46420498554 0.010273771388
752000 5.46441763359 0.0102623280757
753000 5.46424406792 0.0102501852047
754000 5.46419690878 0.010236717285
755000 5.46404765412 0.0102242646865
756000 5.46377834502 0.0102143046033
757000 5.4634276876 0.0102068465331
758000 5.46291884188 0.0102060747333
759000 5.46267932648 0.0101954557652
760000 5.46256743335 0.010182672304
761000 5.46243383687 0.0101701855711
762000 5.46322804091 0.0101878194216
763000 5.46290491985 0.0101796074099
764000 5.46257800275 0.0101715488345
765000 5.46226620324 0.0101630478906
766000 5.4612859397 0.0101969629358
767000 5.46171904471 0.0101928793243
768000 5.46144237648 0.0101833787547
769000 5.46131462921 0.0101709548305
770000 5.46086824139 0.010167553855
771000 5.46083107451 0.0101544513789
772000 5.4610306751 0.0101432764918
773000 5.46145166758 0.0101389042783
774000 5.4617432115 0.0101300126228
775000 5.46188446383 0.0101179432421
776000 5.46216180797 0.0101087218779
777000 5.46205274874 0.0100963169446
778000 5.46178869246 0.0100868087689
779000 5.46189129079 0.0100743987405
780000 5.46120136046 0.010085096142
781000 5.46083412482 0.0100788835857
782000 5.46071168094 0.010066755179
783000 5.46076282057 0.0100540448252
784000 5.46041716025 0.0100471773077
785000 5.46147336841 0.0100897587764
786000 5.46087484401 0.010094674866
787000 5.46145736775 0.010098657948
788000 5.4615796285 0.0100865986909
789000 5.46164123347 0.0100740189721
790000 5.46205261496 0.0100696792315
791000 5.46202664607 0.0100569984758
792000 5.46197950235 0.0100444267544
793000 5.46241442848 0.0100411881317
794000 5.46223961372 0.0100300793332
795000 5.46195261337 0.0100215839991
796000 5.46205910042 0.0100095756037
797000 5.46192834287 0.00999788629843
798000 5.4617499846 0.00998696409251
799000 5.46124450038 0.00998726458542
800000 5.46113040983 0.00997544773162
801000 5.46164748489 0.00997640175053
802000 5.46233617381 0.00998772026754
803000 5.4624127221 0.00997559106778
804000 5.46258746051 0.00996472932287
805000 5.46265148711 0.00995257182877
806000 5.46265816321 0.00994024126514
807000 5.46331417086 0.00994956209852
808000 5.4630631291 0.00994043007282
809000 5.46271145209 0.00993437688288
810000 5.46204369817 0.00994454405686
811000 5.46192163494 0.00993304617918
812000 5.46197961953 0.00992099765257
813000 5.46208884845 0.00990941097481
814000 5.46154686541 0.00991206265509
815000 5.46113959648 0.00990827896281
816000 5.46100709276 0.00989703727489
817000 5.46101267814 0.00988493978337
818000 5.46107631079 0.00987307506996
819000 5.46118860914 0.00986167336589
820000 5.46158661836 0.00985768997812
821000 5.46156260969 0.00984572689139
822000 5.4613997045 0.00983511127933
823000 5.46153501941 0.0098241062756
824000 5.46151636627 0.00981221597645
825000 5.46139570513 0.00980107863917
826000 5.46157311128 0.00979083272825
827000 5.46155843944 0.00977901904411
828000 5.4619626608 0.00977557367203
829000 5.4620671592 0.00976435438716
830000 5.46175808687 0.00975749458814
831000 5.46153186367 0.00974838891999
832000 5.46124568166 0.00974088596769
833000 5.46146876627 0.00973176044149
834000 5.46184305099 0.00972730049431
835000 5.4618489336 0.00971566674616
836000 5.46161479187 0.00970687994737
837000 5.4618941241 0.00969931485934
838000 5.4624302069 0.00970255767721
839000 5.4623205679 0.0096916264544
840000 5.46188606962 0.00968983741507
841000 5.46200206593 0.00967902356125
842000 5.46160393251 0.00967572679234
843000 5.4613158697 0.00966854976961
844000 5.46102797652 0.00966139293812
845000 5.46129646685 0.00965370280721
846000 5.46093488126 0.00964907461642
847000 5.4618381266 0.00967987985753
848000 5.46193083049 0.0096689222509
849000 5.46120898149 0.00968445496364
850000 5.4614124665 0.00967521240295
851000 5.46174871299 0.0096696976084
852000 5.46131744783 0.00966797385858
853000 5.46141241033 0.00965711941363
854000 5.46158678884 0.00964739878431
855000 5.4617859621 0.00963818423316
856000 5.46228537267 0.00963986781522
857000 5.46247343173 0.00963046673554
858000 5.46262212515 0.00962040331925
859000 5.46195896755 0.00963204621149
860000 5.46199076494 0.00962091165071
861000 5.46138231372 0.00962897128864
862000 5.4622270255 0.00965479425785
863000 5.46236866058 0.00964465855921
864000 5.46191128786 0.0096443474202
865000 5.46170778854 0.00963535747694
866000 5.46203860532 0.00962992142676
867000 5.46226635249 0.00962151977509
868000 5.46233912772 0.00961072305524
869000 5.46272167586 0.0096072867613
870000 5.46212391847 0.00961483458185
871000 5.46215561195 0.00960386063106
872000 5.46180369269 0.00959930526006
873000 5.46134931629 0.00959906984415
874000 5.4607468794 0.00960698532534
875000 5.46043680279 0.00960102118449
876000 5.46046740596 0.0095901223854
877000 5.45986119055 0.00959834075991
878000 5.46000745236 0.0095885354672
879000 5.46023614581 0.00958036626744
880000 5.4601067112 0.00957036616181
881000 5.45981224224 0.00956404456613
882000 5.45999493594 0.00955495801941
883000 5.45991890465 0.00954445173895
884000 5.46054081062 0.00955390691738
885000 5.46060121174 0.00954331465691
886000 5.4603655489 0.00953546485268
887000 5.45973767737 0.00954537572542
888000 5.4601358767 0.00954294063948
889000 5.46006800718 0.00953245957571
890000 5.45948084849 0.009539827059
891000 5.45958919797 0.00952974746044
892000 5.46001560845 0.00952861098665
893000 5.4597286409 0.00952227282075
894000 5.4597571864 0.00951167619598
895000 5.45983014915 0.00950134032538
896000 5.45893437962 0.00953288023607
897000 5.45895697527 0.00952229133555
898000 5.45885735418 0.00951222034062
899000 5.4596408052 0.00953386013974
900000 5.4596968927 0.0095234436983
901000 5.45990256608 0.00951510621376
902000 5.45998861526 0.0095049580794
903000 5.46031583898 0.00950007468129
904000 5.46052292408 0.00949183414022
905000 5.46015999387 0.00948829347339
906000 5.46010482599 0.00947799267006
907000 5.45998209223 0.00946834897945
908000 5.45956450475 0.0094671368134
909000 5.45951842067 0.00945684552963
910000 5.45941311832 0.00944705105377
911000 5.45911185368 0.00944149485884
912000 5.45912084108 0.00943115795913
913000 5.45876142344 0.00942768554902
914000 5.45887751879 0.00941809685693
915000 5.45895009335 0.00940809471247
916000 5.4592605565 0.0094029562482
917000 5.45866476967 0.00941156946826
918000 5.45884311321 0.00940301796913
919000 5.45926918934 0.00940244567186
920000 5.4593019224 0.00939229369611
921000 5.45956629423 0.00938582682347
922000 5.45971619338 0.0093768549253
923000 5.45981459137 0.00936722307957
924000 5.4593108251 0.00937063275528
925000 5.45996766365 0.00938350573374
926000 5.45941496754 0.00938964630604
927000 5.45926027342 0.00938080235636
928000 5.45893511039 0.00937633841931
929000 5.45884577589 0.00936668189945
930000 5.45897337754 0.00935749013045
931000 5.45918514644 0.00934984586378
932000 5.45860938693 0.00935753531333
933000 5.45865303914 0.00934761835555
934000 5.45844055067 0.00934003571646
935000 5.4579856414 0.00934112872371
936000 5.45762869445 0.00933797694539
937000 5.45778199447 0.00932928001166
938000 5.45834155895 0.00933611076163
939000 5.45819322083 0.00932735710022
940000 5.45820441578 0.00931745164301
941000 5.45787109424 0.00931352070219
942000 5.45747700024 0.00931197837173
943000 5.45758358758 0.0093027239812
944000 5.45769574191 0.00929355587475
945000 5.457481091 0.00928621035818
946000 5.45780895474 0.00928219049265
947000 5.45692752639 0.00931415495003
948000 5.45715294892 0.00930706769971
949000 5.45710345568 0.0092974023833
950000 5.45728717875 0.00928944100474
951000 5.45713805931 0.00928087998678
952000 5.45701240561 0.00927199196571
953000 5.45694634782 0.00926250820612
954000 5.45633121326 0.00927321266992
955000 5.45640067908 0.00926377283791
956000 5.45648183795 0.00925444832955
957000 5.45642177843 0.00924498303895
958000 5.45644223789 0.00923536544509
959000 5.45673526284 0.00923039273359
960000 5.45677119945 0.00922085770195
961000 5.45724698526 0.0092235394472
962000 5.45709805196 0.00921516386574
963000 5.45685873524 0.00920871155614
964000 5.4568690604 0.00919917463834
965000 5.45687076752 0.00918965184163
966000 5.45686932236 0.00918014869586
967000 5.45708879342 0.00917328815828
968000 5.45737395741 0.00916825268224
969000 5.45766155851 0.00916331067872
970000 5.45753514266 0.00915474566245
971000 5.45726910491 0.00914919192389
972000 5.45751472305 0.00914308517247
973000 5.45734402585 0.0091352913016
974000 5.45731152413 0.0091259795895
975000 5.45760965401 0.00912149759294
976000 5.45762090472 0.00911216830052
977000 5.45740881491 0.00910531906334
978000 5.45712793335 0.00910034972738
979000 5.45665203872 0.00910349839374
980000 5.45596856096 0.00911983975862
981000 5.45606901662 0.00911110599898
982000 5.45531166147 0.0091332604263
983000 5.45532497125 0.00912398835566
984000 5.45533730741 0.00911473376291
985000 5.45506461381 0.0091095679062
986000 5.45437495157 0.00912640730311
987000 5.45459375215 0.00911979248319
988000 5.45480716143 0.00911306787538
989000 5.45508798768 0.00910818866789
990000 5.45557980159 0.00911226629857
991000 5.45543243463 0.0091042721049
992000 5.45516782086 0.0090989483128
993000 5.45521032842 0.00908989373196
994000 5.45494665926 0.00908458146102
995000 5.45501611293 0.00907572588591
996000 5.45520295209 0.00906854584705
997000 5.45529825305 0.00905995987073
998000 5.45580837099 0.0090652404744
999000 5.45612886986 0.00906183903406
