0 15.3518377474 0
1000 15.4744158366 0.0866757980623
2000 15.3727533122 0.10113928186
3000 15.2895742952 0.104608608466
4000 15.5501034501 0.247596137737
5000 15.3737553236 0.261701485812
6000 15.3689310092 0.224360021575
7000 15.345251432 0.197560670975
8000 15.3609585324 0.176232777255
9000 15.3752810192 0.159190431889
10000 15.4006095247 0.146719725271
11000 15.3590762496 0.140248532379
12000 15.2660203898 0.157331576809
13000 15.2235789412 0.151710105015
14000 15.1867772978 0.145991524416
15000 15.2028984427 0.137754268955
16000 15.2004711476 0.129672459941
17000 15.1339785738 0.13847076984
18000 15.1539627277 0.13261705475
19000 15.1359088918 0.127209146829
20000 15.1171696232 0.122524041739
21000 15.1613979981 0.124682199332
22000 15.1230631576 0.125015631233
23000 15.1329067654 0.120193559828
24000 15.1152419029 0.116676700054
25000 15.048340501 0.12996173841
26000 15.1111208405 0.139490148384
27000 15.1194268543 0.134755423431
28000 15.1469710988 0.132893918869
29000 15.1219460171 0.130799121138
30000 15.1053715752 0.127625604233
31000 15.1162937894 0.12410378627
32000 15.1109486609 0.120458117355
33000 15.1269507804 0.117973335088
34000 15.1419753487 0.115555439518
35000 15.1489525078 0.11255600717
36000 15.1318006119 0.110813096714
37000 15.1399548331 0.108196562277
38000 15.1208620883 0.10709362932
39000 15.1136453677 0.10465916277
40000 15.1193766092 0.10226330415
41000 15.1203517274 0.0998331125214
42000 15.1053037833 0.0986389886117
43000 15.0992073043 0.0965854090913
44000 15.0991382965 0.0944390913192
45000 15.1065715012 0.092678135907
46000 15.0876784036 0.0926119873491
47000 15.1020243509 0.0917869666584
48000 15.0834426812 0.0917753603781
49000 15.0977200882 0.0910436414661
50000 15.1060644373 0.0896400453582
51000 15.1144748243 0.0883098650123
52000 15.1132784748 0.0866517443449
53000 15.087452762 0.0888122875602
54000 15.0948607919 0.0875059333696
55000 15.0982508819 0.0860089705254
56000 15.0865662765 0.0852900445855
57000 15.0878302644 0.0838288921234
58000 15.0753444362 0.0833327218005
59000 15.0730366487 0.0819757924072
60000 15.0452274483 0.0852184333325
61000 15.0534148494 0.0842363285052
62000 15.0380147156 0.0842952208311
63000 15.0528222376 0.0842686367339
64000 15.0575080468 0.0831023726959
65000 15.054678545 0.0818914016559
66000 15.071414569 0.0823615471293
67000 15.0674024885 0.0812480094424
68000 15.0622077001 0.0802364008859
69000 15.0850004866 0.0822638680153
70000 15.0767089966 0.0815220065269
71000 15.07552813 0.0803983085543
72000 15.066721231 0.0797778612484
73000 15.0734352536 0.0789817993617
74000 15.0704980698 0.0779833037374
75000 15.0710066964 0.076958866313
76000 15.071089918 0.0759594455136
77000 15.0651208381 0.0752197733197
78000 15.0683830587 0.074338330565
79000 15.0609163947 0.0737831305739
80000 15.0635601996 0.0729195788917
81000 15.0560939299 0.0724115443037
82000 15.058780356 0.0715889311361
83000 15.0497642451 0.0713021787053
84000 15.0490131403 0.0704672855422
85000 15.0529237938 0.0697563269417
86000 15.0551412136 0.0689897648388
87000 15.0671708023 0.0692466344429
88000 15.0634205023 0.0685700626402
89000 15.0703186883 0.0681542704504
90000 15.0793993949 0.0680075773606
91000 15.0759022022 0.0673582236196
92000 15.0822205529 0.0669296232649
93000 15.0857632367 0.0663112994574
94000 15.0807629378 0.0658015430737
95000 15.0781727503 0.0651670699838
96000 15.0749344197 0.0645756551591
97000 15.0781381822 0.0639961439557
98000 15.0715269567 0.0636902944503
99000 15.0658460126 0.0633062443654
100000 15.0614797188 0.0628298432239
101000 15.0563279513 0.0624247180598
102000 15.0457100096 0.0627151652729
103000 15.056913933 0.0631049775795
104000 15.0545109758 0.0625497118347
105000 15.0622978713 0.0624424394371
106000 15.0609808481 0.061872752871
107000 15.0633207433 0.0613440859704
108000 15.0674585256 0.0609206872388
109000 15.0689123587 0.0603842077139
110000 15.0656744091 0.0599269563656
111000 15.0657625037 0.0593919590061
112000 15.0587950923 0.059273639339
113000 15.0558146596 0.0588285793646
114000 15.0538707421 0.0583491348329
115000 15.0602201638 0.0581905644772
116000 15.0561328218 0.0578365798227
117000 15.0533535841 0.0574131762375
118000 15.048188334 0.0571625895368
119000 15.0559239933 0.0572072630941
120000 15.053014443 0.056808417195
121000 15.0527330506 0.0563434713449
122000 15.0526675797 0.0558854323806
123000 15.0544902973 0.0554644596419
124000 15.0522602596 0.0550655568371
125000 15.0491364281 0.054717063283
126000 15.0487271987 0.0542877505588
127000 15.0532101286 0.054048404454
128000 15.0506199088 0.0536914556442
129000 15.0470988872 0.0533937718243
130000 15.0498795244 0.0530585412912
131000 15.0440047941 0.0529808143927
132000 15.040121157 0.0527246108191
133000 15.0413342156 0.0523450964021
134000 15.0386477049 0.0520262492509
135000 15.031696255 0.0521060402686
136000 15.0307764449 0.0517338221166
137000 15.0334436373 0.0514276483584
138000 15.0375737359 0.0512232386788
139000 15.0380102899 0.0508592186513
140000 15.0300613455 0.0511159232142
141000 15.0283454732 0.0507847431769
142000 15.035278115 0.0509005942998
143000 15.0455843462 0.051579956432
144000 15.0442588379 0.0512412613024
145000 15.0494837868 0.0511559879411
146000 15.0456263967 0.0509532126954
147000 15.0398149222 0.0509392703434
148000 15.0375803425 0.0506463850682
149000 15.035748398 0.0503418634853
150000 15.0306364964 0.0502673444657
151000 15.0213804778 0.0507816706663
152000 15.0146552988 0.0508931345557
153000 15.012529777 0.0506070257748
154000 15.0119431078 0.0502839292429
155000 15.0119266627 0.0499615990523
156000 15.0140840468 0.0496899293117
157000 15.0122940973 0.0494076646922
158000 15.0105393529 0.0491280752071
159000 15.0089359239 0.0488471838727
160000 15.0100401054 0.0485562635213
161000 15.0069841568 0.0483526028282
162000 15.002296954 0.0482826105566
163000 15.0172730192 0.0502571657681
164000 15.0207522857 0.0500728655849
165000 15.0174512412 0.0498799135104
166000 15.0117996078 0.0499003828007
167000 15.0068048933 0.0498526997816
168000 15.0087963706 0.049597474443
169000 15.0111236819 0.0493602977598
170000 15.0108312691 0.0490725071744
171000 15.006435681 0.0489836700439
172000 15.0053089032 0.0487134854291
173000 15.0061274674 0.0484403998135
174000 15.006703965 0.0481670279054
175000 15.0006043968 0.0482780122798
176000 15.0030951561 0.0480694638388
177000 14.993801844 0.0486894661103
178000 14.9941467742 0.0484186796962
179000 14.9953999572 0.048165901881
180000 15.0028033035 0.0484654184774
181000 14.9984028814 0.0483984810537
182000 14.9915462359 0.0486172752761
183000 14.9925714503 0.0483638593263
184000 14.9935118425 0.0481115747361
185000 14.9905678767 0.047942896949
186000 14.9881013039 0.0477499259558
187000 14.9883604687 0.0474966402967
188000 14.9979561106 0.0482048843772
189000 14.9922599717 0.048286544313
190000 14.9920207944 0.0480343275344
191000 14.9935867583 0.0478096678738
192000 14.9891592984 0.047766514044
193000 14.9876123983 0.0475453361842
194000 14.9856622831 0.0473414899258
195000 14.9879403852 0.0471547317036
196000 14.9849088346 0.0470127149095
197000 14.9848389877 0.0467753288413
198000 14.9916591368 0.0470348601552
199000 14.9901210376 0.0468248279895
200000 14.9912498012 0.0466054716997
201000 14.9907791977 0.0463771274656
202000 14.9973977866 0.0466185537233
203000 14.9988103552 0.0464114272797
204000 14.9973498161 0.0462080054908
205000 14.9984673651 0.045997206862
206000 14.9922825935 0.0461889279481
207000 14.9955634147 0.0460832376271
208000 14.9960766109 0.0458656011283
209000 14.9974004915 0.0456662959808
210000 14.9951618383 0.045504706586
211000 14.9912223447 0.0454602694308
212000 14.9908496267 0.0452483688236
213000 14.9902170993 0.0450413486843
214000 14.9867718429 0.0449634264685
215000 14.9850217355 0.0447893091437
216000 14.987405326 0.0446462865203
217000 14.9859275084 0.0444659386184
218000 14.9838718141 0.0443103904811
219000 14.9824556826 0.0441316031361
220000 14.9814652669 0.0439430248343
221000 14.9824431167 0.0437559618144
222000 14.9855492992 0.0436698596214
223000 14.9847945314 0.0434814269132
224000 14.9845827214 0.0432886920167
225000 14.9850320414 0.043099480953
226000 14.9861390052 0.0429238286319
227000 14.9904118275 0.0429477072301
228000 14.9902218233 0.0427605829521
229000 14.9891171 0.0425889352926
230000 14.9888250096 0.0424055692264
231000 14.9878648495 0.0422336553244
232000 14.992136863 0.0422679038823
233000 14.9875600603 0.042334336595
234000 14.9884107004 0.0421627357363
235000 14.9852011947 0.0421060596428
236000 14.9875533229 0.0419940428293
237000 14.9864545365 0.0418319698339
238000 14.9889524972 0.0417314558284
239000 14.9909914775 0.0416073567807
240000 14.9939536477 0.0415400218387
241000 14.9889295868 0.0416710790262
242000 14.9945520975 0.0418771866396
243000 14.9978328008 0.0418338683424
244000 14.9982286253 0.0416649904275
245000 14.9961697434 0.0415464593854
246000 14.9928952852 0.0415070917115
247000 14.9887585042 0.0415453579478
248000 14.9894131523 0.0413836665854
249000 14.9906637759 0.041237024651
250000 14.9902397641 0.041074913569
251000 14.9917089178 0.0409381835464
252000 14.9904160051 0.0407967838661
253000 14.9904950787 0.0406362432382
254000 14.9902659318 0.0404775314939
255000 14.985783273 0.0405668713828
256000 14.9841763968 0.0404408357395
257000 14.9815106693 0.0403718507315
258000 14.9849642027 0.0403634175631
259000 14.9850319626 0.0402082305251
260000 14.9852574307 0.0400548081543
261000 14.9893214601 0.0401075689958
262000 14.9876867107 0.0399883703326
263000 14.9858404396 0.0398794978095
264000 14.9910029528 0.0400617665239
265000 14.9907367275 0.0399120429519
266000 14.9916536584 0.0397730909379
267000 14.9927705749 0.0396403635264
268000 14.9951242909 0.0395628178754
269000 14.993653124 0.0394436325451
270000 14.9907470752 0.0394049916875
271000 14.9937261178 0.0393725681247
272000 14.9909053123 0.0393292632512
273000 14.9927263827 0.0392278638242
274000 14.9894214761 0.0392241874516
275000 14.9886405909 0.0390898430892
276000 14.9860524764 0.0390343092313
277000 14.9869868281 0.0389050790782
278000 14.9868149697 0.0387660139298
279000 14.9854453536 0.0386517508043
280000 14.9852079712 0.0385149290331
281000 14.9863326499 0.0383947686915
282000 14.9871473471 0.0382677406703
283000 14.9899511936 0.0382355749216
284000 14.9879102144 0.0381558489081
285000 14.9863959456 0.0380524729345
286000 14.9881656839 0.0379610169667
287000 14.9874663307 0.0378356493997
288000 14.9891737678 0.0377432369186
289000 14.9877448417 0.0376401270576
290000 14.9851247673 0.0376018587486
291000 14.9835353792 0.0375066610381
292000 14.9863613775 0.0374849654115
293000 14.9888487031 0.0374398981813
294000 14.9907382701 0.0373606354425
295000 14.9883189462 0.0373126676751
296000 14.9887007643 0.0371889893062
297000 14.9893545567 0.0370699405169
298000 14.9916249588 0.0370154225171
299000 14.9907103308 0.0369033359901
300000 14.9884030955 0.0368527883533
301000 14.9857467462 0.0368263696566
302000 14.987610962 0.0367519851403
303000 14.9882808076 0.036637194283
304000 14.9895822142 0.0365401789547
305000 14.9884237978 0.03643912435
306000 14.9892868753 0.0363306498919
307000 14.9900125159 0.0362199392062
308000 14.9899277377 0.0361028217923
309000 14.989819163 0.0359865243389
310000 14.987045894 0.0359775130803
311000 14.9885476961 0.0358935315619
312000 14.9881766656 0.0357807733569
313000 14.9886044089 0.0356693784987
314000 14.9890872145 0.0355594097517
315000 14.9917509366 0.0355465084347
316000 14.9919563014 0.035434967566
317000 14.9905718741 0.0353505709605
318000 14.9937039978 0.0353782378923
319000 14.9951893823 0.035298849671
320000 14.9972455747 0.035248721138
321000 14.997061265 0.0351397349189
322000 14.9968678701 0.0350314753496
323000 14.9976079822 0.034931170834
324000 14.9998030528 0.0348925911329
325000 15.001853207 0.0348457361745
326000 15.003032083 0.0347591100136
327000 15.0055281548 0.0347426437049
328000 15.0052423624 0.0346382184056
329000 15.0056169173 0.0345352791426
330000 15.0063232726 0.0344381657899
331000 15.0080780546 0.0343791143889
332000 15.0075013101 0.0342807112009
333000 15.0054262703 0.0342408186818
334000 15.0048226338 0.0341439276682
335000 15.0047031016 0.0340425180664
336000 15.0037846639 0.0339538887592
337000 15.0029615491 0.0338634090266
338000 15.003488586 0.0337676180138
339000 15.0042982862 0.0336780078295
340000 15.0023135794 0.0336376757137
341000 15.002056858 0.0335402995665
342000 15.0072919143 0.0338485994743
343000 15.0109107916 0.0339431047982
344000 15.0114535079 0.0338490574543
345000 15.011604673 0.0337515653476
346000 15.0132480584 0.0336942835837
347000 15.0088269879 0.0338862668271
348000 15.0078261769 0.0338039474587
349000 15.0068795316 0.0337206170676
350000 15.0074195792 0.0336288711828
351000 15.0100634379 0.0336371024527
352000 15.0088442974 0.0335638991553
353000 15.0071243446 0.0335131256494
354000 15.0066695141 0.0334218087503
355000 15.0060880879 0.0333329843044
356000 15.0063093003 0.0332403486241
357000 15.0091484613 0.0332685282962
358000 15.0104306224 0.0332005561986
359000 15.0117957592 0.0331363863162
360000 15.0111436439 0.0330510118785
361000 15.0101013994 0.0329761399325
362000 15.0104343223 0.0328869771022
363000 15.0116067409 0.032817519932
364000 15.0119413128 0.0327293143412
365000 15.0102695313 0.032682558583
366000 15.0097868375 0.0325970695842
367000 15.0124690578 0.032618655957
368000 15.0123551775 0.032530457308
369000 15.0114767084 0.0324543962991
370000 15.0128909888 0.0323977188659
371000 15.0104978693 0.0323988938407
372000 15.0102411512 0.0323130505942
373000 15.0097123795 0.0322309781901
374000 15.0125026806 0.0322655838616
375000 15.0135510655 0.0321967988841
376000 15.0120825967 0.0321448666012
377000 15.0113058905 0.0320692095516
378000 15.0121833696 0.0319965967802
379000 15.0149479178 0.0320316028697
380000 15.0135109905 0.0319797442267
381000 15.0131060018 0.0318985918866
382000 15.0108533417 0.0318947473398
383000 15.0130272322 0.0318856863377
384000 15.0113962057 0.0318445544382
385000 15.0129886713 0.0318018482545
386000 15.0141621582 0.0317413163603
387000 15.0143218926 0.0316599107637
388000 15.0128794606 0.0316113644905
389000 15.0151550233 0.0316121074685
390000 15.0154458242 0.0315325956045
391000 15.0146409396 0.0314624261651
392000 15.0149090443 0.0313835113972
393000 15.0155363844 0.0313101272889
394000 15.0157127724 0.0312313579874
395000 15.0149376131 0.0311621091259
396000 15.0181057419 0.0312442456827
397000 15.0168896663 0.0311893993685
398000 15.0174109838 0.0311155869432
399000 15.0169936814 0.0310405961474
400000 15.015111528 0.0310201980843
401000 15.0146258622 0.0309468350779
402000 15.0129484273 0.0309154721349
403000 15.0120612046 0.0308516769732
404000 15.0120291061 0.0307755166909
405000 15.0127663228 0.0307085435409
406000 15.0129695042 0.0306337647357
407000 15.013328924 0.0305607904066
408000 15.013476908 0.0304864279356
409000 15.0145758708 0.0304318718404
410000 15.0143848167 0.0303584280784
411000 15.0148923872 0.030288985377
412000 15.0153585254 0.030219233079
413000 15.0182900267 0.0302880952518
414000 15.0196497686 0.0302456183523
415000 15.0181567037 0.0302097423911
416000 15.0181259342 0.0301373126355
417000 15.0214647794 0.0302495999797
418000 15.0209230183 0.0301822562282
419000 15.0213204778 0.0301130106006
420000 15.0232995904 0.0301064494653
421000 15.0234632786 0.0300355521498
422000 15.0218990188 0.0300052520068
423000 15.0204994616 0.0299671074228
424000 15.017609668 0.0300356079465
425000 15.014614097 0.0301141114569
426000 15.0171300577 0.0301485046051
427000 15.0178185926 0.0300859255652
428000 15.0163860332 0.0300498819361
429000 15.0191929234 0.0301108056939
430000 15.0210363646 0.0300973196388
431000 15.0185142978 0.0301331355244
432000 15.0185011681 0.0300635468478
433000 15.0173893894 0.0300148262826
434000 15.0185593972 0.0299686220402
435000 15.0194920331 0.029914395155
436000 15.018347686 0.0298678211052
437000 15.0172588373 0.029819470432
438000 15.0132471801 0.0300201788108
439000 15.0138789755 0.0299585986783
440000 15.0138703697 0.029890666584
441000 15.0129805789 0.0298362814292
442000 15.014560278 0.0298107206146
443000 15.0145844558 0.0297435891566
444000 15.0142605662 0.0296785130577
445000 15.0144227724 0.0296124125673
446000 15.0168423409 0.0296448497048
447000 15.0167956922 0.0295787148681
448000 15.0153753627 0.0295469194635
449000 15.0163103616 0.0294960497409
450000 15.0155427037 0.0294406360544
451000 15.0132312128 0.0294661039408
452000 15.0127752216 0.0294045853999
453000 15.0134753787 0.0293481521821
454000 15.0149402662 0.0293201872499
455000 15.0159074926 0.0292718378752
456000 15.0162763252 0.0292101093132
457000 15.0156179804 0.0291537498083
458000 15.015802115 0.0290908155034
459000 15.0158004852 0.0290275746457
460000 15.0159366591 0.0289649275135
461000 15.0157153901 0.0289030780125
462000 15.0158167871 0.0288408302167
463000 15.0173942755 0.0288217824068
464000 15.0148849824 0.028868825949
465000 15.0129542642 0.0288713657412
466000 15.0153080855 0.0289053344661
467000 15.0166785151 0.0288760393445
468000 15.0175149043 0.0288265803498
469000 15.0170343771 0.0287692520164
470000 15.0174492915 0.0287111626256
471000 15.0173920238 0.0286503910047
472000 15.0183471727 0.0286057363353
473000 15.0183314841 0.0285453909828
474000 15.0179863947 0.028487381265
475000 15.0179654308 0.028427541539
476000 15.0167432894 0.0283942036817
477000 15.0161883748 0.0283402234765
478000 15.0167434271 0.0282864929992
479000 15.017568305 0.0282395876017
480000 15.0162940793 0.0282096105729
481000 15.0163036961 0.028151086049
482000 15.0151676394 0.0281157160627
483000 15.0142278466 0.0280733280493
484000 15.0152038329 0.0280324051424
485000 15.014926432 0.0279760978042
486000 15.0136677291 0.0279469535029
487000 15.0132580999 0.0278926870405
488000 15.0157045379 0.0279427280547
489000 15.0155402509 0.0278861850307
490000 15.0134246255 0.0279095274541
491000 15.0110332432 0.0279550638873
492000 15.0118246687 0.0279095605325
493000 15.009546583 0.0279458818462
494000 15.0097588783 0.0278902318748
495000 15.0105346598 0.027844788865
496000 15.0107462835 0.0277895673034
497000 15.0087712076 0.0278038632236
498000 15.0088134641 0.0277481761697
499000 15.0079153045 0.0277072119274
500000 15.0071659966 0.0276620383184
501000 15.0062894676 0.0276208184827
502000 15.0056855553 0.0275725076155
503000 15.0072326662 0.0275611707688
504000 15.0057723628 0.0275452534449
505000 15.0056635129 0.0274910312537
506000 15.0069755969 0.0274681018449
507000 15.0073014039 0.0274159629555
508000 15.007707569 0.0273651090382
509000 15.0071216866 0.0273177230647
510000 15.005323728 0.0273233673887
511000 15.0063765411 0.0272902771876
512000 15.0052026806 0.027262314218
513000 15.0069580675 0.0272657297283
514000 15.0073159184 0.0272151347823
515000 15.0082872315 0.0271797199147
516000 15.0077493493 0.0271324697007
517000 15.007924209 0.027080653866
518000 15.0078673265 0.0270285350827
519000 15.0069898118 0.0269907981682
520000 15.006696891 0.0269405818452
521000 15.006313129 0.0268917046949
522000 15.0058324429 0.0268445822816
523000 15.0046341256 0.0268200847119
524000 15.0047033396 0.0267690881456
525000 15.0062832641 0.0267647796872
526000 15.006772747 0.0267184681644
527000 15.0100083325 0.0268630640351
528000 15.0098324683 0.0268128588538
529000 15.009643057 0.0267629375652
530000 15.0101390565 0.0267171323567
531000 15.0095738946 0.0266728891005
532000 15.0093343243 0.0266239220207
533000 15.0110430787 0.0266288429589
534000 15.0108689075 0.0265796390148
535000 15.0088893372 0.0266036641834
536000 15.0081482814 0.0265644421082
537000 15.0070416713 0.0265381051539
538000 15.0071552702 0.0264891124713
539000 15.0070731257 0.0264401859268
540000 15.0063502755 0.0264011923015
541000 15.0089211853 0.0264773614534
542000 15.0075585029 0.0264636428331
543000 15.0045981523 0.0265800602414
544000 15.0089745942 0.026889169223
545000 15.0069881264 0.0269131979049
546000 15.0063490379 0.0268715833662
547000 15.0063414446 0.0268225487029
548000 15.0061516744 0.0267743629077
549000 15.0065799524 0.0267291073583
550000 15.0058857111 0.0266896115037
551000 15.00697813 0.0266636080069
552000 15.0085880245 0.0266639485033
553000 15.0084373179 0.0266162445309
554000 15.0079191201 0.0265733313111
555000 15.0074179231 0.026530263644
556000 15.0064167904 0.0265015153975
557000 15.0069360474 0.0264591081802
558000 15.0063167234 0.026419022462
559000 15.0065417444 0.0263728039137
560000 15.0071800301 0.0263335164653
561000 15.0073120192 0.0262869904508
562000 15.007047604 0.0262416293406
563000 15.0065973558 0.0261989639749
564000 15.0061665797 0.0261561354016
565000 15.0060392345 0.0261102331463
566000 15.0050151107 0.0260842602669
567000 15.0039687299 0.0260593168176
568000 15.0031169848 0.0260274342318
569000 15.0038656623 0.0259925376651
570000 15.0050759801 0.025975179947
571000 15.0053939951 0.0259317154552
572000 15.0066753427 0.0259180972821
573000 15.0057442843 0.025889661653
574000 15.0047681081 0.0258630330885
575000 15.0023998442 0.0259263355709
576000 15.0023724295 0.0258814170746
577000 15.0023486024 0.0258366505043
578000 15.0031272894 0.0258037593173
579000 15.0045621724 0.0257991343693
580000 15.0040836523 0.0257591670545
581000 15.0034755599 0.0257220838855
582000 15.0029139296 0.0256840944138
583000 15.0015661962 0.0256754505736
584000 15.0023258033 0.0256427949262
585000 15.0022241902 0.025599237218
586000 15.0028370427 0.0255629618066
587000 15.0023078428 0.0255249644949
588000 15.0022186982 0.0254817840582
589000 15.0052367396 0.0256166982808
590000 15.0045191364 0.0255834027858
591000 15.0046484677 0.0255405144791
592000 15.0043888263 0.0254987641767
593000 15.003989604 0.0254589619909
594000 15.0050314897 0.0254374840154
595000 15.00493127 0.0253950010974
596000 15.0051264634 0.0253532135529
597000 15.0044564057 0.0253196697738
598000 15.0035122335 0.0252949978698
599000 15.0040167544 0.0252578704947
600000 15.0052643477 0.0252466372479
601000 15.0048289201 0.0252084539336
602000 15.003616885 0.0251957696455
603000 15.0050204039 0.0251931156551
604000 15.0043131991 0.0251613982799
605000 15.0028343035 0.025163302343
606000 15.0027922554 0.025121882281
607000 15.0017874694 0.0251006492855
608000 15.0021909635 0.0250626759965
609000 15.0014769398 0.0250317586735
610000 14.9992900403 0.0250861375153
611000 14.9994384625 0.025045586161
612000 14.9991206891 0.0250067446025
613000 14.9996084172 0.024970772843
614000 14.9989969209 0.0249376561451
615000 15.000831353 0.0249645528425
616000 15.0034366984 0.0250596721454
617000 15.002333073 0.0250434124978
618000 15.0020272697 0.0250048216431
619000 15.0004326868 0.0250152837051
620000 15.0003696953 0.0249750807545
621000 14.9998356394 0.0249406372447
622000 15.0000784838 0.0249017863665
623000 15.0003379512 0.0248632313978
624000 14.9982540801 0.024910625282
625000 14.9982721514 0.0248708385058
626000 14.9985667985 0.024832917391
627000 14.9980978388 0.0247978021919
628000 14.9971193414 0.0247776757861
629000 14.9956156504 0.024783931638
630000 14.9967331122 0.0247698337446
631000 14.9981781274 0.0247727545467
632000 14.9974138631 0.0247454054261
633000 14.9965622464 0.0247210247295
634000 14.9961727741 0.0246851618005
635000 14.9964560052 0.0246479734588
636000 14.995587375 0.0246245807565
637000 14.9956323935 0.0245860253862
638000 14.9978658127 0.0246487838783
639000 14.9980714765 0.0246111281443
640000 14.9979422288 0.0245730726248
641000 14.9983142585 0.0245376128643
642000 14.9985464543 0.0245005503175
643000 14.9970970804 0.0245053386421
644000 14.9974666145 0.0244701319493
645000 14.9977817214 0.0244342812515
646000 14.9982549083 0.0244010971151
647000 14.9962906798 0.0244423710397
648000 14.9964312979 0.0244051139392
649000 14.9959431353 0.0243724493505
650000 14.9961423485 0.0243358250137
651000 14.996923526 0.0243110347544
652000 14.9971476549 0.0242748381173
653000 14.9964432413 0.0242479389013
654000 14.9977400322 0.0242455708317
655000 14.9954072822 0.0243205731681
656000 14.9940907043 0.0243191654783
657000 14.993271584 0.0242959971825
658000 14.9927174841 0.0242654468448
659000 14.9929468948 0.0242297654403
660000 14.9925302118 0.0241966918302
661000 14.9916060685 0.0241777823803
662000 14.9911966549 0.0241447812823
663000 14.990719391 0.0241131351771
664000 14.990589676 0.0240772237175
665000 14.9891091077 0.0240865506234
666000 14.9886522363 0.0240547714103
667000 14.9879376685 0.0240293723571
668000 14.9874747372 0.0239979128361
669000 14.986666383 0.0239757056359
670000 14.9868485612 0.0239406664569
671000 14.9875402028 0.0239150290782
672000 14.9872742916 0.0238809724041
673000 14.987060963 0.0238464935065
674000 14.9868096728 0.0238124893576
675000 14.9868535721 0.0237773042466
676000 14.9865813533 0.023743740897
677000 14.987295742 0.0237194652666
678000 14.9882752678 0.023704749086
679000 14.9882818818 0.0236698900835
680000 14.9892391208 0.0236544805679
681000 14.9887383633 0.0236250964193
682000 14.9880349403 0.0236009759073
683000 14.9878942821 0.0235668907034
684000 14.9872231434 0.0235420409011
685000 14.987786509 0.023514462815
686000 14.9881640427 0.0234832655962
687000 14.9863889864 0.0235161238473
688000 14.984148676 0.0235884654803
689000 14.9834024072 0.0235660812033
690000 14.9849259087 0.0235811711763
691000 14.9852068837 0.0235487682203
692000 14.9852510722 0.023514828773
693000 14.9845708794 0.0234907813444
694000 14.9835400979 0.0234795862437
695000 14.9832508013 0.0234476333782
696000 14.9838826329 0.02342250386
697000 14.9838242907 0.0233890199251
698000 14.9840263053 0.0233564316379
699000 14.9855723371 0.0233741775279
700000 14.9859151055 0.0233433465915
701000 14.9850913672 0.0233246234403
702000 14.9867531575 0.0233505678057
703000 14.9863308075 0.0233212186687
704000 14.9855993672 0.023299606449
705000 14.9852952452 0.0232685888907
706000 14.9855799603 0.0232374189918
707000 14.9871108871 0.0232549733339
708000 14.9873642394 0.0232235536916
709000 14.9879030847 0.0231970949065
710000 14.9883852784 0.023169479986
711000 14.9881410466 0.0231382257807
712000 14.9877217284 0.0231095730478
713000 14.9878808694 0.0230777546443
714000 14.9881366992 0.0230468960288
715000 14.9881244087 0.0230147109038
716000 14.9876928353 0.0229866583724
717000 14.9875793523 0.0229549236538
718000 14.9863756566 0.0229545350956
719000 14.9862325461 0.0229230999051
720000 14.9850178596 0.0229234667257
721000 14.9861801759 0.0229211649969
722000 14.9857665212 0.0228931944161
723000 14.9853225962 0.0228658776829
724000 14.9847940715 0.0228404459153
725000 14.985438559 0.0228180761673
726000 14.9857093143 0.0227882958532
727000 14.9857588859 0.0227570471657
728000 14.985300755 0.0227304413031
729000 14.9835897481 0.0227636096271
730000 14.9833799725 0.0227334358196
731000 14.9831525789 0.0227035164491
732000 14.9818178173 0.0227117451007
733000 14.9812143156 0.022688819444
734000 14.9793710693 0.022732699938
735000 14.9797904805 0.022705681791
736000 14.9782468511 0.0227272842345
737000 14.9796595911 0.0227403544019
738000 14.9798922564 0.0227107728216
739000 14.9797711769 0.0226804053452
740000 14.9799453051 0.0226504659328
741000 14.9800581824 0.0226202209556
742000 14.9805996265 0.0225962556642
743000 14.9817216117 0.0225937224776
744000 14.9810319581 0.0225739184137
745000 14.9809900284 0.0225436974105
746000 14.9796298816 0.0225545125176
747000 14.978288858 0.0225641908235
748000 14.9775782134 0.0225452529381
749000 14.9772227673 0.0225179943889
750000 14.9776587639 0.0224922308927
751000 14.9767478367 0.0224807595574
752000 14.976297567 0.0224554134299
753000 14.9762720767 0.0224256461821
754000 14.9757292888 0.0224025111665
755000 14.974924668 0.0223873231518
756000 14.974438226 0.0223630336025
757000 14.9751149117 0.0223437665321
758000 14.9745803601 0.0223207214873
759000 14.9735587508 0.0223147191639
760000 14.9732642995 0.0222873388896
761000 14.9746973727 0.0223041160437
762000 14.9753921658 0.0222857029974
763000 14.9740922331 0.0222944137517
764000 14.9739596309 0.022265665068
765000 14.9733060265 0.0222461887674
766000 14.9735711744 0.0222187646764
767000 14.9729742498 0.0221978509699
768000 14.9736176012 0.0221783061406
769000 14.9746047543 0.0221714612811
770000 14.9751617253 0.0221496992749
771000 14.974855613 0.0221231231137
772000 14.973716634 0.0221238032597
773000 14.9732454847 0.0221002357706
774000 14.9722241849 0.0220953049743
775000 14.9725610666 0.02206939967
776000 14.9729591338 0.0220445860134
777000 14.9731336435 0.0220169417871
778000 14.9725625861 0.0219960832651
779000 14.9723562294 0.0219688511074
780000 14.9713491829 0.0219637912242
781000 14.9717905832 0.0219401394367
782000 14.9720140776 0.021913257114
783000 14.9715621844 0.0218899654856
784000 14.9713981863 0.0218626945019
785000 14.9720943515 0.0218459604167
786000 14.9713004915 0.0218326211581
787000 14.9716834735 0.0218082736099
788000 14.9710298522 0.0217904259334
789000 14.9711324353 0.0217630845801
790000 14.9712094766 0.0217357075617
791000 14.9702783835 0.0217281969677
792000 14.9708035005 0.0217071414361
793000 14.9706176596 0.0216805979698
794000 14.9704636055 0.0216538740956
795000 14.9709141058 0.0216313564686
796000 14.9704801159 0.0216085686254
797000 14.9705283153 0.0215815439747
798000 14.9700592512 0.0215596301163
799000 14.9707896976 0.0215450508914
800000 14.9711549329 0.0215212487424
801000 14.971317613 0.0214950291116
802000 14.9708671454 0.0214729803733
803000 14.9717791928 0.0214656331847
804000 14.9708631639 0.0214585043041
805000 14.9706579874 0.0214328617299
806000 14.9719875787 0.0214475041034
807000 14.9722325847 0.0214223595333
808000 14.9714692284 0.0214094757414
809000 14.9707753207 0.0213942865398
810000 14.9705211702 0.0213694159278
811000 14.9703346264 0.0213439131126
812000 14.9703599898 0.0213176749069
813000 14.9707180911 0.0212944936573
814000 14.9709249755 0.0212693704014
815000 14.9701993764 0.0212556782046
816000 14.9697152388 0.021235174313
817000 14.9687443239 0.0212313989333
818000 14.9684430447 0.0212076128783
819000 14.9682296284 0.0211828237324
820000 14.9686447046 0.0211610887901
821000 14.9676093022 0.0211606610922
822000 14.9674292896 0.0211357151398
823000 14.9662523367 0.0211428092129
824000 14.9657847331 0.0211223517948
825000 14.9660598707 0.0210985718211
826000 14.9669622505 0.021092348078
827000 14.9665478579 0.0210709445346
828000 14.9665514866 0.0210455275437
829000 14.9656747632 0.0210384250137
830000 14.9652860682 0.0210166983729
831000 14.9647345062 0.0209986742633
832000 14.9659320966 0.021007588326
833000 14.9655610665 0.0209856756301
834000 14.9654519782 0.0209608266152
835000 14.9655379449 0.020935930143
836000 14.9640023908 0.0209671543734
837000 14.9628811073 0.0209720945257
838000 14.962702511 0.0209478584288
839000 14.9620516963 0.0209330279187
840000 14.9619689817 0.0209083006974
841000 14.9615383541 0.020887903121
842000 14.9615307873 0.0208631264334
843000 14.9622185139 0.0208497390274
844000 14.9630395786 0.0208412253109
845000 14.9631788236 0.0208170554518
846000 14.9629208393 0.0207940765849
847000 14.9634909077 0.0207773679972
848000 14.9638480765 0.020755964932
849000 14.9632757197 0.0207394361702
850000 14.9628516819 0.0207193999836
851000 14.9631945325 0.0206979178741
852000 14.963214564 0.0206736627164
853000 14.9632034513 0.0206494576672
854000 14.9629876118 0.0206264342604
855000 14.9627790779 0.0206033920738
856000 14.9631878241 0.0205834048894
857000 14.9640689898 0.0205782674037
858000 14.9638819254 0.0205551615556
859000 14.9637819193 0.0205315034812
860000 14.9644209776 0.0205176005416
861000 14.964313765 0.0204940783332
862000 14.9636555972 0.0204808966604
863000 14.9640522048 0.0204610316629
864000 14.9637561458 0.0204395190778
865000 14.9635069973 0.0204174353087
866000 14.9646052172 0.0204234001393
867000 14.9636664003 0.0204214371038
868000 14.9642387093 0.0204059550554
869000 14.964660598 0.0203868606967
870000 14.9647571297 0.0203636829646
871000 14.9660772205 0.0203830731381
872000 14.966854745 0.0203745489986
873000 14.9664095141 0.0203561012373
874000 14.966936359 0.0203396537289
875000 14.9670200914 0.0203166072962
876000 14.9662645696 0.0203074843557
877000 14.9665167059 0.0202859202953
878000 14.9649567175 0.0203227349667
879000 14.9653719839 0.0203038831982
880000 14.965032863 0.020283668639
881000 14.9655280277 0.0202667143576
882000 14.9650964738 0.0202483564203
883000 14.9648893164 0.0202265107076
884000 14.9651091789 0.0202048508122
885000 14.9641908869 0.0202029032262
886000 14.9649126718 0.0201930159703
887000 14.96362579 0.0202112403682
888000 14.963658875 0.0201885326441
889000 14.9626677972 0.0201901608103
890000 14.9626283132 0.0201675393046
891000 14.961652646 0.0201685166125
892000 14.9607615437 0.020165607591
893000 14.9612796871 0.0201497065769
894000 14.96209192 0.0201435568049
895000 14.9616078817 0.0201268898996
896000 14.9621305661 0.0201112376656
897000 14.9610401401 0.0201183816679
898000 14.961612594 0.0201041457761
899000 14.9630374517 0.0201322370743
900000 14.9642119455 0.0201441229917
901000 14.9637048284 0.0201281724447
902000 14.9635233314 0.0201067003782
903000 14.9637668682 0.0200859332845
904000 14.9647936602 0.0200899665212
905000 14.9659564211 0.0201014129615
906000 14.9660815739 0.0200796400349
907000 14.9653450276 0.020071030068
908000 14.9641511293 0.0200844270588
909000 14.9638895562 0.020064059509
910000 14.9641027981 0.0200431684351
911000 14.963400002 0.0200335089499
912000 14.9634554121 0.020011643071
913000 14.963884762 0.0199943538173
914000 14.9625210287 0.020018955384
915000 14.9625366291 0.0199971067078
916000 14.9620881689 0.0199803276224
917000 14.9636879471 0.0200225053875
918000 14.9632577494 0.020005339131
919000 14.9645456863 0.0200250097533
920000 14.9641541787 0.0200070938754
921000 14.9640745258 0.019985552765
922000 14.9633741067 0.019976169714
923000 14.9651974762 0.0200375937419
924000 14.9647192527 0.0200216373802
925000 14.9648254659 0.0200002974656
926000 14.9649784496 0.0199793072549
927000 14.9652310941 0.0199593751495
928000 14.9651611488 0.0199380129111
929000 14.9650666398 0.0199167981792
930000 14.9638918665 0.0199300216012
931000 14.9650048326 0.0199396893157
932000 14.9644419582 0.019926260794
933000 14.9637886923 0.0199156319786
934000 14.9624983663 0.0199360878713
935000 14.9615831378 0.0199357857797
936000 14.9612935725 0.0199166124367
937000 14.9608569691 0.0199001643135
938000 14.9614226484 0.0198870097139
939000 14.9627316352 0.0199088862509
940000 14.963085859 0.019890880061
941000 14.963784296 0.0198820229556
942000 14.9646407804 0.0198793785555
943000 14.9630434377 0.0199223911643
944000 14.9642707459 0.0199390772624
945000 14.9649163212 0.0199284482945
946000 14.9648537892 0.0199075026335
947000 14.9646863137 0.0198872076049
948000 14.9635686898 0.019897631047
949000 14.9639099403 0.019879612232
950000 14.9646665883 0.0198731026951
951000 14.9652241679 0.0198600480506
952000 14.9646203113 0.0198483867318
953000 14.9652820243 0.0198386084466
954000 14.965101485 0.0198186565072
955000 14.9645783807 0.0198048280409
956000 14.9647749579 0.0197851089016
957000 14.9640539057 0.0197775911038
958000 14.9645459065 0.0197630866917
959000 14.9653211821 0.019757700725
960000 14.9649060929 0.0197415010222
961000 14.9641787762 0.0197343730683
962000 14.9637078444 0.0197194987159
963000 14.9639563366 0.0197006084096
964000 14.9633512098 0.0196894846588
965000 14.9632526858 0.0196693486697
966000 14.9630917502 0.0196496664622
967000 14.9628348845 0.0196310460564
968000 14.9626270275 0.0196118873617
969000 14.9627340329 0.0195919608373
970000 14.9623215448 0.019576125509
971000 14.9616696422 0.0195668369257
972000 14.9623983513 0.0195602917284
973000 14.9622136991 0.0195410808465
974000 14.9611651876 0.0195491483499
975000 14.9607609394 0.0195332976722
976000 14.9601999769 0.0195213578067
977000 14.9612280138 0.0195284478821
978000 14.9623446997 0.0195404019112
979000 14.9619672712 0.0195241074551
980000 14.96207392 0.0195044964826
981000 14.961389312 0.0194966456397
982000 14.9611510261 0.0194782679179
983000 14.9610518767 0.0194587252764
984000 14.9623687968 0.0194834822657
985000 14.9644174585 0.0195711327762
986000 14.9628791669 0.0196116655725
987000 14.9628456314 0.0195918443811
988000 14.9639452577 0.0196028695579
989000 14.9643525744 0.0195872999218
990000 14.964694374 0.0195705167197
991000 14.965204006 0.0195574228636
992000 14.9651694842 0.0195377580416
993000 14.9651611611 0.0195181041223
994000 14.9651045125 0.0194985701443
995000 14.9653670766 0.0194807610059
996000 14.9648144831 0.0194690575138
997000 14.9645300791 0.0194516266163
998000 14.9640183217 0.0194388863245
999000 14.9644934904 0.0194252541367
