0 5.40704537133 0
1000 5.31757051813 0.0632682754418
2000 5.24023879344 0.0759332108378
3000 5.24465103358 0.0570779548785
4000 5.3392884694 0.096177164052
5000 5.43401075242 0.117900676082
6000 5.49539024456 0.115939205168
7000 5.52017014812 0.104061243101
8000 5.47812601405 0.100634687792
9000 5.45380525655 0.0934638702086
10000 5.42362048733 0.0897090216125
11000 5.46930564189 0.0931424512894
12000 5.47074985333 0.0859888431568
13000 5.48118513118 0.0804774847533
14000 5.49119680683 0.0757325021849
15000 5.46580466064 0.0751355633129
16000 5.44423196022 0.0737477717105
17000 5.44263370528 0.0696679897467
18000 5.46063446321 0.0682871779648
19000 5.46117538102 0.0648749613958
20000 5.47649600817 0.0635689731167
21000 5.47226771362 0.0608199344204
22000 5.46721584055 0.0583850237797
23000 5.48365086024 0.0582195567399
24000 5.49325672863 0.0566776893502
25000 5.49318505679 0.0544978235376
26000 5.50597892407 0.0539602318486
27000 5.47410176017 0.0607231740552
28000 5.48208805269 0.0591521175007
29000 5.47204030231 0.0580274756508
30000 5.49602297455 0.0609103322918
31000 5.48947329591 0.0593579828343
32000 5.50310895668 0.0591046946116
33000 5.50921134852 0.0576804882841
34000 5.50799005091 0.0560454024121
35000 5.50736623877 0.0544920572316
36000 5.50127103041 0.0533590997624
37000 5.5059041192 0.0521556670661
38000 5.49254161811 0.052502209251
39000 5.49741072479 0.0514149411501
40000 5.49087581549 0.0505745110449
41000 5.50045690416 0.0502697092165
42000 5.50966733441 0.0499372871303
43000 5.50402320403 0.0491202753467
44000 5.50563044892 0.0480550014869
45000 5.50920090318 0.0471427821159
46000 5.50608085429 0.0462428759741
47000 5.50086110163 0.045573125331
48000 5.5039564003 0.0447480534799
49000 5.50280964797 0.0438677837832
50000 5.49709945041 0.0433776826704
51000 5.50051681293 0.0426778967864
52000 5.51162933696 0.0432952345137
53000 5.51020969098 0.0425167395588
54000 5.51516813351 0.0420318484393
55000 5.51360925505 0.0413101774685
56000 5.51556740717 0.0406318203918
57000 5.51399260805 0.0399617779695
58000 5.51755629655 0.0394430399106
59000 5.52123289769 0.0389566324337
60000 5.51565849011 0.0387147732257
61000 5.51618936873 0.0380939810778
62000 5.51614661666 0.0374893387014
63000 5.50912694846 0.0375550146234
64000 5.51333678575 0.0372124540006
65000 5.51564853728 0.0367203652714
66000 5.5151897065 0.036175166611
67000 5.51491445935 0.0356442259923
68000 5.51761387363 0.0352297109605
69000 5.51559313884 0.0347843345837
70000 5.51429407687 0.0343186633055
71000 5.51266174918 0.0338808128575
72000 5.50659094847 0.033956222943
73000 5.50098715391 0.0339566039473
74000 5.49755845008 0.0336765077794
75000 5.50561533976 0.0341835917564
76000 5.51089830901 0.034145442079
77000 5.51848793317 0.0345408684551
78000 5.51012791344 0.0351007644287
79000 5.5092994965 0.034671779274
80000 5.50614992721 0.034386487807
81000 5.50080797767 0.0343795730968
82000 5.49877910094 0.0340251747905
83000 5.50039821959 0.0336586147512
84000 5.50169048464 0.0332874289597
85000 5.50296843613 0.0329248878763
86000 5.50001937777 0.0326782465085
87000 5.50301304501 0.0324437385417
88000 5.50362489876 0.0320849710842
89000 5.50721750542 0.0319289729118
90000 5.50201421505 0.0319992723665
91000 5.50052857437 0.0316859225829
92000 5.50100795698 0.0313488398655
93000 5.50160526291 0.0310210314391
94000 5.49598895859 0.0311987631531
95000 5.49399463207 0.0309374522938
96000 5.49022268377 0.0308475937623
97000 5.48878201007 0.0305664457417
98000 5.48991174196 0.0302785639394
99000 5.49043528351 0.0299803041927
100000 5.49148462552 0.0297018278547
101000 5.49423303026 0.029537519077
102000 5.50089373409 0.029992339863
103000 5.50616546999 0.0301636990356
104000 5.50512678097 0.0298943040257
105000 5.5029221309 0.0296934654547
106000 5.50226287826 0.0294232738666
107000 5.50654666579 0.0294610279597
108000 5.5117440369 0.029645646193
109000 5.51103210373 0.0293846875281
110000 5.51256961886 0.0291601570988
111000 5.51198736228 0.0289056110844
112000 5.5196847525 0.0296569898979
113000 5.51719083483 0.0295015138598
114000 5.51747895135 0.0292463858189
115000 5.5157470965 0.0290454933258
116000 5.521891947 0.0294400673057
117000 5.52137097418 0.0291951844258
118000 5.52412503446 0.0290794555686
119000 5.52109496295 0.0289945633306
120000 5.52015504565 0.0287701694648
121000 5.51854191928 0.0285795361434
122000 5.51855499247 0.0283471851811
123000 5.51801381858 0.0281237441288
124000 5.51782690928 0.0278993752648
125000 5.51882223034 0.0276957001941
126000 5.51519433622 0.0277142164146
127000 5.51948442757 0.0278277658338
128000 5.51688055122 0.0277336030211
129000 5.51924657457 0.027621008923
130000 5.51805238264 0.0274359647737
131000 5.51639505052 0.0272781280921
132000 5.51562055758 0.0270840220298
133000 5.51623862315 0.0268889537593
134000 5.51707309249 0.0267027216073
135000 5.52243044127 0.0270384582771
136000 5.52431694016 0.0269068281926
137000 5.52376258701 0.0267175611506
138000 5.52330557101 0.0265292569255
139000 5.52094700564 0.0264443977172
140000 5.52224601021 0.0262887343585
141000 5.519734912 0.0262232581524
142000 5.52410862215 0.0264020994026
143000 5.52090945357 0.0264118635302
144000 5.52115006655 0.0262308087206
145000 5.51887989651 0.026149198122
146000 5.51997074963 0.0259940557514
147000 5.51983104093 0.0258187956789
148000 5.5179323101 0.0257152373373
149000 5.5214205333 0.0257793022655
150000 5.52204054939 0.0256160333047
151000 5.52217748269 0.0254478727631
152000 5.52059653248 0.0253306074949
153000 5.52238036746 0.0252288555599
154000 5.5242614564 0.0251361188693
155000 5.52297999092 0.0250076337899
156000 5.52150743378 0.0248916669929
157000 5.51933123433 0.0248290716666
158000 5.52061066725 0.0247058563451
159000 5.51999391268 0.0245591418366
160000 5.51679710324 0.0246137820519
161000 5.51707487014 0.0244634123773
162000 5.51491975673 0.0244080732557
163000 5.51449083904 0.024263011886
164000 5.51488477667 0.02411916113
165000 5.51671375073 0.0240431112098
166000 5.51852583872 0.0239673301836
167000 5.51966112985 0.02385154074
168000 5.52052558581 0.0237260675126
169000 5.51789795349 0.0237315598538
170000 5.51694981645 0.0236117114658
171000 5.51596254579 0.0234950652595
172000 5.51527639849 0.0233692725712
173000 5.51465034788 0.0232433506788
174000 5.51772633229 0.0233131782702
175000 5.51635836372 0.0232208171139
176000 5.5150584402 0.0231259829128
177000 5.51379566542 0.0230305122313
178000 5.50977861505 0.0232495437562
179000 5.51048089463 0.0231309837793
180000 5.51235729139 0.0230791699144
181000 5.51036213549 0.0230384388379
182000 5.50945780055 0.0229302879293
183000 5.50947133312 0.0228056707924
184000 5.50977004706 0.022684353124
185000 5.50883896963 0.0225814941506
186000 5.51051146572 0.0225225889624
187000 5.51033935816 0.0224034455322
188000 5.51338741535 0.0224913017674
189000 5.51683569284 0.022635721226
190000 5.51450459521 0.0226369232408
191000 5.51333784139 0.0225490710033
192000 5.51320108805 0.0224326511186
193000 5.51307385894 0.02231737969
194000 5.51221291138 0.0222195319633
195000 5.5101358434 0.022203036272
196000 5.51083223609 0.0221012488972
197000 5.51094225751 0.0219899002731
198000 5.50904098744 0.0219614373669
199000 5.5083422998 0.0218627414821
200000 5.51016814235 0.0218300800931
201000 5.51083620167 0.0217322301937
202000 5.50934291045 0.0216764185719
203000 5.50813332078 0.0216038840792
204000 5.50773898159 0.0215020979461
205000 5.50854590653 0.0214128545076
206000 5.50810054393 0.0213140417763
207000 5.5053774422 0.0213848159303
208000 5.5041751655 0.0213162660709
209000 5.50526570726 0.0212426378241
210000 5.50560268741 0.0211446344695
211000 5.50517890101 0.0210491420194
212000 5.50877347922 0.0212550283109
213000 5.50892613937 0.0211562539677
214000 5.51014843898 0.021093132328
215000 5.51011191626 0.0209955105571
216000 5.51069241185 0.0209067804452
217000 5.50928528784 0.0208581770422
218000 5.50897807412 0.0207651965299
219000 5.50865035664 0.0206733951389
220000 5.50735911434 0.0206201358707
221000 5.50700643164 0.0205302682616
222000 5.50937721068 0.0205746344543
223000 5.5084328669 0.0205044439113
224000 5.50780056974 0.0204230598213
225000 5.50643226079 0.0203784778915
226000 5.50656337958 0.0202891266777
227000 5.50553832082 0.0202260170041
228000 5.50389223502 0.0202045657503
229000 5.50394322027 0.0201167841416
230000 5.50498258912 0.0200565309282
231000 5.50436410486 0.0199796142034
232000 5.5063520841 0.0199925225013
233000 5.50500297932 0.0199525515593
234000 5.50427373794 0.0198809690588
235000 5.50466354466 0.0198005487713
236000 5.50520861765 0.0197245031578
237000 5.50314974007 0.0197487893539
238000 5.50268691133 0.0196715810702
239000 5.50230171952 0.0195933870317
240000 5.50148617273 0.0195290522808
241000 5.50019819206 0.0194907799126
242000 5.50067908868 0.0194165026241
243000 5.50024578488 0.0193417610505
244000 5.50230589536 0.0193722166412
245000 5.50263872735 0.0192963267567
246000 5.50368765851 0.0192466923436
247000 5.50212062596 0.0192327714637
248000 5.5030459335 0.0191777772281
249000 5.50296511593 0.0191012364061
250000 5.50408796008 0.0190581098364
251000 5.50417643395 0.0189826877774
252000 5.50288232859 0.0189517175291
253000 5.50382086859 0.0189003296923
254000 5.50329120994 0.0188336308082
255000 5.50483083785 0.0188228881525
256000 5.50577268398 0.018773196264
257000 5.50738511093 0.0187695497575
258000 5.50859624669 0.0187361149596
259000 5.50655168985 0.0187752765232
260000 5.50449066676 0.0188161231533
261000 5.50324710944 0.0187853542865
262000 5.50329971869 0.0187140007511
263000 5.50307291898 0.0186444886555
264000 5.50418608621 0.0186073331876
265000 5.50234993224 0.0186277554726
266000 5.50317640262 0.0185763138389
267000 5.50338279518 0.0185081457642
268000 5.50554711369 0.0185654572663
269000 5.50562190772 0.0184968469729
270000 5.50433232151 0.0184734927159
271000 5.50329489858 0.0184346819252
272000 5.50338199223 0.0183673613512
273000 5.50384656951 0.0183062016661
274000 5.50311158303 0.0182543823998
275000 5.5019095074 0.018227779511
276000 5.50284226028 0.0181858250326
277000 5.50125887586 0.0181892080169
278000 5.5018533887 0.0181337269229
279000 5.50330573528 0.0181270301864
280000 5.50143374792 0.0181589244503
281000 5.49911083332 0.0182425012949
282000 5.49916143327 0.018178110335
283000 5.49806637098 0.018147056594
284000 5.49596657835 0.0182044606827
285000 5.49549053525 0.0181470318721
286000 5.49652688569 0.0181133698519
287000 5.49595454661 0.0180595162146
288000 5.49531208044 0.0180084507604
289000 5.49438422082 0.0179702400752
290000 5.49584924175 0.0179681052338
291000 5.49732680584 0.0179672198894
292000 5.49756963247 0.0179075391433
293000 5.49843621384 0.0178675846398
294000 5.5002192853 0.0178957650027
295000 5.50019581643 0.017835321726
296000 5.49999071099 0.0177764494505
297000 5.50005856736 0.017716926446
298000 5.49985645805 0.0176588252746
299000 5.49983994105 0.0175999702481
300000 5.49891165164 0.0175659622858
301000 5.49932538603 0.0175126685516
302000 5.49757589991 0.0175420386724
303000 5.49799440962 0.0174893261893
304000 5.49863436419 0.0174436885437
305000 5.49773797347 0.0174096995115
306000 5.49689334437 0.0173734668418
307000 5.49749610081 0.017327512367
308000 5.49583756394 0.0173506297721
309000 5.49556910868 0.0172967366926
310000 5.49510061388 0.0172474637717
311000 5.49419962922 0.0172157004774
312000 5.49484146495 0.017172658531
313000 5.49617947162 0.0171700147696
314000 5.49538357455 0.0171339433215
315000 5.4951200062 0.0170817490737
316000 5.49480039154 0.0170308533042
317000 5.49335968786 0.0170381254513
318000 5.49296393173 0.0169893100263
319000 5.4954676983 0.0171197182131
320000 5.4946521409 0.0170858006731
321000 5.49379509294 0.0170542210037
322000 5.4938872692 0.0170016706575
323000 5.4937675009 0.0169496182141
324000 5.4933360452 0.0169029560433
325000 5.49469227759 0.016905428531
326000 5.49456725565 0.0168541922583
327000 5.49628979992 0.0168906025141
328000 5.49586840902 0.0168445189585
329000 5.49405752344 0.01689053494
330000 5.49450245486 0.0168453653184
331000 5.49279332306 0.0168811079126
332000 5.49230760889 0.016837400086
333000 5.49220205374 0.0167873195726
334000 5.49023818852 0.0168516880815
335000 5.49037018742 0.0168020512121
336000 5.48967154704 0.0167667121658
337000 5.48955942867 0.01671748137
338000 5.48950220008 0.01666826522
339000 5.49045659771 0.0166465421106
340000 5.49148137054 0.0166292382234
341000 5.49105780697 0.0165860081394
342000 5.49150552962 0.0165436942386
343000 5.49214739809 0.0165080491353
344000 5.4919209638 0.0164617525983
345000 5.49249250655 0.0164240941025
346000 5.49229354201 0.0163779675217
347000 5.49202216107 0.0163331526165
348000 5.49283600535 0.0163066161616
349000 5.49342949809 0.016270822574
350000 5.49271673085 0.0162400713572
351000 5.4920164607 0.0162090255466
352000 5.49299418903 0.0161925690604
353000 5.49225955552 0.016163483381
354000 5.49287489262 0.0161296610031
355000 5.49281949704 0.0160844480914
356000 5.49203677959 0.0160584270103
357000 5.49237931726 0.0160172239384
358000 5.49299458403 0.0159844204142
359000 5.49409178351 0.0159776317469
360000 5.49302081833 0.0159692249211
361000 5.49210850122 0.0159511499558
362000 5.49223988936 0.0159077485007
363000 5.49138768265 0.0158868566182
364000 5.490418749 0.0158728509392
365000 5.49134277118 0.0158563551982
366000 5.49243652767 0.0158508281302
367000 5.49127733372 0.0158500853156
368000 5.49242234594 0.0158484351075
369000 5.49165999603 0.0158239263583
370000 5.49108619084 0.0157916744635
371000 5.48989599286 0.0157940118783
372000 5.49115414495 0.0158017014639
373000 5.49000047493 0.0158015090827
374000 5.48946117776 0.0157685720036
375000 5.48901803658 0.0157328598359
376000 5.4888212885 0.0156923582856
377000 5.48878524642 0.0156508855008
378000 5.48978694056 0.0156416128531
379000 5.48921709948 0.0156108272303
380000 5.48896687269 0.0155718592506
381000 5.48890675196 0.0155312112795
382000 5.48831730905 0.0155018410926
383000 5.48807472365 0.0154633696848
384000 5.48828336403 0.0154246125699
385000 5.48724729975 0.0154194091579
386000 5.48716760516 0.0153797716712
387000 5.48607666135 0.0153787767405
388000 5.48661213712 0.015348562182
389000 5.48600963094 0.0153210279886
390000 5.48593141277 0.0152820434355
391000 5.48465915854 0.015295925539
392000 5.48375996786 0.0152834117966
393000 5.48474880585 0.0152765768687
394000 5.48560936135 0.0152621210194
395000 5.48583536395 0.0152252535493
396000 5.48651308007 0.015201978766
397000 5.48678602099 0.0151662328735
398000 5.48746849815 0.015143570141
399000 5.48649274981 0.0151371138582
400000 5.48584282949 0.0151133113476
401000 5.48656183011 0.0150928092216
402000 5.48659875617 0.0150554032537
403000 5.48602099578 0.0150292192712
404000 5.48516777955 0.0150163093116
405000 5.48490899213 0.0149815531018
406000 5.48396687947 0.0149743363948
407000 5.48343259359 0.0149471632386
408000 5.4832591145 0.0149116242858
409000 5.48220572419 0.0149124149715
410000 5.48209642912 0.0148765322371
411000 5.48142357033 0.0148556329047
412000 5.48191459785 0.0148277756658
413000 5.48236725753 0.0147988675267
414000 5.48148239347 0.0147896381456
415000 5.48033122774 0.0147988193637
416000 5.48076782745 0.0147697695391
417000 5.48063271564 0.0147350531413
418000 5.48060500446 0.0146999120073
419000 5.48002042998 0.014676531062
420000 5.47995236909 0.0146418277549
421000 5.47974550312 0.0146085927527
422000 5.47971617504 0.0145740865118
423000 5.48070570597 0.0145732678423
424000 5.48110749331 0.0145445154163
425000 5.4818476953 0.0145291963966
426000 5.48172281274 0.0144957068661
427000 5.48082698678 0.0144894927036
428000 5.48067034361 0.0144565643574
429000 5.48096228419 0.0144258919108
430000 5.48114793606 0.014393615724
431000 5.48146293225 0.0143637435127
432000 5.48171498924 0.0143327822901
433000 5.48281874084 0.0143421938193
434000 5.48221733659 0.0143218269045
435000 5.48150680391 0.0143065932499
436000 5.48149127283 0.0142738634804
437000 5.48054900877 0.0142723418194
438000 5.48086079845 0.0142432360192
439000 5.48185081895 0.0142452307056
440000 5.48198449002 0.014213555737
441000 5.48193886263 0.0141814716059
442000 5.48150357947 0.0141561379241
443000 5.48104441062 0.0141316995747
444000 5.48076447206 0.0141027153622
445000 5.48100814954 0.0140731999895
446000 5.48097425419 0.0140417571391
447000 5.48151222556 0.0140207155916
448000 5.48151318983 0.0139894890867
449000 5.4815426804 0.013958432417
450000 5.48225441755 0.013945616305
451000 5.48239649788 0.0139154869221
452000 5.48227059172 0.0138853379904
453000 5.48273222417 0.0138624251462
454000 5.48374133347 0.0138686384828
455000 5.48416758154 0.0138447735496
456000 5.48272760301 0.0138891619972
457000 5.4832721004 0.0138695051864
458000 5.48403858103 0.0138604515086
459000 5.48290249263 0.0138768024003
460000 5.4835444568 0.0138615420933
461000 5.48306827212 0.0138397155095
462000 5.48342941151 0.0138145351738
463000 5.48347685753 0.0137848439451
464000 5.4817082861 0.0138681873792
465000 5.48231262107 0.0138515886353
466000 5.48181538729 0.0138308496263
467000 5.48299213307 0.0138512655629
468000 5.4823057767 0.0138387266269
469000 5.48220716236 0.0138096338846
470000 5.48192629077 0.0137831700692
471000 5.48133039818 0.0137668436271
472000 5.48199125682 0.0137535909139
473000 5.48185545268 0.0137252453538
474000 5.48211950597 0.0136988898612
475000 5.48327124394 0.0137184415879
476000 5.48292636091 0.0136940162633
477000 5.48220201793 0.0136845112928
478000 5.48160782423 0.0136688364988
479000 5.48186759432 0.0136428279396
480000 5.4825351545 0.0136307869534
481000 5.48233232218 0.0136040163474
482000 5.48132057843 0.0136134208725
483000 5.48165717528 0.0135894545734
484000 5.48120541626 0.0135689419939
485000 5.48064636462 0.0135525341619
486000 5.47958314421 0.0135663472096
487000 5.47909246931 0.0135474179079
488000 5.47832878385 0.0135412214373
489000 5.47802328215 0.0135170320438
490000 5.47747730629 0.0135005243897
491000 5.47771566563 0.0134751883192
492000 5.47627301665 0.0135248595612
493000 5.4758393 0.0135044337483
494000 5.47703701559 0.0135301608398
495000 5.47663831352 0.0135087554192
496000 5.47565173698 0.0135175528338
497000 5.47568564352 0.0134904516778
498000 5.47542958968 0.0134658464842
499000 5.47514471663 0.0134419277307
500000 5.47459537017 0.0134263182244
501000 5.47347354716 0.0134463573138
502000 5.47438797863 0.0134506824167
503000 5.4742310258 0.0134249102461
504000 5.47447437723 0.0134005316822
505000 5.47489770347 0.0133807332397
506000 5.47385407812 0.0133949780199
507000 5.4737118289 0.0133693652461
508000 5.47416010451 0.0133506125411
509000 5.47418435293 0.0133244568904
510000 5.47480863537 0.0133129981569
511000 5.47397816285 0.0133128736862
512000 5.47406727763 0.0132872209238
513000 5.47456932409 0.0132708516117
514000 5.47375202939 0.0132702259371
515000 5.47345513117 0.0132478293192
516000 5.47271287012 0.0132429825938
517000 5.4733244276 0.0132315302378
518000 5.47403275329 0.0132249818278
519000 5.47441891148 0.0132051857117
520000 5.47423213006 0.0131811607692
521000 5.47395062711 0.0131589151135
522000 5.47477782971 0.0131597290007
523000 5.47283062551 0.0132778944069
524000 5.47167932117 0.0133024233864
525000 5.4715775261 0.0132775230892
526000 5.47160974145 0.0132523676304
527000 5.47140558785 0.0132288408557
528000 5.47145686813 0.0132039329862
529000 5.47104204555 0.0131855344508
530000 5.47121774826 0.0131618735394
531000 5.47142317663 0.013138736224
532000 5.47148386879 0.0131142258648
533000 5.4709625587 0.0131000247195
534000 5.47168062392 0.0130952039299
535000 5.47138919473 0.0130740150045
536000 5.47169417663 0.0130532253304
537000 5.47098851119 0.0130480232432
538000 5.47093141579 0.013023940326
539000 5.47062192158 0.0130034987285
540000 5.47054293665 0.0129797025666
541000 5.46987037657 0.012973167859
542000 5.46924025049 0.0129645702547
543000 5.46897753012 0.0129433999972
544000 5.46814505556 0.0129463938979
545000 5.4681447113 0.0129226825583
546000 5.46835625763 0.0129007893172
547000 5.46830147333 0.0128773640534
548000 5.46824191948 0.0128540457253
549000 5.46844370234 0.0128322584293
550000 5.46806824687 0.01281446089
551000 5.46788395608 0.0127925714047
552000 5.46785287115 0.0127694761311
553000 5.46836356482 0.0127566346136
554000 5.46831037316 0.0127337605832
555000 5.46882723576 0.0127213435225
556000 5.46895963028 0.0126991934
557000 5.4691016064 0.0126772286058
558000 5.46906133104 0.0126546141774
559000 5.46929756279 0.0126342214039
560000 5.46814779132 0.0126639096542
561000 5.46820323659 0.0126414973821
562000 5.46772774894 0.0126279827169
563000 5.46794988158 0.0126075462384
564000 5.46716233544 0.0126098055333
565000 5.46752664612 0.0125927882864
566000 5.4668249101 0.0125901158014
567000 5.46715058849 0.0125721616879
568000 5.46677447733 0.0125556911463
569000 5.46633199851 0.0125414579578
570000 5.4659097551 0.012526599922
571000 5.46536616564 0.0125164891961
572000 5.46578493857 0.0125016490369
573000 5.46569887046 0.0124801654267
574000 5.46516439525 0.0124699002494
575000 5.46488093757 0.0124514723881
576000 5.46542038529 0.012441572745
577000 5.46497744076 0.0124279298809
578000 5.46515021869 0.0124076663627
579000 5.46540013451 0.0123887904872
580000 5.46520391919 0.0123690210124
581000 5.46492027554 0.0123510201976
582000 5.46528830239 0.0123353167959
583000 5.46567178756 0.0123201542049
584000 5.46500676447 0.0123170295001
585000 5.46439062077 0.0123114119346
586000 5.46433548879 0.0122905619333
587000 5.46499321454 0.0122872460122
588000 5.46539760644 0.0122730375846
589000 5.46544257767 0.0122523182181
590000 5.46601462786 0.0122449336987
591000 5.46637888147 0.0122296662681
592000 5.46593245491 0.0122171882507
593000 5.46562181803 0.012200569115
594000 5.46620492099 0.0121939901432
595000 5.46604655976 0.0121745586897
596000 5.46626455858 0.0121561173913
597000 5.46756903916 0.0122055810679
598000 5.46748518356 0.0121854925236
599000 5.46660292926 0.0121970800514
600000 5.46589623511 0.0121972410213
601000 5.46556552749 0.0121814622884
602000 5.46579320669 0.012163388406
603000 5.46688632315 0.0121922702657
604000 5.46774325336 0.012202195139
605000 5.46727940657 0.0121908725098
606000 5.46729333159 0.012170796653
607000 5.46690962468 0.0121568259264
608000 5.46650521663 0.0121435886199
609000 5.46729247605 0.0121491730057
610000 5.46729185344 0.0121292889414
611000 5.46800125422 0.01213019732
612000 5.46795009143 0.0121105169668
613000 5.46860918424 0.012108714678
614000 5.46854200312 0.0120892120755
615000 5.46884387213 0.0120733549948
616000 5.46868259492 0.0120548642897
617000 5.46829143451 0.0120417026186
618000 5.46852777177 0.0120245681616
619000 5.46793468276 0.0120197912926
620000 5.46774320812 0.0120019607446
621000 5.46766531885 0.0119829177246
622000 5.46721402991 0.0119721784922
623000 5.46680904271 0.0119598401712
624000 5.46674437932 0.0119408792337
625000 5.46679889383 0.0119219287855
626000 5.46605555364 0.0119260659073
627000 5.46633885549 0.0119104397768
628000 5.46647766856 0.0118923131481
629000 5.46677555458 0.0118771666912
630000 5.46700049962 0.0118604738808
631000 5.46669719703 0.0118455847839
632000 5.46685012193 0.0118278584585
633000 5.46567575671 0.0118673595544
634000 5.46582999226 0.0118496730272
635000 5.46537096222 0.0118399290301
636000 5.46522070085 0.0118222954647
637000 5.46496937296 0.0118064363842
638000 5.46560825509 0.0118052332285
639000 5.46474926366 0.0118179978909
640000 5.46468505065 0.0117997355259
641000 5.46437191389 0.0117855100935
642000 5.46405385843 0.0117714720483
643000 5.46320858322 0.0117835026632
644000 5.46355470181 0.0117703158658
645000 5.46381526277 0.0117549792442
646000 5.46349754675 0.0117411036688
647000 5.46329302823 0.0117247658023
648000 5.46413066179 0.01173658262
649000 5.46385878324 0.0117216749563
650000 5.46385782315 0.0117036693505
651000 5.46439803585 0.0116981797412
652000 5.46441083639 0.0116802722273
653000 5.46401034603 0.0116692764223
654000 5.46487366308 0.0116833520726
655000 5.46443940476 0.0116736097653
656000 5.46351198159 0.01169262377
657000 5.46340497544 0.0116753434533
658000 5.46356873278 0.0116587750619
659000 5.46388619353 0.0116454315725
660000 5.46379574156 0.0116281649452
661000 5.46365043921 0.011611507535
662000 5.4638743031 0.0115961517385
663000 5.46352067132 0.0115840785091
664000 5.4630438406 0.0115764684769
665000 5.46396083672 0.0115953480984
666000 5.46371216197 0.0115806300107
667000 5.46349571401 0.0115653163234
668000 5.46368958203 0.0115496536342
669000 5.46393583689 0.0115350402964
670000 5.46525303739 0.0115928119105
671000 5.46526394497 0.0115755658337
672000 5.46471260612 0.0115714884428
673000 5.46509424371 0.0115606117164
674000 5.46447249196 0.0115601922908
675000 5.46519744632 0.0115658004812
676000 5.46560707125 0.0115559681294
677000 5.4658020379 0.0115405685024
678000 5.46579827469 0.0115235726969
679000 5.46514222247 0.011525286096
680000 5.4658374334 0.0115293107003
681000 5.46606875035 0.0115147258188
682000 5.4656670174 0.0115048725973
683000 5.46552243149 0.011488961104
684000 5.46542019754 0.0114726437508
685000 5.46521622542 0.011457732847
686000 5.46498666638 0.0114433543346
687000 5.46503293215 0.0114268150785
688000 5.46564293757 0.0114265010072
689000 5.46529439213 0.0114152555078
690000 5.46514509489 0.0113997118697
691000 5.46518958599 0.0113833251178
692000 5.46512829617 0.0113670639596
693000 5.46560697976 0.0113607594647
694000 5.46546401733 0.0113453125236
695000 5.46487840175 0.0113441156969
696000 5.46512685508 0.0113305604903
697000 5.46494425065 0.0113157989355
698000 5.46462001967 0.0113042545139
699000 5.46564691684 0.0113346521303
700000 5.46552210496 0.0113191700331
701000 5.46460494148 0.0113401426926
702000 5.46473355164 0.0113247408915
703000 5.46451402344 0.0113107821703
704000 5.46380985115 0.0113166370102
705000 5.46375238567 0.0113007536822
706000 5.46338353328 0.0112907875871
707000 5.46293142707 0.0112838881449
708000 5.46303398147 0.0112684389557
709000 5.46270026063 0.0112575084908
710000 5.46291114233 0.0112436501468
711000 5.46298350429 0.0112280913547
712000 5.46318530728 0.0112141570414
713000 5.46288070524 0.0112025870179
714000 5.4624985306 0.0111934360819
715000 5.46209538412 0.0111850603636
716000 5.46210401894 0.0111694638913
717000 5.46216324586 0.0111540645615
718000 5.46207389336 0.0111389091438
719000 5.46221946651 0.0111243896355
720000 5.46251691534 0.0111129364711
721000 5.46256435659 0.0110976458555
722000 5.46256924865 0.0110822974927
723000 5.46243604339 0.0110677909628
724000 5.46298722238 0.0110662409648
725000 5.46345118828 0.011060720106
726000 5.46315744928 0.0110494056282
727000 5.46357579817 0.0110421447255
728000 5.46385648526 0.0110305646528
729000 5.46385575944 0.0110154543142
730000 5.46420489767 0.0110059169243
731000 5.46420234736 0.0109908818141
732000 5.46428158452 0.010976173053
733000 5.46447480203 0.0109629196454
734000 5.46490182083 0.0109563173983
735000 5.46481446384 0.0109417793496
736000 5.4644572296 0.0109327630244
737000 5.46418949406 0.0109212268162
738000 5.46369322842 0.0109177178797
739000 5.46362593105 0.0109031716171
740000 5.46366093885 0.0108885136866
741000 5.46334989118 0.0108782810177
742000 5.4635073924 0.0108647801247
743000 5.46351593498 0.0108501802839
744000 5.46272363542 0.0108645053374
745000 5.46271348276 0.0108499464011
746000 5.46256696789 0.0108364109114
747000 5.46312873576 0.0108364751873
748000 5.46315513096 0.0108220394095
749000 5.46348474585 0.0108126285212
750000 5.46387988449 0.0108054484765
751000 5.46384898287 0.0107911237155
752000 5.46353481068 0.0107813653
753000 5.46333369189 0.0107689421085
754000 5.46333289248 0.0107546786387
755000 5.46386348263 0.0107535334398
756000 5.46421344988 0.0107450212069
757000 5.46430432962 0.0107312300337
758000 5.4644699992 0.0107183701244
759000 5.46458951886 0.0107049333621
760000 5.46433472207 0.0106938983151
761000 5.46426074569 0.0106801201952
762000 5.46445812319 0.0106679463532
763000 5.46422511757 0.0106565273832
764000 5.463800298 0.0106510615745
765000 5.46368559859 0.0106377743653
766000 5.464258597 0.0106393259824
767000 5.46331746454 0.0106670167796
768000 5.46292937711 0.0106602028576
769000 5.4625870507 0.0106518535089
770000 5.46338520479 0.0106678992087
771000 5.4630993996 0.0106579085223
772000 5.46311827314 0.0106441375121
773000 5.46256256771 0.0106448815507
774000 5.46309284684 0.0106443460611
775000 5.46364657593 0.0106450221359
776000 5.46366633262 0.0106313403124
777000 5.46316124714 0.010629666659
778000 5.46348845545 0.0106210563473
779000 5.46312080429 0.0106138008803
780000 5.46417198729 0.010652137873
781000 5.46448038839 0.0106429796972
782000 5.46489328849 0.0106373934554
783000 5.46525703617 0.0106300427427
784000 5.46574026287 0.0106274790122
785000 5.46554300405 0.0106157885693
786000 5.46504963349 0.0106137581864
787000 5.46510584826 0.0106004378172
788000 5.46511605771 0.0105870074512
789000 5.4654604236 0.0105792053257
790000 5.46586483472 0.0105735577397
791000 5.46595466738 0.010560588889
792000 5.46618095421 0.010549695727
793000 5.46596763173 0.0105385655034
794000 5.465626746 0.0105308212335
795000 5.4653235222 0.0105219561564
796000 5.46530105993 0.0105087781801
797000 5.46503690091 0.0104989288409
798000 5.46540903593 0.0104923818535
799000 5.46489079847 0.010492056907
800000 5.46450547235 0.0104860314706
801000 5.46382797664 0.0104948200769
802000 5.4643611761 0.0104952866783
803000 5.46402630604 0.0104875737792
804000 5.46378800276 0.0104772528037
805000 5.46410351547 0.0104690033386
806000 5.4644566313 0.0104619841378
807000 5.46427137294 0.0104506762646
808000 5.46452333628 0.0104407951937
809000 5.4637360166 0.0104575482999
810000 5.46346175101 0.0104482495689
811000 5.46339596537 0.0104355893685
812000 5.46363842379 0.0104255697002
813000 5.46350946118 0.0104135594678
814000 5.4631599338 0.0104066463217
815000 5.46278467796 0.0104006565997
816000 5.46250764595 0.0103916151567
817000 5.46197015813 0.010392802476
818000 5.4623065545 0.0103855556981
819000 5.4625320679 0.0103753385121
820000 5.46259098143 0.0103628683326
821000 5.46291399806 0.010355294521
822000 5.46299304569 0.0103430138487
823000 5.46265375484 0.0103360251752
824000 5.46334571939 0.0103466331648
825000 5.46399012959 0.0103541551428
826000 5.4645352199 0.0103559730939
827000 5.46461601267 0.0103437810301
828000 5.46445782478 0.0103325131266
829000 5.46461663391 0.0103212846794
830000 5.46432805712 0.010312897787
831000 5.46406532887 0.0103038485262
832000 5.46395169478 0.0102921055373
833000 5.46388548291 0.0102799778604
834000 5.46407686571 0.0102694478462
835000 5.4643900708 0.0102619388845
836000 5.46396645158 0.0102584184094
837000 5.46421671899 0.0102492292041
838000 5.46381790914 0.0102447693451
839000 5.46414365641 0.0102377506841
840000 5.4639344207 0.0102277152989
841000 5.46379650484 0.010216498191
842000 5.46354300492 0.0102075235129
843000 5.46312401774 0.0102040247297
844000 5.46360199927 0.0102031377325
845000 5.46323317698 0.0101977411879
846000 5.4628508472 0.0101928659126
847000 5.46285198536 0.0101808460871
848000 5.46323720338 0.0101761397518
849000 5.46324377487 0.0101641699446
850000 5.46321601237 0.0101522640644
851000 5.46392949862 0.0101653887285
852000 5.46406862615 0.0101544235409
853000 5.46438683657 0.0101475177899
854000 5.46412960518 0.0101389091279
855000 5.46336848958 0.0101555924387
856000 5.46329550987 0.010144004491
857000 5.46336874264 0.0101324459837
858000 5.46298242056 0.0101280123714
859000 5.46271890264 0.0101196632315
860000 5.4628796463 0.0101091864166
861000 5.46327554144 0.0101052078554
862000 5.46316072793 0.0100941506844
863000 5.46351917011 0.0100888297537
864000 5.46362744836 0.0100777473975
865000 5.46288378224 0.0100935116173
866000 5.46319759752 0.0100867469386
867000 5.46351857015 0.0100802318396
868000 5.46329498107 0.0100711114364
869000 5.46360556222 0.0100643232842
870000 5.46413142954 0.0100664974546
871000 5.46447533574 0.0100608261008
872000 5.46456506889 0.0100497018322
873000 5.46420629694 0.0100446053125
874000 5.46434762424 0.0100341199497
875000 5.46384581918 0.0100352052341
876000 5.46452777146 0.010046907233
877000 5.46408333329 0.0100452896302
878000 5.46404022919 0.0100339540208
879000 5.4636304242 0.0100309169012
880000 5.46362270503 0.0100195340405
881000 5.46407651293 0.0100184457587
882000 5.46414974444 0.0100073674859
883000 5.46428241347 0.00999692630144
884000 5.46409061811 0.00998747000851
885000 5.46369611027 0.00998398601362
886000 5.46407673599 0.00997998288905
887000 5.46409345231 0.00996875816936
888000 5.46428861832 0.009959454992
889000 5.46393304295 0.00995460999722
890000 5.46365189524 0.00994740702583
891000 5.46341790439 0.00993900690291
892000 5.46332857198 0.00992827845042
893000 5.46352600309 0.00991913583061
894000 5.46393883013 0.00991664005292
895000 5.46442799055 0.00991762950153
896000 5.46448517072 0.00990673789336
897000 5.4645464515 0.00989589542379
898000 5.46472459032 0.00988649098736
899000 5.46472697551 0.0098755062851
900000 5.46482513222 0.00986503347668
901000 5.46476677293 0.00985426925112
902000 5.46488525908 0.00984406874254
903000 5.46484619919 0.00983325677774
904000 5.46453581034 0.00982728882479
905000 5.46425477477 0.00982045955822
906000 5.46405755514 0.00981161228411
907000 5.4639527425 0.00980136635871
908000 5.46438493889 0.0098001081083
909000 5.4645065524 0.00979009330532
910000 5.46420912868 0.00978386360414
911000 5.46344361205 0.00980303801063
912000 5.46353617946 0.00979273787333
913000 5.46348779271 0.00978214325892
914000 5.46367287912 0.00977320323076
915000 5.46367090239 0.00976253399482
916000 5.46402336552 0.00975824835802
917000 5.4641932381 0.00974909692519
918000 5.4642136492 0.00973850991659
919000 5.46421654306 0.00972792500969
920000 5.46475936152 0.00973249551766
921000 5.46487420348 0.00972261720076
922000 5.46501494955 0.009713102165
923000 5.46494340586 0.00970285363045
924000 5.46467510888 0.00969607273582
925000 5.4648628965 0.00968742012226
926000 5.46472406701 0.00967796455574
927000 5.46443561714 0.00967183335592
928000 5.46454026341 0.00966198844411
929000 5.46448757607 0.00965174286158
930000 5.46427056285 0.00964381518357
931000 5.46394442943 0.00963898073585
932000 5.46387947611 0.00962886841183
933000 5.46364847749 0.00962132958507
934000 5.46335726347 0.00961544554964
935000 5.4630460257 0.00961020847104
936000 5.46373025496 0.00962427922398
937000 5.46353049215 0.00961609172642
938000 5.46411237898 0.00962344034686
939000 5.46410559042 0.00961320503875
940000 5.46387730293 0.00960569931416
941000 5.46436238987 0.00960774279697
942000 5.4645795073 0.0096000072255
943000 5.46445290451 0.00959067249493
944000 5.46446180744 0.0095805277674
945000 5.4641717486 0.0095747902451
946000 5.46373210983 0.00957476755896
947000 5.46352338598 0.00956694234629
948000 5.46332483885 0.00955892131665
949000 5.46349540352 0.00955038090873
950000 5.46361055281 0.00954103260153
951000 5.46347898637 0.0095319175855
952000 5.46317941809 0.00952662181317
953000 5.46336653855 0.00951847335482
954000 5.46316894082 0.00951055715045
955000 5.46378593803 0.00952060167428
956000 5.46311163378 0.00953450246001
957000 5.46318863042 0.00952486084349
958000 5.46326622192 0.00951524480051
959000 5.46291498918 0.00951181334087
960000 5.463476477 0.00951847355979
961000 5.46394625502 0.00952016483165
962000 5.46370931266 0.00951322699668
963000 5.46372442436 0.00950337050634
964000 5.46380046221 0.00949382664411
965000 5.46425240045 0.00949474946664
966000 5.46423877729 0.00948494047111
967000 5.46453064958 0.00947963168834
968000 5.46484691339 0.00947512298697
969000 5.46493063284 0.00946572467219
970000 5.46527201866 0.00946213036057
971000 5.46552165153 0.00945568803136
972000 5.46544796302 0.00944625707949
973000 5.4654191959 0.00943660246643
974000 5.46483608038 0.00944492293126
975000 5.46463589275 0.00943736703247
976000 5.46465870565 0.00942773506882
977000 5.46461108768 0.00941821551251
978000 5.4646286504 0.00940861164707
979000 5.46499221164 0.00940603264471
980000 5.46472406071 0.00940026593605
981000 5.46480998567 0.00939108606254
982000 5.46496411112 0.00938279722653
983000 5.46468869567 0.00937730315947
984000 5.46477046849 0.00936813958941
985000 5.46472757786 0.00935873661731
986000 5.46457549961 0.00935049015893
987000 5.46450159415 0.00934131816663
988000 5.46495973643 0.0093431009249
989000 5.46506346388 0.00933423922442
990000 5.46461515984 0.00933557956073
991000 5.46439482694 0.00932876841605
992000 5.46501531714 0.00933998661646
993000 5.46549244671 0.00934276929177
994000 5.46584371662 0.00933998077126
995000 5.46558025103 0.00933431850757
996000 5.46539195474 0.00932685510946
997000 5.46536984963 0.00931753575832
998000 5.46519932753 0.00930976914467
999000 5.46525084051 0.00930060189071
