0 14.319593302 0
1000 14.8909161724 0.403986275929
2000 14.9254597149 0.27079700936
3000 14.748856418 0.254244453723
4000 14.4671179396 0.323837939768
5000 14.5092622109 0.272593483921
6000 14.5660545075 0.239494569704
7000 14.7225909615 0.255646540551
8000 14.7478371745 0.228484555716
9000 14.8472765587 0.226242298655
10000 14.8803225554 0.208074246489
11000 14.9095251962 0.19277308871
12000 14.8406045988 0.189865389587
13000 14.861069797 0.177403098163
14000 14.8729923143 0.165976372596
15000 14.9201131925 0.16215378597
16000 14.9459116118 0.154653956542
17000 14.966859688 0.147473967915
18000 14.9227230312 0.146167742979
19000 14.9488803532 0.141180437457
20000 14.9458666134 0.134489722371
21000 15.0168871103 0.145928687017
22000 15.021473445 0.139656013946
23000 15.0534937711 0.137458817622
24000 15.0093581138 0.138865410726
25000 15.0319519373 0.135349995536
26000 15.0486936 0.131368354298
27000 15.0318879188 0.127747062672
28000 15.0011082959 0.126995919646
29000 14.967193459 0.127210697722
30000 14.945865218 0.12488228276
31000 14.9579807512 0.121565988887
32000 14.9627452092 0.117975499274
33000 14.9723730473 0.114897818148
34000 14.971016251 0.111623034071
35000 14.9677865215 0.108569109091
36000 14.9755433332 0.105911542342
37000 15.0076706852 0.107887189286
38000 15.0047684185 0.105159880701
39000 15.0049498215 0.102531040145
40000 15.0015822597 0.100085570421
41000 14.99618226 0.0978481475349
42000 14.9976941142 0.0955842883542
43000 15.0013276695 0.0934809559101
44000 14.9768825712 0.0945457666674
45000 14.9546910034 0.0950591311905
46000 14.9658954321 0.0936945914184
47000 14.9874400086 0.0941870853964
48000 14.9893515437 0.0922842953276
49000 14.9953544908 0.0906336402265
50000 15.0076195353 0.08968255715
51000 15.0000360925 0.0882779334782
52000 14.9901393677 0.0871653012737
53000 14.9969522454 0.0858169647447
54000 14.9967966436 0.0842567973618
55000 14.9919543911 0.0828912374491
56000 14.9864672303 0.0816184202564
57000 14.9900710283 0.0802907281453
58000 15.0010365956 0.0796751514308
59000 15.0049574287 0.0784436454816
60000 15.0154104355 0.0778510265104
61000 15.0062827704 0.077128596514
62000 15.0032308314 0.0759646909075
63000 15.00819546 0.0749397972355
64000 14.9909997486 0.0757340520272
65000 14.9776980414 0.0757456959735
66000 14.9590323386 0.076880627686
67000 14.9569463602 0.0757783240432
68000 14.9481622271 0.0751874868661
69000 14.9442045287 0.0742174689416
70000 14.9378993029 0.0734394977403
71000 14.9533131536 0.0740194004278
72000 14.9489388755 0.0731345738101
73000 14.9407525676 0.0726029897153
74000 14.9330523676 0.0720421303547
75000 14.9464129507 0.0723224915285
76000 14.9514490736 0.0715583669019
77000 14.9592219702 0.07106185632
78000 14.9597331904 0.0701641779908
79000 14.9642212439 0.0694305166195
80000 14.9599534995 0.0687043890748
81000 14.9656469193 0.0681020242682
82000 14.9632017312 0.0673254006093
83000 14.9481218759 0.0681918262892
84000 14.9380029411 0.0681362040185
85000 14.9363398698 0.0673642156754
86000 14.9361184354 0.0665902782857
87000 14.9451693149 0.0664458166067
88000 14.9341343026 0.0666092537058
89000 14.9314839283 0.0659218588358
90000 14.9416857019 0.0659821115048
91000 14.9412420261 0.0652664063028
92000 14.9506788152 0.0652432770228
93000 14.9503780906 0.0645498926657
94000 14.9484849388 0.063898175738
95000 14.9389912445 0.0639339444322
96000 14.9314050102 0.0637233234922
97000 14.9362884301 0.0632599285464
98000 14.9400276302 0.0627313513045
99000 14.9378792969 0.0621408134211
100000 14.9293389164 0.0621096627505
101000 14.924281148 0.0617063351672
102000 14.9373910688 0.0624843717755
103000 14.9379394427 0.0618859667751
104000 14.9398616391 0.0613264213449
105000 14.9510157374 0.0617538980567
106000 14.937313379 0.0626785109118
107000 14.9345842046 0.062157543366
108000 14.9428596674 0.0621357334464
109000 14.9460278835 0.0616515817319
110000 14.9447079964 0.0611102890505
111000 14.9406293949 0.060700615172
112000 14.9444661116 0.0602845737301
113000 14.9429726646 0.0597742576124
114000 14.941090237 0.059284115017
115000 14.938067136 0.0588500737414
116000 14.9440758966 0.0586530353003
117000 14.9312337615 0.0595452795045
118000 14.9370789784 0.0593311009996
119000 14.940096285 0.0589133483576
120000 14.9477306104 0.0589190343945
121000 14.9535411111 0.0587219036579
122000 14.9508484936 0.058306190382
123000 14.9490103384 0.057864946666
124000 14.9562965462 0.0578589390462
125000 14.958132498 0.0574288624983
126000 14.9536752437 0.0571493764952
127000 14.942351403 0.0578138919732
128000 14.9437618432 0.0573829243914
129000 14.9427206899 0.0569509618174
130000 14.9433606025 0.0565198166313
131000 14.9433888378 0.0560916432549
132000 14.948136095 0.0558704299727
133000 14.9524560873 0.0556202501214
134000 14.9484774506 0.0553503655911
135000 14.945476205 0.0550246852469
136000 14.9416270562 0.0547575097028
137000 14.9382378058 0.0544655050442
138000 14.9346089187 0.0541944234362
139000 14.9384833655 0.0539456378608
140000 14.9376693626 0.0535691857074
141000 14.939637417 0.0532280773823
142000 14.9415896591 0.0528916420622
143000 14.9404378182 0.0525368795269
144000 14.9406832186 0.0521751293506
145000 14.9477979355 0.0523006052235
146000 14.9425359705 0.0522088509769
147000 14.9465812879 0.0520125747631
148000 14.9431526361 0.0517763815549
149000 14.9442392429 0.0514426064691
150000 14.944648451 0.0511035544847
151000 14.942179569 0.0508269494217
152000 14.9426444638 0.0504968732014
153000 14.9429476585 0.0501698816437
154000 14.9503344773 0.0503870738497
155000 14.9442540368 0.0504296226705
156000 14.9468418427 0.050174767833
157000 14.950487519 0.0499894771637
158000 14.947486062 0.0497651027667
159000 14.9491653714 0.0494823966736
160000 14.946678817 0.0492374892434
161000 14.9516866141 0.0491875588716
162000 14.9535659403 0.0489216835712
163000 14.9480275764 0.04893587217
164000 14.9502977719 0.0486919212385
165000 14.9574063471 0.048914737728
166000 14.954926041 0.0486846785928
167000 14.9541582096 0.0484009433948
168000 14.9491728127 0.048370618937
169000 14.9467331548 0.0481475708109
170000 14.943736902 0.0479591447739
171000 14.9389640868 0.0479172153642
172000 14.9394412565 0.0476426130598
173000 14.9434918647 0.0475406858675
174000 14.9422516294 0.0472851995894
175000 14.945790981 0.0471488098806
176000 14.9423672398 0.0470065766434
177000 14.9369970363 0.0470482505869
178000 14.9314294596 0.0471136863251
179000 14.9349762846 0.0469852604562
180000 14.9327712957 0.0467773841433
181000 14.9307054487 0.0465659605893
182000 14.9305314358 0.0463118269225
183000 14.9317481681 0.0460761128027
184000 14.9266135135 0.0461122644041
185000 14.9212521816 0.0461749699754
186000 14.9244686569 0.0460399359917
187000 14.9273598841 0.0458857349113
188000 14.9291967161 0.0456797031625
189000 14.9303768015 0.0454545242283
190000 14.9356654103 0.045523166144
191000 14.9399498401 0.0454872348602
192000 14.9369415658 0.0453509159251
193000 14.9390397996 0.0451656613306
194000 14.942642917 0.0450775338587
195000 14.9452991834 0.0449257406664
196000 14.9448793665 0.0446996527074
197000 14.9426386423 0.0445300234789
198000 14.9403771256 0.0443636444229
199000 14.9419060437 0.0441681641343
200000 14.9439996434 0.0439980130384
201000 14.9508308298 0.0443073368658
202000 14.947079388 0.0442476038492
203000 14.9499696457 0.0441249988207
204000 14.9518179799 0.0439484499352
205000 14.9557024957 0.0439064446263
206000 14.9589094385 0.043811297793
207000 14.9559374793 0.0437013523919
208000 14.9587649535 0.0435836277109
209000 14.9626322948 0.0435473305599
210000 14.9613185342 0.043360757716
211000 14.9585002003 0.0432477209548
212000 14.9574610559 0.0430571623391
213000 14.9530039028 0.0430860388467
214000 14.9495650616 0.0430226525193
215000 14.9447383372 0.0430933788338
216000 14.9433871894 0.0429159685222
217000 14.9393479602 0.0429087703417
218000 14.9354980163 0.0428852081522
219000 14.9305809512 0.0429712374114
220000 14.9255415901 0.0430712740447
221000 14.9230975198 0.0429465474369
222000 14.9221484687 0.0427644470046
223000 14.9254575081 0.0427013662736
224000 14.9256781165 0.0425121522851
225000 14.9262885146 0.0423284272991
226000 14.925935723 0.0421434286237
227000 14.9251056339 0.0419667632626
228000 14.9276569102 0.0418609800479
229000 14.9268201068 0.041687338821
230000 14.9275541182 0.0415133357141
231000 14.9287667004 0.0413521045677
232000 14.9306634086 0.041218103183
233000 14.93042234 0.0410426623946
234000 14.9252835879 0.0411884555622
235000 14.9268285304 0.0410428926942
236000 14.9289827587 0.0409262116328
237000 14.9271465108 0.0407954256884
238000 14.9217377354 0.0409817205678
239000 14.9224279083 0.0408167745847
240000 14.9216750559 0.0406543528428
241000 14.9240505669 0.0405557030695
242000 14.9244660259 0.0403909351295
243000 14.9236716354 0.0402332096066
244000 14.9243433557 0.0400745994419
245000 14.9236846249 0.0399171081796
246000 14.9240104549 0.0397568302519
247000 14.9211721968 0.0396977034365
248000 14.9200770098 0.0395533791248
249000 14.9176654103 0.0394686156611
250000 14.9160106681 0.0393460428533
251000 14.9188855411 0.0392947956849
252000 14.9173796528 0.0391683246177
253000 14.9172041997 0.0390145115813
254000 14.9157606217 0.0388882112795
255000 14.9128916882 0.0388419861882
256000 14.9146227222 0.0387294035217
257000 14.9153116084 0.0385854157335
258000 14.9144371698 0.0384463444625
259000 14.9148121493 0.0383003025116
260000 14.9189711396 0.038378703982
261000 14.9222551769 0.0383724694599
262000 14.9187572735 0.0383856639284
263000 14.9231640917 0.0384923921438
264000 14.9246004161 0.0383739263419
265000 14.9269031998 0.0382986950878
266000 14.9294974094 0.0382430143619
267000 14.9287604262 0.0381074171087
268000 14.9306627636 0.0380132069125
269000 14.9334566729 0.0379749523673
270000 14.935097001 0.0378702338076
271000 14.9351255106 0.0377310157382
272000 14.9323167676 0.0376972050649
273000 14.9339471674 0.0375948647951
274000 14.9361939675 0.037525234435
275000 14.9357226177 0.0373922336063
276000 14.9364355025 0.0372640385661
277000 14.9350904742 0.0371542614222
278000 14.9319527842 0.0371533452917
279000 14.9323123393 0.0370223945469
280000 14.9306142255 0.0369295655874
281000 14.9319907097 0.0368242537541
282000 14.9321988794 0.0366947211088
283000 14.9283823533 0.0367634522597
284000 14.9333058579 0.0369626748438
285000 14.9271807854 0.0373374778173
286000 14.9295977982 0.0372855317312
287000 14.9317555585 0.0372184518523
288000 14.9344688625 0.0371884395707
289000 14.9321030972 0.0371353771327
290000 14.9311363903 0.0370203446554
291000 14.9326815223 0.0369257934533
292000 14.9345942618 0.0368492730736
293000 14.9356195839 0.0367381973111
294000 14.9368450472 0.0366340940237
295000 14.9366538843 0.0365108289492
296000 14.9375415714 0.0363986864272
297000 14.9372723479 0.0362775388287
298000 14.9391467513 0.0362046006225
299000 14.9420092857 0.0361969055631
300000 14.9389625428 0.03620464725
301000 14.9382202247 0.0360923735296
302000 14.9385215095 0.0359745142659
303000 14.9388453679 0.0358576347766
304000 14.9383262073 0.0357438268665
305000 14.938636426 0.0356283631348
306000 14.9404896716 0.0355604763947
307000 14.9386206329 0.0354941041307
308000 14.9390187573 0.035381469218
309000 14.9405703875 0.0353013418916
310000 14.9393629577 0.0352084758668
311000 14.9390116332 0.0350973809737
312000 14.9396752401 0.0349915218076
313000 14.9401979694 0.0348839880814
314000 14.9363560891 0.0349841646028
315000 14.9338978913 0.0349597124291
316000 14.9315004845 0.0349315353182
317000 14.932628747 0.034839903979
318000 14.9329068656 0.0347317980384
319000 14.9338297797 0.0346355211102
320000 14.9324100327 0.034556708511
321000 14.9347855836 0.034530944905
322000 14.9337750831 0.0344388202332
323000 14.9337136903 0.0343325822994
324000 14.9319632584 0.0342715370455
325000 14.9294580434 0.0342578516166
326000 14.9306360353 0.0341733347822
327000 14.9314086359 0.0340778802562
328000 14.9301125173 0.0339989394342
329000 14.9294271373 0.0339028198835
330000 14.9296620846 0.033801208531
331000 14.9315927429 0.033754490326
332000 14.9317355446 0.0336534275569
333000 14.9313819844 0.0335545259773
334000 14.9352925548 0.0336814686304
335000 14.9369500863 0.0336219866262
336000 14.9376958952 0.033530488931
337000 14.9377674278 0.0334313626034
338000 14.9373893555 0.0333348827394
339000 14.9359008427 0.0332700558779
340000 14.9369572121 0.0331892560767
341000 14.9364483249 0.0330961125952
342000 14.9355960655 0.0330105939304
343000 14.9345149851 0.0329323305639
344000 14.9366568063 0.0329064496748
345000 14.9369099926 0.0328123183382
346000 14.9362290852 0.0327248225315
347000 14.9364469412 0.0326315108332
348000 14.9387829965 0.0326215214945
349000 14.9391958501 0.0325309295529
350000 14.9384328415 0.0324471957411
351000 14.9391607551 0.03236318011
352000 14.9428559832 0.0324817752328
353000 14.9439493387 0.0324084150736
354000 14.945059972 0.0323361488128
355000 14.944773392 0.0322465868206
356000 14.9441294727 0.032162688689
357000 14.944833502 0.03208055332
358000 14.942306505 0.0320905643524
359000 14.9439893092 0.0320455159908
360000 14.9420493451 0.0320154139478
361000 14.9416063688 0.0319300380166
362000 14.9457304576 0.0321073058474
363000 14.944415559 0.0320460123404
364000 14.9455869428 0.0319796167823
365000 14.946535246 0.031906297872
366000 14.9509192755 0.0321191375779
367000 14.9510725416 0.0320322229885
368000 14.9523710017 0.0319717211932
369000 14.9500718659 0.0319678714518
370000 14.947425214 0.0319910765548
371000 14.9436576104 0.0321261691943
372000 14.9417095764 0.0320990471734
373000 14.9415450835 0.0320136423167
374000 14.9422714383 0.0319365116432
375000 14.9410162946 0.0318762289067
376000 14.9404181709 0.0317972876598
377000 14.9367860587 0.031919936623
378000 14.9369983228 0.031836420913
379000 14.9383170895 0.0317799428948
380000 14.9401827987 0.0317512489553
381000 14.9423490612 0.0317419422553
382000 14.9405754895 0.0317085753041
383000 14.9411023834 0.0316303782227
384000 14.9416883765 0.031553649063
385000 14.9409875995 0.0314796846975
386000 14.937817871 0.0315575202979
387000 14.9400195067 0.0315528924585
388000 14.9389950825 0.0314884051648
389000 14.9418683515 0.0315384839301
390000 14.9420562078 0.0314583823163
391000 14.9408066646 0.0314029377888
392000 14.9390861414 0.0313701292177
393000 14.942450673 0.0314704199623
394000 14.9454609075 0.0315343880867
395000 14.94167699 0.0316809649052
396000 14.9398238906 0.0316553138157
397000 14.9427176005 0.0317077634798
398000 14.9424140512 0.0316297483585
399000 14.941696494 0.0315588122421
400000 14.9418563676 0.0314805169108
401000 14.9414460163 0.0314048815367
402000 14.9400742013 0.031356901001
403000 14.937934697 0.0313521899183
404000 14.9347793953 0.0314331517533
405000 14.9354501959 0.0313628870059
406000 14.9353105508 0.0312861392029
407000 14.9351232252 0.0312100182898
408000 14.9375014283 0.0312241882368
409000 14.9371640321 0.031149854512
410000 14.9374091969 0.0310750288812
411000 14.9380740934 0.0310067164631
412000 14.9386724071 0.0309374117366
413000 14.938175173 0.0308666792681
414000 14.9357826372 0.0308848875634
415000 14.9349801329 0.030821069306
416000 14.9360104363 0.0307643738204
417000 14.9364361848 0.0306937206675
418000 14.936286748 0.0306208297396
419000 14.9367809961 0.0305519115501
420000 14.9357949461 0.0304952497122
421000 14.934730066 0.0304415729687
422000 14.9349872331 0.0303706933154
423000 14.9380090698 0.0304490272275
424000 14.9375322031 0.0303811163673
425000 14.9385920386 0.0303282795676
426000 14.9391973362 0.0302632928711
427000 14.9431718388 0.0304524532125
428000 14.9430675937 0.0303816468988
429000 14.9409878643 0.0303820908782
430000 14.9408480516 0.0303119204821
431000 14.9421405601 0.0302692979112
432000 14.9419783948 0.0301998263021
433000 14.9414320224 0.0301351835021
434000 14.939527798 0.0301260105484
435000 14.9399692175 0.0300601479552
436000 14.9393367858 0.0299980125176
437000 14.938954478 0.0299319599544
438000 14.9411839987 0.0299466970623
439000 14.9410366885 0.0298789987004
440000 14.9388778872 0.0298891324015
441000 14.9377015629 0.0298446488117
442000 14.9379088627 0.0297779993413
443000 14.9365549352 0.0297416956171
444000 14.9366656076 0.0296750662579
445000 14.9379705253 0.0296372072759
446000 14.9370160993 0.0295862688035
447000 14.9393496721 0.0296121135517
448000 14.9388468632 0.029550430794
449000 14.9393530425 0.0294890981098
450000 14.9378823863 0.0294603609421
451000 14.9379843645 0.0293953596527
452000 14.9372954331 0.0293385412783
453000 14.9369409904 0.0292760598961
454000 14.9372431535 0.029213276204
455000 14.9383078225 0.0291686063195
456000 14.9388764102 0.0291103212991
457000 14.9402282889 0.02907813522
458000 14.9380148087 0.0290989092711
459000 14.938586045 0.0290412571596
460000 14.9371293213 0.0290147729273
461000 14.9385287682 0.0289856999547
462000 14.9372942187 0.028949374676
463000 14.9365887351 0.0288955786677
464000 14.9338500947 0.0289629271246
465000 14.9336087493 0.0289017804575
466000 14.9339574888 0.0288419962092
467000 14.93258807 0.0288128596951
468000 14.9321063756 0.0287554512358
469000 14.933437227 0.0287250499524
470000 14.9335085585 0.028664151152
471000 14.9340460756 0.028608461401
472000 14.9332125647 0.0285601180335
473000 14.9313791024 0.0285586550056
474000 14.9309050855 0.0285024651178
475000 14.9310585314 0.0284429990321
476000 14.9334183418 0.0284810942381
477000 14.9316357128 0.0284772430034
478000 14.9295984681 0.0284905699899
479000 14.9297499327 0.0284316172491
480000 14.9301007984 0.0283746727363
481000 14.9284115667 0.0283660421389
482000 14.9295142511 0.0283287377121
483000 14.9297608303 0.0282712803799
484000 14.930964663 0.028238607934
485000 14.931227276 0.0281817248977
486000 14.9304073585 0.0281357816673
487000 14.9317811272 0.028111644455
488000 14.9308209636 0.0280705490116
489000 14.9307914023 0.0280132777425
490000 14.9293264053 0.0279945051377
491000 14.9284936281 0.0279499896707
492000 14.9303538076 0.027955128499
493000 14.9305358915 0.0278991321601
494000 14.9311154682 0.0278487896909
495000 14.9304577113 0.0278004095908
496000 14.9299122265 0.0277498242432
497000 14.9285719824 0.0277264479578
498000 14.9284867828 0.0276710148371
499000 14.9279632244 0.0276206254404
500000 14.9279742054 0.0275654966343
501000 14.9264049026 0.0275552192606
502000 14.9260624168 0.0275025658204
503000 14.9254328163 0.027455202833
504000 14.9257783724 0.0274030106247
505000 14.9255250214 0.0273500256144
506000 14.9245434113 0.0273136904206
507000 14.9270150794 0.0273715278364
508000 14.9277635315 0.0273279837247
509000 14.9282794374 0.0272792687219
510000 14.9289233181 0.0272334824273
511000 14.9294240377 0.0271848948007
512000 14.9309308683 0.0271736317469
513000 14.9313253581 0.0271236280857
514000 14.9304805607 0.0270841137574
515000 14.9280422694 0.0271411588093
516000 14.9261129534 0.0271571470749
517000 14.9253492266 0.027115456977
518000 14.9259403764 0.0270696545191
519000 14.9288130972 0.027169601196
520000 14.9291707626 0.0271198063322
521000 14.9286911348 0.027072093581
522000 14.9296893144 0.0270387262551
523000 14.929223316 0.0269911409549
524000 14.9272155083 0.0270143040883
525000 14.9264036458 0.0269751428141
526000 14.9280841408 0.0269762514623
527000 14.9295658679 0.0269658228514
528000 14.9296024353 0.0269148725549
529000 14.9314093714 0.0269246759928
530000 14.9314702295 0.0268740391672
531000 14.9312134304 0.0268247509697
532000 14.9297609602 0.0268137174662
533000 14.9316018584 0.0268266235967
534000 14.932312791 0.0267858989352
535000 14.9327844408 0.0267400773578
536000 14.9330129886 0.0266912587386
537000 14.9321285144 0.0266562972154
538000 14.9306294698 0.0266489589531
539000 14.9312579458 0.0266070188339
540000 14.9314251306 0.0265583628991
541000 14.9322209058 0.0265212815609
542000 14.9333130514 0.0264949171394
543000 14.9335570099 0.0264473363778
544000 14.9328407044 0.0264085076605
545000 14.9340356052 0.0263871593095
546000 14.9337565898 0.02634039463
547000 14.9335965711 0.0262928142717
548000 14.932549888 0.0262657473692
549000 14.9302507936 0.0263184213225
550000 14.9316965094 0.026310334349
551000 14.9315941891 0.0262628696597
552000 14.9303826366 0.0262433086799
553000 14.9301473336 0.0261969929538
554000 14.9296620054 0.0261542863977
555000 14.9305068827 0.0261208890323
556000 14.9287518988 0.0261328828988
557000 14.9292718519 0.0260912218877
558000 14.9282852159 0.026063195148
559000 14.9273485884 0.0260334779793
560000 14.9281603086 0.0259997240722
561000 14.9275452086 0.0259607361979
562000 14.9274692073 0.0259147360145
563000 14.9286747675 0.0258968142038
564000 14.9316080746 0.0260165751791
565000 14.9324266816 0.0259834849688
566000 14.9317107809 0.0259475191416
567000 14.9322103085 0.0259066447623
568000 14.9316787969 0.0258665664146
569000 14.9330283301 0.0258563670224
570000 14.9333494655 0.0258130785877
571000 14.9340280529 0.0257768688103
572000 14.9322741535 0.0257914830389
573000 14.9322385779 0.0257465746772
574000 14.9331096214 0.0257165281263
575000 14.9305496254 0.0257989863121
576000 14.9303953056 0.0257547355683
577000 14.9308097616 0.0257135117866
578000 14.930409149 0.025672222129
579000 14.9301130287 0.0256296674437
580000 14.9301852335 0.0255856561277
581000 14.929060104 0.0255664213384
582000 14.9287764258 0.0255241418889
583000 14.9286724252 0.0254806480463
584000 14.9282519553 0.0254405603461
585000 14.9286336849 0.0254000101401
586000 14.928772904 0.0253571207857
587000 14.9280386467 0.0253246250152
588000 14.9281494203 0.0252818713162
589000 14.9295247437 0.0252764015183
590000 14.9290060393 0.0252389543308
591000 14.9294365139 0.0251999917737
592000 14.9302005678 0.0251690762452
593000 14.9326191821 0.0252426445576
594000 14.9317069587 0.0252166976058
595000 14.9311528137 0.0251804757315
596000 14.9304957465 0.0251468687776
597000 14.9303740238 0.0251051117534
598000 14.9298383968 0.0250689132977
599000 14.9310215322 0.0250550354437
600000 14.9335019709 0.0251358278983
601000 14.9342642481 0.025105629901
602000 14.9336074994 0.025072583969
603000 14.9344463693 0.0250451024484
604000 14.9353682885 0.0250206679214
605000 14.9348331223 0.0249851023625
606000 14.9375728983 0.025093708098
607000 14.9384430254 0.0250675168915
608000 14.9372103977 0.0250566423714
609000 14.9370800042 0.0250159051868
610000 14.9359704222 0.0249995583052
611000 14.9365601155 0.0249656632721
612000 14.9352842976 0.0249575139615
613000 14.9350853763 0.0249176592734
614000 14.9362223817 0.024903070312
615000 14.93503479 0.024890944414
616000 14.9365638842 0.0248975256916
617000 14.937349623 0.0248696338703
618000 14.9382032344 0.0248441018765
619000 14.9382239592 0.0248040393888
620000 14.9372851689 0.0247818567286
621000 14.9363484305 0.0247597122438
622000 14.9365233919 0.0247205876911
623000 14.9366538906 0.0246813158102
624000 14.9365926743 0.0246419016212
625000 14.9371748573 0.0246094138493
626000 14.9379276883 0.024581676683
627000 14.936419468 0.0245887591382
628000 14.9364667318 0.0245497127359
629000 14.936393799 0.0245108532729
630000 14.9361799936 0.0244729412967
631000 14.9382367573 0.0245204936074
632000 14.939496602 0.0245141002275
633000 14.93991901 0.0244790734867
634000 14.9385934429 0.0244763878628
635000 14.9406880451 0.0245273635306
636000 14.9407892949 0.0244890680159
637000 14.9408464206 0.0244507505251
638000 14.9407966544 0.0244125370858
639000 14.9402365032 0.0243808180477
640000 14.9385814906 0.0243988903633
641000 14.9378046853 0.0243732485844
642000 14.9369225101 0.0243513027334
643000 14.9385660909 0.024368893418
644000 14.9382110368 0.0243336986139
645000 14.9370915622 0.0243217675002
646000 14.9374101098 0.0242862618523
647000 14.9371938747 0.0242497456697
648000 14.9376293042 0.0242162898639
649000 14.9382308635 0.0241865045779
650000 14.9382996401 0.0241494495153
651000 14.9387165926 0.024116009661
652000 14.9393426239 0.0240872028121
653000 14.9393932023 0.0240504253291
654000 14.9381751316 0.0240445328676
655000 14.9363584431 0.0240764118978
656000 14.9368360331 0.0240445022862
657000 14.9371015995 0.024009427007
658000 14.9360811551 0.0239946694619
659000 14.9348134039 0.0239917811516
660000 14.9334244976 0.0239956538179
661000 14.9371300813 0.0242438398937
662000 14.9354136832 0.024267955116
663000 14.9342489965 0.0242593391732
664000 14.9342335353 0.0242228638908
665000 14.9337719363 0.0241908910174
666000 14.9326829494 0.0241791215267
667000 14.9321252738 0.0241493555924
668000 14.9311573905 0.0241326460295
669000 14.9316693353 0.0241020566889
670000 14.9328814719 0.024096598085
671000 14.9337415629 0.0240760849723
672000 14.9329096308 0.024054679818
673000 14.931523748 0.0240588802828
674000 14.9314383206 0.024023389163
675000 14.9315484157 0.0239881038773
676000 14.9308852872 0.0239618349594
677000 14.9314601231 0.02393338708
678000 14.9300379472 0.0239403562457
679000 14.9283883845 0.0239619123744
680000 14.9276667783 0.0239375890292
681000 14.9273661789 0.0239043772582
682000 14.9290350629 0.0239275638117
683000 14.9291808314 0.0238930260057
684000 14.9307487605 0.0239095363381
685000 14.9307326647 0.0238746882044
686000 14.9290703133 0.0238977392943
687000 14.92858794 0.0238678720399
688000 14.9273852322 0.0238635138438
689000 14.9281991411 0.0238428049294
690000 14.9297772513 0.023860469057
691000 14.9303077342 0.0238318849182
692000 14.9300460513 0.023798932118
693000 14.9297602337 0.0237663559363
694000 14.9291854058 0.0237391102963
695000 14.9298083027 0.0237131731511
696000 14.9299280285 0.0236794536224
697000 14.9277992635 0.0237410232477
698000 14.9295679213 0.0237728483913
699000 14.931485283 0.0238160825625
700000 14.9320200006 0.0237881100925
701000 14.9341312426 0.0238477283175
702000 14.9346481516 0.023819406963
703000 14.9355825906 0.0238038946171
704000 14.9351867467 0.0237734213185
705000 14.9348433903 0.0237422273142
706000 14.9359780556 0.0237357435838
707000 14.937265837 0.0237371270685
708000 14.9377551728 0.023708690582
709000 14.9373768746 0.0236783159501
710000 14.9360482866 0.0236822572509
711000 14.9359529187 0.0236491876752
712000 14.9359369927 0.0236160244715
713000 14.9358381421 0.0235831556879
714000 14.9353662599 0.0235548927947
715000 14.9347072487 0.0235312118953
716000 14.9346548858 0.0234984511711
717000 14.934675006 0.0234657321371
718000 14.9344735157 0.0234339605531
719000 14.9329235637 0.0234526152724
720000 14.9337815485 0.0234357762711
721000 14.9357700245 0.0234875242419
722000 14.9357414245 0.0234550554522
723000 14.9350137633 0.0234339435991
724000 14.9355541979 0.0234078518533
725000 14.9362731603 0.0233866483419
726000 14.9360280993 0.0233557635595
727000 14.935755508 0.0233252721543
728000 14.9362734841 0.0232990264429
729000 14.9373887548 0.0232937873904
730000 14.9379399398 0.0232684419891
731000 14.9385273672 0.0232440683166
732000 14.9391931493 0.0232218905175
733000 14.939920161 0.0232016306131
734000 14.9409894229 0.0231946894892
735000 14.9410152838 0.0231631893823
736000 14.9415693949 0.023138387147
737000 14.9415727557 0.023107034563
738000 14.9418739466 0.0230777294544
739000 14.9417413653 0.0230469241694
740000 14.9422827386 0.0230221792708
741000 14.9425031908 0.0229922075366
742000 14.9435743113 0.0229861986362
743000 14.9429054478 0.0229650326008
744000 14.9431747029 0.0229357854486
745000 14.9436990972 0.02291103441
746000 14.9441277594 0.0228843734351
747000 14.9448989579 0.022866770272
748000 14.9457907234 0.0228536226007
749000 14.9456575895 0.0228235388869
750000 14.9458261644 0.0227937705628
751000 14.9455991091 0.0227645905514
752000 14.9473159074 0.0227990032054
753000 14.9482786666 0.0227890844965
754000 14.9485683524 0.0227607413896
755000 14.9494320604 0.0227470163659
756000 14.9510007485 0.0227709934422
757000 14.9503664224 0.0227497859729
758000 14.9498514654 0.022725640059
759000 14.9507775015 0.0227145973638
760000 14.949827668 0.0227045994411
761000 14.9501057117 0.0226765057948
762000 14.950783259 0.0226569055009
763000 14.9508135062 0.0226272700556
764000 14.9509446888 0.0225980721902
765000 14.9508886796 0.0225686401996
766000 14.9513561605 0.0225440567537
767000 14.9513135136 0.0225147428509
768000 14.950334018 0.0225067611169
769000 14.949133784 0.0225095116709
770000 14.9497830686 0.0224896787794
771000 14.9501628028 0.0224637527148
772000 14.9499451862 0.0224357462837
773000 14.9495535512 0.0224101774312
774000 14.9494367874 0.0223815652586
775000 14.9488748224 0.0223597769387
776000 14.9485376883 0.0223335413364
777000 14.9472133888 0.0223440636127
778000 14.9474651204 0.022316798582
779000 14.9460345817 0.0223339900211
780000 14.9464956624 0.0223101523137
781000 14.9450574675 0.0223279302717
782000 14.9454056329 0.0223021287503
783000 14.9450860737 0.0222759714641
784000 14.9453109083 0.0222487290451
785000 14.9455382539 0.022221584294
786000 14.9453217725 0.022194402931
787000 14.9441375202 0.0221978097186
788000 14.9462290686 0.0222679937768
789000 14.9468375935 0.0222481195729
790000 14.9474573913 0.02222862462
791000 14.9475338628 0.0222006897139
792000 14.9482570494 0.0221844696518
793000 14.9478947941 0.0221594869919
794000 14.9488477634 0.022152095178
795000 14.9485757815 0.0221259355372
796000 14.9487590818 0.0220989332664
797000 14.9489160545 0.0220717978639
798000 14.9484514847 0.0220490622054
799000 14.9482222089 0.0220226929007
800000 14.9486026129 0.0219984840682
801000 14.9492377834 0.0219802223842
802000 14.9510314481 0.0220259128957
803000 14.9502806064 0.0220113114895
804000 14.9507709494 0.0219894292186
805000 14.9504353239 0.021964708232
806000 14.9507879323 0.0219403206033
807000 14.9503114303 0.0219183404893
808000 14.9489795875 0.0219316739816
809000 14.9494202108 0.0219090236149
810000 14.9492407895 0.0218827434516
811000 14.9482101187 0.0218800529399
812000 14.9470153989 0.0218857336336
813000 14.9478961423 0.0218765615977
814000 14.9485289505 0.0218588696775
815000 14.9491005568 0.0218395542803
816000 14.9504692589 0.0218556696201
817000 14.9510278753 0.0218360889615
818000 14.951313484 0.0218112948234
819000 14.9510782339 0.0217859643153
820000 14.9500357018 0.0217843584881
821000 14.9502521989 0.0217589326037
822000 14.9496538684 0.021740718982
823000 14.9499552688 0.0217164237319
824000 14.9498098824 0.0216905874528
825000 14.9497079494 0.0216645671729
826000 14.9482173836 0.0216895869521
827000 14.9477311154 0.0216688420403
828000 14.9488129199 0.0216696909171
829000 14.9495775931 0.0216570704256
830000 14.9511502997 0.0216880376861
831000 14.9515283098 0.0216652643332
832000 14.9506729471 0.0216561342466
833000 14.9509723183 0.0216322367917
834000 14.9508149037 0.0216069026556
835000 14.950981695 0.0215817008289
836000 14.9504778176 0.0215617975587
837000 14.9509389833 0.0215409986523
838000 14.9504990596 0.021519815771
839000 14.9505401759 0.0214942362216
840000 14.9501834599 0.0214716380771
841000 14.9506847332 0.0214519878408
842000 14.9501671925 0.0214327827065
843000 14.9505454903 0.0214107267134
844000 14.9503748984 0.021386068168
845000 14.949601101 0.0213747834316
846000 14.9484196637 0.021382173119
847000 14.9477990297 0.0213659635829
848000 14.9471774134 0.0213498382118
849000 14.947206954 0.0213247411919
850000 14.9473890297 0.0213004600305
851000 14.9466568933 0.0212880382149
852000 14.9466773262 0.0212630913525
853000 14.9459671768 0.0212500486741
854000 14.9472794007 0.021265672164
855000 14.9470045057 0.0212426057572
856000 14.947607362 0.0212263712688
857000 14.9471156285 0.0212073269328
858000 14.9474036368 0.0211845941163
859000 14.9467571795 0.0211698220373
860000 14.9464648973 0.0211472521633
861000 14.9477988057 0.0211647471497
862000 14.9485075846 0.0211520872247
863000 14.9473690991 0.0211582222574
864000 14.9470611035 0.0211360034784
865000 14.9469070918 0.0211121581191
866000 14.9475209888 0.0210967308284
867000 14.9470122885 0.0210785580278
868000 14.9477987962 0.0210689703526
869000 14.9473626761 0.0210492664249
870000 14.9482136395 0.0210422936547
871000 14.9487332868 0.0210245780476
872000 14.9486265388 0.0210007659053
873000 14.9482910982 0.0209794163566
874000 14.947904132 0.0209590083808
875000 14.9472032525 0.0209467981713
876000 14.9484395925 0.0209593679756
877000 14.9487104801 0.0209372467167
878000 14.9497190268 0.0209377040698
879000 14.950097133 0.0209173249843
880000 14.94937794 0.0209059425001
881000 14.9485411895 0.0208989781833
882000 14.9482103458 0.0208779285965
883000 14.9484150201 0.0208553142565
884000 14.9474132032 0.0208557969548
885000 14.9470263142 0.0208358458965
886000 14.9477014744 0.0208232916526
887000 14.9476029712 0.0208000749796
888000 14.9482355276 0.0207862940089
889000 14.947324002 0.02078291523
890000 14.9474748947 0.0207601376129
891000 14.9474511894 0.0207368774502
892000 14.9476410229 0.0207145247502
893000 14.9478674462 0.0206925915809
894000 14.9484487709 0.020677635441
895000 14.9474791206 0.0206772804571
896000 14.947912139 0.0206587624457
897000 14.9477443232 0.0206364387339
898000 14.9464817102 0.0206520733763
899000 14.9474182422 0.0206503506773
900000 14.9473264071 0.0206276355101
901000 14.9466649208 0.0206153702669
902000 14.9470062359 0.020595365669
903000 14.946194462 0.0205885751506
904000 14.9462421007 0.020565880458
905000 14.9460287734 0.0205442871894
906000 14.9456228545 0.0205256461076
907000 14.9461373314 0.0205094874594
908000 14.9459792904 0.02048753367
909000 14.9454815775 0.0204710645852
910000 14.9458894094 0.0204526556859
911000 14.9462285953 0.0204330418554
912000 14.9453521797 0.0204294487364
913000 14.9461505414 0.0204226906555
914000 14.9460000336 0.0204009253609
915000 14.9457100058 0.0203807150805
916000 14.9455795751 0.0203589070102
917000 14.9451808083 0.0203406344697
918000 14.9453625179 0.0203193126458
919000 14.9454027238 0.0202972662143
920000 14.9445672065 0.0202924172705
921000 14.9445799764 0.0202704121592
922000 14.9448001933 0.020249646894
923000 14.9447617917 0.0202277681043
924000 14.9439617196 0.0202217167442
925000 14.9425627856 0.020248210194
926000 14.9433095177 0.0202401321169
927000 14.9431645201 0.0202188409946
928000 14.9435890624 0.0202015335457
929000 14.9435514617 0.0201798464594
930000 14.9422430817 0.0202005415238
931000 14.9422698798 0.0201788848983
932000 14.9419930449 0.0201591558044
933000 14.941622229 0.0201409823087
934000 14.9418028809 0.0201202513017
935000 14.9418385732 0.0200987869648
936000 14.9417376049 0.0200775904293
937000 14.942171732 0.0200608786506
938000 14.9416013261 0.0200476223112
939000 14.9410511865 0.0200338419959
940000 14.9412649498 0.0200136924531
941000 14.9413477146 0.0199926176277
942000 14.9424525319 0.0200019200526
943000 14.9426138731 0.0199813822789
944000 14.9424779174 0.0199607004827
945000 14.9432688347 0.0199552637685
946000 14.9419376206 0.0199785449382
947000 14.942474088 0.0199646718824
948000 14.9427988592 0.0199462756936
949000 14.9424189735 0.019928896831
950000 14.9440393021 0.0199737032838
951000 14.9434869297 0.0199603589641
952000 14.9441122931 0.0199492081975
953000 14.9439601463 0.0199288772591
954000 14.9437222253 0.0199094294846
955000 14.9437796377 0.0198886865008
956000 14.9431832567 0.0198768436858
957000 14.9433208379 0.0198565715555
958000 14.9422508152 0.0198646756084
959000 14.9418899691 0.0198472603907
960000 14.9410836289 0.0198429806184
961000 14.9419005696 0.0198391635245
962000 14.9418032105 0.019818800998
963000 14.9423133963 0.0198048077205
964000 14.941569328 0.0197982570245
965000 14.9421769826 0.0197870849023
966000 14.9413542972 0.0197837175145
967000 14.9419185313 0.0197713241645
968000 14.9410357912 0.0197706165646
969000 14.9403276831 0.0197629112836
970000 14.9403072081 0.0197425687373
971000 14.9418090267 0.0197792966951
972000 14.9432489645 0.0198113131232
973000 14.9434768553 0.019792283643
974000 14.9430737258 0.0197760889109
975000 14.9439366815 0.0197746456654
976000 14.9439150071 0.0197544173741
977000 14.9432791321 0.0197444500216
978000 14.94354846 0.0197261188675
979000 14.9436636411 0.0197063264436
980000 14.9437862057 0.0196866195902
981000 14.9444313932 0.0196771416077
982000 14.9460118522 0.0197204928989
983000 14.9448259914 0.019736074476
984000 14.9455679007 0.0197299776786
985000 14.9460797095 0.0197166047715
986000 14.9458572848 0.0196978830301
987000 14.9464186066 0.0196859421458
988000 14.9467123525 0.0196682287071
989000 14.9460511021 0.0196594743597
990000 14.9454688837 0.0196482556963
991000 14.9457943343 0.0196311441578
992000 14.946608332 0.0196282434207
993000 14.9470251733 0.0196129223856
994000 14.9468639383 0.0195938736392
995000 14.9462456625 0.0195839533528
996000 14.9453573681 0.0195844458596
997000 14.945815094 0.0195701703999
998000 14.9458612747 0.0195506351271
999000 14.945954694 0.0195313076843
