  1  0.0485399635751  0
  2  0.053388261483  0.00342826432791
  3  0.0528454849429  0.00232808035951
  4  0.0511638058386  0.00227371060657
  5  0.0495025068664  0.00234873961318
  6  0.0488956490826  0.00203417151681
  7  0.0489358753877  0.00174397328365
  8  0.0493225876486  0.00156826583545
  9  0.049230186378  0.00139673353675
  10  0.0492470626794  0.00125716213452
  11  0.0494887486145  0.00116587495354
  12  0.0495863153418  0.00107279339561
  13  0.0496393626746  0.00099158149777
  14  0.0495431943687  0.00092540592834
  15  0.0496208134739  0.00086696126856
  16  0.0496413753929  0.000813019988583
  17  0.0494604785069  0.000785062152011
  18  0.0493459398929  0.000749756481339
  19  0.0494283138266  0.000714806403409
  20  0.0493422307027  0.000684229884185
  21  0.0492815189281  0.000654335445518
  22  0.0492895447485  0.000624642144102
  23  0.0492144582631  0.000601979841886
  24  0.0494661013431  0.000627292818682
  25  0.0496875867031  0.000640109136095
  26  0.0496320394681  0.000617894985758
  27  0.0497032982085  0.000599104853005
  28  0.0495543676338  0.000595932030801
  29  0.0494907369059  0.000578769770941
  30  0.0495043129189  0.000559636646639
  31  0.0494721501237  0.000542507275976
  32  0.0496491376554  0.000553671942253
  33  0.0496143784775  0.000537983977919
  34  0.0495811878244  0.000523183758339
  35  0.0495934001137  0.00050837816217
  36  0.0494136271946  0.000525081046725
  37  0.0494866575501  0.000515943347598
  38  0.0494206681791  0.000506568347761
  39  0.0494225589663  0.000493582944475
  40  0.049599146141  0.000511858023754
  41  0.0496341115015  0.00050056651055
  42  0.0497292284266  0.000497603196842
  43  0.0496957575572  0.000487155424109
  44  0.0496035220065  0.000484736779849
  45  0.0497366135724  0.000491896752311
  46  0.0496287512037  0.000492887441625
  47  0.0496425536147  0.00048259369172
  48  0.0496075433408  0.000473807883435
  49  0.0496300039052  0.000464670394288
  50  0.0496386950937  0.000455458259083
  51  0.0496285400999  0.000446640899583
  52  0.0496151144534  0.000438253386831
  53  0.0496186413104  0.000429998646012
  54  0.0495762365188  0.000424121451832
  55  0.0496040534962  0.000417321375812
  56  0.0496322555117  0.000410821030277
  57  0.0497017201464  0.000409444323329
  58  0.0497067458757  0.000402415781449
  59  0.0498378778016  0.00041641286475
  60  0.0498456139992  0.000409544506309
  61  0.049862937021  0.000403196862373
  62  0.0497486840572  0.000412564027738
  63  0.0497811068977  0.000407287432991
  64  0.0497387917844  0.000403115737266
  65  0.0497534795771  0.000397181446355
  66  0.0497004349024  0.000394689782712
  67  0.0497926792346  0.000399432840125
  68  0.0497963672511  0.000393575853376
  69  0.0498511816422  0.000391670331503
  70  0.0498460464481  0.000386108703379
  71  0.0498881382225  0.000382958004678
  72  0.0498671848532  0.00037821193604
  73  0.049904399489  0.000374857369678
  74  0.0499275183616  0.000370503957846
  75  0.0499410258698  0.000365810044651
  76  0.0499263006015  0.000361293007516
  77  0.049936156357  0.000356735293378
  78  0.0499408161046  0.000352192195938
  79  0.0499578798749  0.000348147192718
  80  0.0499653777021  0.000343876081327
  81  0.049989577312  0.000340481133083
  82  0.0500197792281  0.00033766577721
  83  0.0500411732432  0.000334274574687
  84  0.0499801750209  0.000335814459769
  85  0.0500319540345  0.00033583186361
  86  0.0500532793621  0.00033260323206
  87  0.0500678878049  0.000329100862618
  88  0.0501250923641  0.000330295334666
  89  0.0501126820607  0.000326817216329
  90  0.0501180211852  0.000323229522901
  91  0.0500807207384  0.00032182257552
  92  0.0501083370796  0.000319507218026
  93  0.0501103811951  0.000316078195306
  94  0.050120644078  0.000312882231995
  95  0.0500947699819  0.000310656734249
  96  0.0501272648692  0.000309115547493
  97  0.050176330429  0.000309798377023
  98  0.0501827745177  0.000306704183232
  99  0.0502362799396  0.000308237917526
  100  0.0502435485832  0.000305241228267
