0 0.475061441199 0
100 0.488550378321 0.00953811890975
200 0.505635042952 0.0153304977186
300 0.503106907635 0.0117044731324
400 0.503596953863 0.00937383159016
500 0.506056485245 0.00812779320465
600 0.498123698449 0.0101229374543
700 0.500082885831 0.00904517354347
800 0.499930069096 0.0080414450642
900 0.495458562223 0.00838888882416
1000 0.497284638795 0.00782248649545
1100 0.494486338231 0.00765477830514
1200 0.493291691943 0.00715856374276
1300 0.492701202794 0.00667154717869
1400 0.493053664551 0.00623608079749
1500 0.493257376342 0.005849652091
1600 0.489924274793 0.00638491949157
1700 0.48969318139 0.00603438234725
1800 0.492873503225 0.00650105519798
1900 0.495033610472 0.00652501082514
2000 0.495616316985 0.00624026065594
2100 0.495594209296 0.00595665160519
2200 0.496242518206 0.00573283845608
2300 0.495776344998 0.00551289134508
2400 0.496061532875 0.00529974709756
2500 0.495960241554 0.0050968785431
2600 0.495361157288 0.00494318789576
2700 0.494387008013 0.00486168532322
2800 0.495905131327 0.00492536769835
2900 0.494028572695 0.00510617356168
3000 0.494202426395 0.00494441706298
3100 0.493548190352 0.00483299385879
3200 0.494912432145 0.00487528558067
3300 0.495791617618 0.00481051571417
3400 0.495562927284 0.00467850518167
3500 0.494912557871 0.00459352893118
3600 0.494764579679 0.00447176238636
3700 0.495106571792 0.00436714231053
3800 0.494668709758 0.00427705861829
3900 0.494151789779 0.00420125317968
4000 0.493775081448 0.00411563784664
4100 0.494792663668 0.00414153384561
4200 0.494029351323 0.00411495971337
4300 0.493675675583 0.00403660828551
4400 0.494245359817 0.00398690282588
4500 0.494820868452 0.00394154944377
4600 0.495027523751 0.0038631003561
4700 0.494739331506 0.0037933536229
4800 0.495677871781 0.00383028434742
4900 0.496543836117 0.00385032463986
5000 0.497062829457 0.00380964560759
5100 0.497628136716 0.00377809290952
5200 0.498093771475 0.00373539173791
5300 0.498602155215 0.00370065141863
5400 0.499092307839 0.00366568357439
5500 0.499135575214 0.00360048028023
5600 0.499203788511 0.00353796007181
5700 0.499059351796 0.00347990781542
5800 0.498961591299 0.00342229923659
5900 0.499092736785 0.00336777278317
6000 0.498976773276 0.00331455929477
6100 0.499799042458 0.003361545153
6200 0.499331685099 0.00334051778012
6300 0.499758541212 0.00331548216626
6400 0.500136168994 0.00328590995551
6500 0.499587821029 0.00328155825425
6600 0.499539790375 0.00323293125499
6700 0.49931519032 0.00319318038936
6800 0.499702086115 0.0031702545252
6900 0.499387250605 0.00314055930089
7000 0.498629358402 0.00318646286376
7100 0.498736628187 0.00314401149341
7200 0.499076577615 0.00311926738795
7300 0.499077144895 0.00307711517753
7400 0.499450883935 0.00305869949141
7500 0.499073198111 0.00304168224101
7600 0.498969413096 0.00300394997282
7700 0.499166555055 0.00297189972772
7800 0.498933068879 0.00294343833036
7900 0.498722159513 0.00291419181323
8000 0.498498519539 0.00288678263582
8100 0.49817930114 0.00286917315877
8200 0.498712081507 0.00288364689158
8300 0.498245046717 0.00288689045838
8400 0.498491099245 0.00286339349236
8500 0.498674389023 0.00283595846794
8600 0.498737588079 0.00280406534813
8700 0.498537721782 0.00277931480989
8800 0.498412195783 0.0027509197444
8900 0.498559088011 0.00272427298517
9000 0.498602830898 0.00269468708016
9100 0.498612372771 0.00266541389701
9200 0.498668374782 0.00263734178552
9300 0.498548733628 0.00261199726667
9400 0.498352208168 0.00259188525632
9500 0.49838825008 0.00256513703287
9600 0.498607121111 0.00254801282742
9700 0.499180074563 0.00258562834681
9800 0.499119704286 0.00256021556634
9900 0.499035959788 0.0025359826796
10000 0.499119096022 0.00251223628367
10100 0.499103431642 0.00248765535123
10200 0.499351449681 0.00247583612683
10300 0.49953615023 0.00245890980759
10400 0.499059649348 0.00248123157038
10500 0.499136403063 0.00245901057767
10600 0.499126390904 0.00243604955317
10700 0.499320402484 0.00242120693704
10800 0.499591994296 0.00241417848317
10900 0.499780509214 0.00239958035973
11000 0.499837273466 0.00237863382884
11100 0.500002582366 0.00236313331579
11200 0.500078549327 0.00234344135742
11300 0.500174586324 0.00232485187626
11400 0.500277700926 0.00230692137049
11500 0.499823012907 0.00233141244658
11600 0.499843121366 0.00231157256068
11700 0.499783637384 0.00229274818927
11800 0.499542677204 0.00228610838763
11900 0.499774363899 0.00227876743867
12000 0.49995449235 0.00226704272783
12100 0.500072187544 0.00225151345396
12200 0.499787949446 0.00225107852177
12300 0.499898278526 0.00223562673313
12400 0.500259427291 0.00224672279916
12500 0.500280480776 0.00222899030715
12600 0.500319058104 0.00221177300777
12700 0.500537470879 0.0022052513031
12800 0.500693148474 0.00219364440451
12900 0.500158110186 0.00224106949918
13000 0.500667496997 0.0022811185006
13100 0.500406729029 0.00227869350773
13200 0.500320903718 0.00226317617022
13300 0.500242159721 0.00224765627107
13400 0.499811112843 0.00227196328849
13500 0.499727656059 0.00225678997842
13600 0.49965902963 0.00224136024203
13700 0.499822830056 0.00223109580683
13800 0.500123728857 0.0022352431636
13900 0.499983876915 0.0022236478791
14000 0.500121436807 0.00221212811796
14100 0.500295330389 0.00220337396635
14200 0.500043036388 0.00220236266197
14300 0.500170693844 0.00219076511263
14400 0.500123170452 0.00217617177964
14500 0.499823797224 0.0021817615177
14600 0.499512809405 0.00218897146484
14700 0.499558663416 0.00217466133309
14800 0.499872613156 0.00218261066447
14900 0.500028838848 0.00217364385373
15000 0.500187326087 0.00216501905401
15100 0.500522652737 0.00217658895593
15200 0.500298863079 0.00217383709648
15300 0.500246205781 0.00216035894127
15400 0.50034644762 0.00214874552122
15500 0.499948510406 0.00217150691711
15600 0.499797833079 0.00216289697251
15700 0.499840669709 0.00214963190356
15800 0.499433009273 0.00217442341475
15900 0.499323935657 0.00216356721897
16000 0.499496930256 0.0021570339803
16100 0.49981233759 0.00216665610158
16200 0.499334774202 0.00220536685679
16300 0.4996206738 0.0022103735566
16400 0.499829717812 0.00220684028532
16500 0.499920029716 0.0021953932342
16600 0.499949894907 0.00218245029413
16700 0.499706546468 0.00218298432767
16800 0.499958559554 0.0021845655653
16900 0.50024230274 0.00219006470857
17000 0.500120170945 0.00218066007245
17100 0.49997854449 0.00217257602668
17200 0.4998392242 0.00216448025447
17300 0.499844063097 0.00215204612167
17400 0.499775264412 0.00214084814418
17500 0.499745601639 0.00212888972236
17600 0.499829295194 0.00211850659051
17700 0.499891579971 0.00210752026547
17800 0.49974845837 0.00210060047847
17900 0.499526246452 0.0021006509339
18000 0.499375607061 0.00209443939995
18100 0.499341839446 0.00208320368269
18200 0.499116681501 0.00208395235472
18300 0.499047055917 0.00207378930822
18400 0.499063891105 0.00206264796986
18500 0.499114277512 0.00205217379244
18600 0.498966788861 0.00204649270402
18700 0.498974379691 0.0020356211824
18800 0.498993380209 0.00202493937356
18900 0.498907891697 0.00201608555928
19000 0.499043158383 0.00201006278816
19100 0.499153787919 0.00200263580307
19200 0.499199184665 0.00199277392335
19300 0.499353968234 0.00198850401401
19400 0.499531345288 0.00198620193032
19500 0.49933943806 0.00198531765749
19600 0.499593322182 0.00199140719795
19700 0.49967654257 0.00198308770263
19800 0.499555894618 0.00197678904733
19900 0.499725904877 0.00197420228227
20000 0.499872557494 0.00196981985695
20100 0.499705939912 0.00196710234161
20200 0.499719184462 0.00195745676973
20300 0.500131775525 0.00199086938934
20400 0.500002958379 0.00198532094737
20500 0.500063795414 0.00197661537484
20600 0.499935902322 0.00197119970406
20700 0.499830092132 0.00196456057314
20800 0.499680467154 0.00196085035648
20900 0.499601340355 0.00195310883536
21000 0.499729381315 0.00194804489771
21100 0.499519108072 0.00195017150301
21200 0.49948003753 0.0019414071065
21300 0.49943854831 0.00193277838656
21400 0.499403375217 0.00192410873656
21500 0.499518069865 0.00191861621047
21600 0.499542745746 0.00190993333635
21700 0.499595666448 0.0019019052001
21800 0.499627351241 0.0018934846095
21900 0.500076324007 0.00193737576093
22000 0.500339510741 0.00194640383117
22100 0.500360779625 0.0019377524483
22200 0.500185403972 0.00193698287569
22300 0.500170987393 0.00192838927983
22400 0.500104563408 0.00192096231785
22500 0.500045476484 0.00191337099683
22600 0.500152095183 0.00190791029205
22700 0.500262684793 0.00190274465856
22800 0.500258964435 0.00189443936705
22900 0.500061703252 0.00189644491617
23000 0.499962308867 0.00189083807851
23100 0.50004987354 0.00188471438291
23200 0.499995330408 0.00187741454594
23300 0.500080417643 0.00187131855387
23400 0.500108394404 0.00186356461484
23500 0.499822459356 0.00187747615576
23600 0.499887007541 0.00187066357919
23700 0.499894673805 0.00186281935688
23800 0.500009733836 0.00185857517055
23900 0.499941563351 0.00185208089443
24000 0.500243340459 0.00186881990023
24100 0.499963388267 0.00188194933313
24200 0.499875818369 0.0018762409582
24300 0.500032302198 0.00187506568901
24400 0.500113937669 0.00186918861266
24500 0.500352931189 0.00187680689066
24600 0.500316005383 0.00186957170087
24700 0.500068058084 0.00187840284654
24800 0.500027996599 0.00187128621529
24900 0.500059892717 0.00186407288566
25000 0.500088165145 0.00185686069229
25100 0.500079432262 0.0018495127329
25200 0.500008292512 0.00184357005966
25300 0.500013464059 0.00183631916336
25400 0.49992724722 0.00183114077228
25500 0.499994661216 0.00182522839001
25600 0.499995671691 0.00181812661372
25700 0.500040174938 0.00181162419425
25800 0.500021773595 0.00180472295848
25900 0.500269363149 0.00181468562437
26000 0.500238100365 0.00180800207813
26100 0.500029653788 0.00181307750892
26200 0.499943238003 0.00180824190102
26300 0.499783362207 0.00180844640217
26400 0.499823869417 0.00180207567749
26500 0.499900463024 0.00179692794837
26600 0.499929797957 0.00179043731221
26700 0.499871188884 0.00178471558755
26800 0.499849903549 0.0017782078819
26900 0.500003322231 0.00177822787293
27000 0.499852419497 0.00177805751912
27100 0.499947593489 0.00177406590099
27200 0.499876525241 0.00176899039873
27300 0.499895039317 0.00176263110997
27400 0.499918903341 0.00175638308076
27500 0.499981935699 0.00175115004845
27600 0.499968604277 0.00174487895212
27700 0.500012274619 0.00173914880782
27800 0.500066297381 0.00173375414457
27900 0.499965943177 0.00173046410947
28000 0.499960753955 0.00172431365477
28100 0.499790461486 0.00172658759541
28200 0.499815818323 0.0017206727656
28300 0.500085797801 0.00173566518599
28400 0.500093339753 0.00172959151857
28500 0.500157995876 0.00172475206993
28600 0.500262412428 0.00172190027089
28700 0.500027387666 0.00173188662131
28800 0.499777843097 0.00174377948371
28900 0.499590070924 0.00174784697455
29000 0.499678617471 0.00174408208506
29100 0.499774306775 0.00174073222541
29200 0.499684343404 0.00173711431795
29300 0.499755511942 0.00173266301881
29400 0.499840017857 0.00172884912945
29500 0.499839243056 0.00172300859655
29600 0.499789442505 0.00171792676899
29700 0.499757862007 0.00171245216023
29800 0.499745025197 0.00170677300817
29900 0.499880727002 0.00170646991524
30000 0.499886987492 0.0017008120638
30100 0.499824484863 0.00169632829214
30200 0.500015487465 0.0017014490922
30300 0.499989571408 0.00169604958222
30400 0.499816159897 0.00169933081466
30500 0.499644443546 0.00170243125578
30600 0.499676134442 0.00169718081576
30700 0.499547519128 0.00169653683511
30800 0.499559084282 0.00169108584353
30900 0.49972067359 0.00169333334762
31000 0.499722004609 0.00168788906897
31100 0.499780549941 0.00168349419996
31200 0.499847748633 0.00167945624696
31300 0.499929368998 0.00167608983226
31400 0.499744609296 0.00168092133566
31500 0.499710251916 0.00167595305333
31600 0.499809702921 0.00167361424388
31700 0.499772979125 0.00166875416898
31800 0.49977108777 0.00166352403651
31900 0.499853509655 0.00166036612862
32000 0.499890902704 0.00165561465872
32100 0.50007388309 0.00166055381088
32200 0.500023436264 0.00165617887529
32300 0.500237712151 0.00166487098124
32400 0.500275210098 0.00166017053137
32500 0.500351495087 0.00165682970785
32600 0.500267809413 0.00165387506155
32700 0.500235724206 0.00164914395697
32800 0.500249473556 0.00164418867635
32900 0.500282317231 0.00163953428986
33000 0.500254889658 0.00163481041426
33100 0.500307287627 0.00163072578453
33200 0.500398947292 0.00162840267106
33300 0.500494898139 0.00162635162711
33400 0.50051192659 0.0016215859905
33500 0.500509490665 0.00161676167132
33600 0.50057771518 0.00161340299438
33700 0.500523955219 0.00160952502734
33800 0.500479085778 0.00160540246672
33900 0.500585695874 0.00160421662212
34000 0.500567319841 0.00159961741828
34100 0.500540678168 0.00159516201784
34200 0.500498010569 0.0015910819366
34300 0.500435338355 0.00158769053794
34400 0.500470935504 0.00158348754276
34500 0.500515986753 0.00157955172782
34600 0.500527206651 0.00157503955372
34700 0.500559600708 0.00157084666922
34800 0.500417601374 0.00157275071498
34900 0.500417753861 0.0015682571489
35000 0.500212456008 0.0015771695311
35100 0.500175868131 0.00157311326948
35200 0.500259008047 0.00157085231711
35300 0.500190653519 0.00156790137533
35400 0.500206375031 0.00156356357038
35500 0.500135797148 0.0015607636368
35600 0.500125251759 0.00155642737471
35700 0.500020206689 0.00155562057961
35800 0.500093316011 0.00155300437963
35900 0.500168457354 0.00155050725117
36000 0.500073768272 0.00154910083801
36100 0.500171132636 0.00154787831096
36200 0.500083253748 0.00154610677878
36300 0.499867844311 0.00155679274251
36400 0.499980741012 0.00155661573948
36500 0.500045896604 0.00155372570829
36600 0.500091332981 0.00155015634022
36700 0.500143198832 0.00154681139135
36800 0.500148729485 0.001542629378
36900 0.50016024046 0.0015385030558
37000 0.500201871922 0.00153491931179
37100 0.50035193906 0.00153811162857
37200 0.500349143686 0.00153399054506
37300 0.500409495874 0.00153107573166
37400 0.500487720028 0.00152898983145
37500 0.50045859207 0.00152520079439
37600 0.500483718031 0.00152136211579
37700 0.500299845792 0.0015284083836
37800 0.500352256665 0.00152527399351
37900 0.500164458068 0.0015327778176
38000 0.500237083414 0.00153047436133
38100 0.500106466146 0.00153203146491
38200 0.500177888659 0.0015296953171
38300 0.500091460453 0.00152815139373
38400 0.49995381615 0.00153036859256
38500 0.499953428433 0.0015264039562
38600 0.499895438472 0.00152356091663
38700 0.499884123392 0.00151967622969
38800 0.499821753537 0.00151704894461
38900 0.499793997145 0.00151341297394
39000 0.499804516651 0.00150957891183
39100 0.499679980445 0.00151085616362
39200 0.499687342182 0.00150702968104
39300 0.499798341105 0.0015072869528
39400 0.499802660853 0.00150347722646
39500 0.499659046809 0.00150652404982
39600 0.499695474129 0.00150316961547
39700 0.499734259147 0.00149989309248
39800 0.499723507347 0.0014961724979
39900 0.499749887135 0.00149266460637
40000 0.499680284359 0.00149056415205
40100 0.499614980241 0.00148828613502
40200 0.499690443262 0.00148650504906
40300 0.499715897438 0.00148304349745
40400 0.499687340873 0.00147965656986
40500 0.499663295394 0.00147620746074
40600 0.499668585053 0.00147258989251
40700 0.499723714269 0.0014700121751
40800 0.499658822904 0.00146784957789
40900 0.499567921997 0.00146708141013
41000 0.499523595156 0.00146418136814
41100 0.499491389488 0.00146098167974
41200 0.49938952718 0.00146099089136
41300 0.499419284322 0.00145776493983
41400 0.499463626234 0.00145492648725
41500 0.499494679507 0.00145176042328
41600 0.499506743915 0.00144832911132
41700 0.499475315217 0.00144520516981
41800 0.49962244548 0.00144922599781
41900 0.499629304598 0.00144579169156
42000 0.499532038659 0.00144562559778
42100 0.499459259967 0.00144403077082
42200 0.499497447072 0.00144112182322
42300 0.499511865554 0.00143779507793
42400 0.499420959298 0.00143728298417
42500 0.499417840308 0.00143391246465
42600 0.499395748786 0.00143072452184
42700 0.499376997494 0.00142750458088
42800 0.499328266466 0.00142500859238
42900 0.499267189012 0.00142300294072
43000 0.49930977695 0.00142033845728
43100 0.499465510636 0.00142556281759
43200 0.49935685576 0.00142640529382
43300 0.49940609187 0.0014239681487
43400 0.499388606163 0.00142080201306
43500 0.499295671538 0.00142057946713
43600 0.499243594151 0.00141828295111
43700 0.499299715057 0.00141615476814
43800 0.499369906678 0.00141466735515
43900 0.499239212611 0.00141747643275
44000 0.499202859639 0.0014147282826
44100 0.499164593843 0.00141204495473
44200 0.499217317849 0.0014098414752
44300 0.499233588295 0.00140676003896
44400 0.499122583853 0.00140797153124
44500 0.499153181382 0.00140514707229
44600 0.49910441014 0.00140284971157
44700 0.499133628923 0.00140002260433
44800 0.499248057027 0.00140157299126
44900 0.499117932898 0.00140448585439
45000 0.499141348941 0.00140156688141
45100 0.49917344056 0.0013988334217
45200 0.499169045491 0.00139575239373
45300 0.499103052051 0.00139423731487
45400 0.499228998478 0.0013968500687
45500 0.499330523792 0.00139747144237
45600 0.499320525425 0.00139444928475
45700 0.499364340595 0.0013920928265
45800 0.499414721228 0.00138997129748
45900 0.499353990664 0.00138827570535
46000 0.499343497753 0.00138530391467
46100 0.499336393029 0.00138232364001
46200 0.499321803929 0.00137941504462
46300 0.499303069014 0.00137656938825
46400 0.499326355763 0.00137380597511
46500 0.499335657499 0.00137088938325
46600 0.499385465243 0.00136885837912
46700 0.499421617545 0.00136641078574
46800 0.499275304584 0.00137130842861
46900 0.499269304024 0.00136840387964
47000 0.499197498737 0.00136738121212
47100 0.499074961488 0.00136996377558
47200 0.499173638227 0.00137061661871
47300 0.49910689152 0.00136934928377
47400 0.499141255987 0.00136689757144
47500 0.499257413557 0.00136895251721
47600 0.499289441414 0.00136645720449
47700 0.49943934868 0.0013717966558
47800 0.499452088855 0.00136899193881
47900 0.4994564122 0.00136614669892
48000 0.499556343335 0.00136695648092
48100 0.499601475705 0.00136486532885
48200 0.499648258637 0.0013628410646
48300 0.499602081469 0.00136080736329
48400 0.499542902953 0.00135928773754
48500 0.499554876309 0.00135654358212
48600 0.499641302806 0.00135650842912
48700 0.499704332882 0.00135519225176
48800 0.499706167533 0.00135242213933
48900 0.499685778199 0.00134981578185
49000 0.499630394495 0.00134820239975
49100 0.499503678787 0.00135140394935
49200 0.49952401841 0.00134881581933
49300 0.499422316277 0.00134991420164
49400 0.499360290186 0.00134861134219
49500 0.499359230284 0.00134589278421
49600 0.499305087738 0.00134427333194
49700 0.499247647268 0.00134280063571
49800 0.499304330745 0.0013413055052
49900 0.49945405049 0.00134695301434
50000 0.499361135596 0.00134746538067
50100 0.499392547714 0.00134514727655
50200 0.499426472067 0.00134290074216
50300 0.499499094527 0.00134219848784
50400 0.499513080864 0.00133961353916
50500 0.499523604101 0.00133700741319
50600 0.499552204769 0.00133467618904
50700 0.499577008158 0.0013322793247
50800 0.499588366123 0.00132971029371
50900 0.49956542645 0.00132730087728
51000 0.499504532542 0.00132609952922
51100 0.499597094664 0.00132673598934
51200 0.499533134592 0.00132569057533
51300 0.499505570011 0.00132339794969
51400 0.499542737155 0.00132135005464
51500 0.499480856664 0.00132023747436
51600 0.499583874451 0.00132169693798
51700 0.499575911662 0.00131916938586
51800 0.499599832888 0.00131684450422
51900 0.499639209925 0.00131490071647
52000 0.499663475819 0.00131260080362
52100 0.499566105198 0.00131369282493
52200 0.499668592331 0.00131517265097
52300 0.49962602516 0.00131335146813
52400 0.499574687052 0.00131185285022
52500 0.499517743574 0.00131059412089
52600 0.499553774609 0.00130860241641
52700 0.499585970123 0.00130651999545
52800 0.499535912492 0.0013050087979
52900 0.499548882366 0.00130261096632
53000 0.499531230029 0.00130027744067
53100 0.499452453055 0.00130021746164
53200 0.499501220337 0.00129869226497
53300 0.499572644399 0.00129822282263
53400 0.499582028855 0.00129583015616
53500 0.499599443064 0.00129352956903
53600 0.499667993923 0.00129293591892
53700 0.499660727641 0.00129055311034
53800 0.499623229965 0.00128870340506
53900 0.49964905267 0.00128657560559
54000 0.499678414119 0.00128453245304
54100 0.499687276272 0.00128219303716
54200 0.499713089828 0.00128009154138
54300 0.499734267079 0.00127791359332
54400 0.499795826593 0.00127705065609
54500 0.499784481948 0.0012747621244
54600 0.49972077988 0.0012740223205
54700 0.49973868601 0.00127182328956
54800 0.499782414308 0.00127025819037
54900 0.499829457293 0.00126881943044
55000 0.49982693776 0.0012665191744
55100 0.499826448725 0.00126422485002
55200 0.499765634596 0.00126340058041
55300 0.499764007862 0.00126112112122
55400 0.499786742869 0.00125905374322
55500 0.499750834063 0.00125730122182
55600 0.499805119478 0.00125621531923
55700 0.49987840546 0.00125609992313
55800 0.499884855945 0.00125386943753
55900 0.499872649147 0.001251689802
56000 0.49988550908 0.00124952468597
56100 0.499754864802 0.00125411250343
56200 0.499804210875 0.00125285539398
56300 0.499858003368 0.00125178830144
56400 0.499905440163 0.00125047123782
56500 0.499971438847 0.00125000238527
56600 0.499987607061 0.0012479023554
56700 0.500032939082 0.00124652845086
56800 0.500025974858 0.00124435716949
56900 0.499993850062 0.00124258869049
57000 0.500072755849 0.00124291530661
57100 0.500124524913 0.00124182003467
57200 0.500146422898 0.00123984586661
57300 0.50019117112 0.00123849311421
57400 0.500183032925 0.00123636595108
57500 0.500180782512 0.0012342215305
57600 0.500181794002 0.00123208291286
57700 0.500225370239 0.0012307216412
57800 0.500273231658 0.00122952632943
57900 0.500279307514 0.00122742146865
58000 0.500241116052 0.00122590289061
58100 0.50026662553 0.00122406190935
58200 0.500141486415 0.00122834231521
58300 0.500113870858 0.00122654937612
58400 0.500124358095 0.00122449754366
58500 0.500088768478 0.00122292504826
58600 0.500084706221 0.00122084844754
58700 0.500114005768 0.00121912370875
58800 0.500146753784 0.00121749364724
58900 0.50012592936 0.00121560817964
59000 0.500124478619 0.00121355217869
59100 0.500118362419 0.00121151767193
59200 0.500060229063 0.00121086857007
59300 0.500047729541 0.00120889458393
59400 0.500039373809 0.00120689170489
59500 0.500137436125 0.00120884403192
59600 0.500146276875 0.00120685149504
59700 0.500125524432 0.00120501176007
59800 0.500145673028 0.00120316849145
59900 0.500078542535 0.00120303451772
60000 0.500097252354 0.00120117827688
60100 0.500112001319 0.00119927351012
60200 0.500130659958 0.00119742980457
60300 0.500136324029 0.00119546070089
60400 0.500142329474 0.00119349981699
60500 0.500168954891 0.00119182729742
60600 0.500250468221 0.00119264806233
60700 0.500234628911 0.00119079164477
60800 0.500196035472 0.00118946156224
60900 0.500267220112 0.00118963977998
61000 0.500267516074 0.00118769277951
61100 0.50033559366 0.00118770157845
61200 0.50036454965 0.00118611697437
61300 0.500316508616 0.00118515768612
61400 0.500308248789 0.00118325938308
61500 0.500346358235 0.00118195204698
61600 0.500295316252 0.00118113799999
61700 0.500314047125 0.00117937528426
61800 0.50026733245 0.00117839480642
61900 0.500334693213 0.00117841787367
62000 0.500278971029 0.0011778369517
62100 0.500380104855 0.00118027721577
62200 0.500316165787 0.00118011332212
62300 0.500282027574 0.00117871578503
62400 0.500203640355 0.00117943342189
62500 0.500231757649 0.00117788444866
62600 0.500265998193 0.00117650341801
62700 0.500357442987 0.0011781784599
62800 0.500350857919 0.00117632376465
62900 0.500315850627 0.00117497737557
63000 0.500352884653 0.00117369877908
63100 0.500348140123 0.0011718512503
63200 0.500344372744 0.00117000604035
63300 0.500349612035 0.00116817233568
63400 0.500350839982 0.0011663333396
63500 0.500327108673 0.00116474088682
63600 0.500264125752 0.00116461405199
63700 0.500254909416 0.00116282510492
63800 0.500345996733 0.00116456744403
63900 0.500343289922 0.00116275095312
64000 0.500307574056 0.00116148539623
64100 0.500291373294 0.0011597892101
64200 0.500316157848 0.00115825028556
64300 0.500364195793 0.0011574475084
64400 0.500377860381 0.00115573367398
64500 0.500304655048 0.00115626073786
64600 0.500387924125 0.00115746808932
64700 0.500386351319 0.00115568294172
64800 0.500475021595 0.00115729886196
64900 0.500514054064 0.00115617644305
65000 0.500444790464 0.00115647328474
65100 0.500414522979 0.00115509556859
65200 0.500376632179 0.00115394796454
65300 0.50037678361 0.00115218352805
65400 0.500354950488 0.0011506313123
65500 0.500372081293 0.00114900481733
65600 0.500421425059 0.00114831499146
65700 0.500483025413 0.00114822089171
65800 0.500428824302 0.00114775707641
65900 0.500407126192 0.00114622313134
66000 0.500427989966 0.00114467892447
66100 0.50048572229 0.00114440475222
66200 0.500464407902 0.00114287712313
66300 0.500421401043 0.0011419648174
66400 0.500536247643 0.00114600804719
66500 0.500485535116 0.00114540881642
66600 0.500431257663 0.00114497686163
66700 0.500396079912 0.00114380308939
66800 0.500369702654 0.00114239747144
66900 0.500291459582 0.00114336870425
67000 0.500255061887 0.00114224391739
67100 0.500286621653 0.00114098005854
67200 0.500335146059 0.00114031606764
67300 0.500348583595 0.00113870337556
67400 0.500429518122 0.00113988903171
67500 0.500428691875 0.00113820310478
67600 0.500376282051 0.00113772785378
67700 0.500316461164 0.00113762137101
67800 0.500266542749 0.00113704060808
67900 0.500246206674 0.00113555033126
68000 0.500289783258 0.00113471867104
68100 0.500337339284 0.00113405095866
68200 0.500287709274 0.00113347603253
68300 0.500315982299 0.00113217146507
68400 0.500305020756 0.00113057172292
68500 0.500363276706 0.00113042356526
68600 0.500440899543 0.00113144004244
68700 0.500453586068 0.0011298666305
68800 0.500453185322 0.00112822683709
68900 0.500455672843 0.00112659446798
69000 0.500404462519 0.0011261273885
69100 0.500418846545 0.00112459189661
69200 0.500418438597 0.00112296918288
69300 0.500337104615 0.00112429262675
69400 0.500294566035 0.00112347939321
69500 0.500207798979 0.00112521074879
69600 0.500191187022 0.0011237190041
69700 0.500175287772 0.00112222156332
69800 0.500222182352 0.00112159546647
69900 0.500204360817 0.00112013476547
70000 0.500213410256 0.00111857340976
70100 0.500311380752 0.00112126217565
70200 0.500342754233 0.00112010604503
70300 0.500312694872 0.00111891825174
70400 0.500329269656 0.00111745388988
70500 0.500280414308 0.00111693856708
70600 0.500262129217 0.00111550839886
70700 0.500306513377 0.00111481545702
70800 0.500266742549 0.00111395226223
70900 0.500283420226 0.00111250815435
71000 0.500324607467 0.00111170560017
71100 0.500255087306 0.00111231580263
71200 0.500238967911 0.00111087254535
71300 0.500184549008 0.00111064882544
71400 0.500227372246 0.00110992073026
71500 0.500212523525 0.00110846988163
71600 0.500271648825 0.00110849963581
71700 0.500236208389 0.0011075221621
71800 0.50020151563 0.00110652503357
71900 0.500222886268 0.00110519454262
72000 0.500194475639 0.00110402678702
72100 0.500149386089 0.00110341803086
72200 0.500137926227 0.00110195137306
72300 0.500165863101 0.00110078341421
72400 0.500145547721 0.00109945254034
72500 0.500159034767 0.00109802086296
72600 0.500145515437 0.00109659374279
72700 0.500152716189 0.00109511107422
72800 0.500165251426 0.00109368060445
72900 0.500173717566 0.00109221517939
73000 0.500113938322 0.00109235573817
73100 0.500043992338 0.001093100554
73200 0.499997734507 0.00109258761555
73300 0.499996050026 0.00109110037507
73400 0.499996082138 0.00108961588524
73500 0.499966460975 0.00108853797946
73600 0.499976216947 0.00108710471226
73700 0.499958104041 0.00108578255517
73800 0.499971619004 0.00108439740449
73900 0.499960020875 0.00108299402447
74000 0.499981010195 0.00108173587016
74100 0.499952714051 0.00108064802827
74200 0.499914478351 0.00107986980912
74300 0.499919343671 0.00107842933142
74400 0.499920668613 0.00107698258918
74500 0.499991907061 0.00107789241883
74600 0.499991336644 0.00107644960802
74700 0.500019390437 0.0010753760028
74800 0.500015917784 0.00107394586081
74900 0.500006745927 0.00107255309764
75000 0.500035842169 0.00107151952009
75100 0.500073841388 0.0010707681969
75200 0.500099007532 0.00106964189161
75300 0.500118316693 0.00106839753856
75400 0.500115304683 0.00106698668818
75500 0.500094434722 0.00106577941589
75600 0.500090536754 0.00106437864522
75700 0.500113744555 0.00106322743407
75800 0.500082290684 0.00106229176157
75900 0.500102005526 0.0010610769352
76000 0.500107931877 0.00105969916584
76100 0.50004749538 0.00106003048311
76200 0.500003357863 0.00105955969004
76300 0.500001631782 0.00105817423775
76400 0.500002200187 0.00105679115611
76500 0.500044945226 0.00105627565411
76600 0.499989428958 0.00105635642055
76700 0.49998468897 0.00105499159083
76800 0.500010357092 0.00105393189878
76900 0.500033299766 0.00105281284196
77000 0.50004661909 0.00105153157515
77100 0.500058814724 0.00105024020755
77200 0.50003693311 0.00104910947819
77300 0.500027138505 0.00104779976036
77400 0.500047231249 0.00104664039346
77500 0.50002877979 0.00104545425986
77600 0.500054891782 0.00104443480361
77700 0.500050135286 0.00104310317322
77800 0.500054535911 0.00104177342736
77900 0.500027112949 0.00104079868988
78000 0.500041781882 0.00103956940735
78100 0.500036514723 0.00103825337811
78200 0.500008928168 0.00103729380883
78300 0.500015185842 0.00103598960513
78400 0.500017512451 0.00103467248567
78500 0.499987745759 0.00103378420164
78600 0.499993039211 0.00103248417815
78700 0.499959775067 0.00103170962503
78800 0.499912845892 0.00103146878519
78900 0.499886155817 0.00103050838411
79000 0.499889507432 0.00102921104259
79100 0.49993170912 0.00102877638722
79200 0.499938648766 0.00102750247071
79300 0.499916829231 0.00102644003528
79400 0.499931229355 0.00102524992182
79500 0.49990286674 0.00102435415737
79600 0.499875072642 0.00102344589814
79700 0.4998697757 0.00102217709181
79800 0.499888598721 0.00102107106612
79900 0.499898617575 0.00101984387913
80000 0.499917173751 0.00101873946768
80100 0.499928015878 0.00101752691202
80200 0.499967850628 0.00101703919357
80300 0.500001692942 0.00101633712056
80400 0.499965817762 0.00101570756274
80500 0.499981374286 0.00101456650412
80600 0.499975579678 0.00101332584411
80700 0.499943113566 0.00101259168794
80800 0.499935110182 0.00101137165781
80900 0.499900864433 0.00101070267698
81000 0.499886175247 0.00100956317247
81100 0.499919692726 0.00100887610451
81200 0.499951676932 0.00100814204158
81300 0.499915656296 0.00100754683604
81400 0.499902443696 0.00100639721112
81500 0.499933313903 0.0010056372258
81600 0.499900666269 0.00100493614254
81700 0.499886152133 0.00100381242147
81800 0.499953913636 0.00100487125381
81900 0.500000905928 0.00100474398554
82000 0.500020534619 0.0010037118953
82100 0.500033250367 0.00100257137752
82200 0.500046671686 0.00100144301717
82300 0.500031046515 0.00100034956336
82400 0.4999856898 0.00100016474621
82500 0.499952130808 0.000999516744673
82600 0.499955065738 0.000998312448157
82700 0.499957847517 0.000997110632475
82800 0.499970889766 0.000995993138154
82900 0.499966597334 0.000994802395926
83000 0.499977633444 0.000993666495284
83100 0.499915802991 0.000994394010004
83200 0.499899212481 0.000993338648422
83300 0.499896449193 0.000992151438365
83400 0.499883667034 0.000991045567655
83500 0.499837872347 0.000990917592501
83600 0.499872356286 0.000990333539395
83700 0.499875007122 0.000989155304884
83800 0.499850788388 0.000988272779925
83900 0.499915341392 0.000989202287356
84000 0.499861149817 0.000989509343852
84100 0.499836238755 0.000988647674956
84200 0.499822482518 0.000987570600761
84300 0.499828936146 0.000986421579942
84400 0.499821733861 0.000985280510252
84500 0.499805913295 0.000984242882631
84600 0.499785108608 0.000983300706165
84700 0.49977198127 0.000982228776343
84800 0.499801234616 0.00098150737596
84900 0.499742036944 0.000982136234052
85000 0.499688955224 0.000982415549547
85100 0.499655919193 0.00098181777961
85200 0.499645350186 0.000980723646906
85300 0.49962257457 0.000979839685082
85400 0.499642366988 0.000978893553297
85500 0.499632676475 0.000977797950285
85600 0.499612106998 0.000976873327118
85700 0.49957539066 0.000976424538503
85800 0.499584653486 0.000975331774182
85900 0.499553476045 0.000974695848894
86000 0.499532586148 0.00097378763068
86100 0.499513628155 0.000972842469138
86200 0.499524044219 0.000971770949279
86300 0.499559704208 0.000971300281306
86400 0.499538603968 0.000970406551428
86500 0.499500340742 0.000970040057632
86600 0.499526999017 0.000969287448075
86700 0.49955125756 0.000968474271487
86800 0.499590058927 0.000968136766934
86900 0.499616007886 0.00096737165839
87000 0.499590692073 0.000966592210231
87100 0.499577848182 0.000965569062728
87200 0.499543309049 0.000965080574846
87300 0.499540483908 0.000963980498761
87400 0.499499952684 0.000963730511696
87500 0.499491033914 0.000962671630859
87600 0.499485725439 0.000961588579903
87700 0.499451285902 0.000961109908969
87800 0.499480137973 0.000960449461323
87900 0.499468253549 0.000959431566491
88000 0.499433071905 0.000958987366332
88100 0.499391416728 0.000958804332482
88200 0.499390066111 0.000957719435132
88300 0.499418267898 0.000957051178424
88400 0.499414504401 0.000955977164399
88500 0.49949535691 0.000958311165827
88600 0.49952009443 0.00095754999968
88700 0.499535514809 0.000956595834399
88800 0.499557955396 0.000955782976929
88900 0.499586649974 0.000955139701577
89000 0.499628796423 0.000954997138764
89100 0.499579114676 0.000955217934943
89200 0.499542186275 0.000954861814926
89300 0.499540897727 0.000953794606254
89400 0.499572618411 0.000953256241009
89500 0.499524892882 0.000953386298627
89600 0.499488344826 0.000953023714878
89700 0.499461543064 0.000952339237926
89800 0.499432573857 0.000951720411327
89900 0.499441843726 0.000950708087934
90000 0.499503897326 0.000951675911373
90100 0.499511808949 0.000950653723815
90200 0.499516640348 0.000949613228093
90300 0.499504476328 0.000948640674965
90400 0.499485935301 0.000947773626571
90500 0.499480723146 0.000946741850485
90600 0.499453770914 0.000946081599445
90700 0.499431705349 0.000945296943122
90800 0.499455407098 0.000944554106725
90900 0.49945237391 0.000943521005312
91000 0.49946216114 0.00094253606773
91100 0.499483079634 0.000941734687426
91200 0.499476749257 0.000940724490879
91300 0.499461423028 0.000939820090563
91400 0.499474255565 0.000938880570024
91500 0.499476454779 0.000937858166929
91600 0.499479940991 0.000936841900295
91700 0.499509452834 0.000936286092336
91800 0.499565569383 0.000936947453424
91900 0.499585398907 0.000936138844458
92000 0.499603150835 0.000935290706128
92100 0.4995960227 0.000934303453498
92200 0.499551729285 0.000934340547248
92300 0.499572061106 0.000933550546399
92400 0.499596002493 0.000932848246673
92500 0.499621956281 0.000932201825563
92600 0.499658956119 0.000931930201445
92700 0.499657047385 0.000930927920999
92800 0.499649341685 0.000929957736926
92900 0.499648251016 0.000928958421947
93000 0.499668950905 0.000928191212988
93100 0.499666744431 0.000927197922253
93200 0.499638813286 0.000926624747941
93300 0.499636433372 0.000925635700601
93400 0.499586920322 0.000925969016765
93500 0.499610289907 0.000925274587161
93600 0.49963285158 0.00092456212923
93700 0.499603724533 0.000924035145029
93800 0.499620498491 0.000923203317854
93900 0.499568845106 0.000923665064268
94000 0.499633944432 0.000924974720752
94100 0.499648283903 0.000924103936829
94200 0.49956728135 0.000926667323718
94300 0.499592595909 0.000926031389706
94400 0.499614620981 0.000925313351463
94500 0.499569281357 0.000925445355199
94600 0.499540129277 0.000924927156161
94700 0.499610239604 0.000926604898154
94800 0.499606697446 0.000925635267117
94900 0.499550031261 0.000926393805395
95000 0.499570084499 0.000925636695769
95100 0.499605030015 0.000925323801363
95200 0.499586813893 0.000924532128357
95300 0.499578413429 0.00092360118038
95400 0.499580912021 0.000922637438405
95500 0.499568116204 0.000921761063129
95600 0.499565582179 0.000920801368578
95700 0.499602318547 0.000920572724948
95800 0.499664822065 0.000921732232809
95900 0.499628614705 0.000921482966954
96000 0.499636745105 0.000920559954944
96100 0.499614916256 0.000919861804641
96200 0.499591791954 0.000919197213932
96300 0.499602923601 0.000918311090522
96400 0.499634244443 0.000917893447478
96500 0.499675378948 0.000917864485922
96600 0.499692415862 0.000917073399703
96700 0.499676592282 0.0009162625131
96800 0.499684690232 0.000915352721992
96900 0.499661745613 0.000914696583947
97000 0.499671329584 0.00091380477682
97100 0.499665264378 0.000912884776559
97200 0.499670678735 0.000911962616181
97300 0.49968608656 0.000911156459732
97400 0.499700744121 0.000910339829034
97500 0.499740977177 0.000910295732533
97600 0.499715601639 0.000909717624482
97700 0.499707175684 0.000908826463312
97800 0.499694505369 0.000907986458786
97900 0.499750038531 0.000908756581048
98000 0.499763850484 0.000907935179732
98100 0.499772387561 0.000907050737215
98200 0.499772646165 0.000906128036808
98300 0.499735959295 0.000905949550624
98400 0.499730457438 0.000905046511198
98500 0.499725896702 0.000904140105349
98600 0.499760420337 0.000903882940548
98700 0.499750422064 0.000903023375374
98800 0.499743081753 0.000902140140971
98900 0.499730067978 0.000901322748176
99000 0.499729776434 0.000900413287005
99100 0.499735715202 0.000899525196987
99200 0.49972006385 0.000898755483811
99300 0.49975215812 0.000898424158524
99400 0.499755294514 0.000897526694222
99500 0.49973237265 0.000896918215092
99600 0.499726564755 0.000896037402022
99700 0.49973220793 0.000895157338921
99800 0.499765313312 0.000894873240223
99900 0.49975514031 0.000894036188932
