1 91.02
2 81.68
3 121.24
4 105.38
5 86.24
6 108.16
7 80.5
8 89.7
9 75.8
10 109.26
11 85.9
12 93.62
13 109.22
14 82.9
15 104.3
16 113.16
17 92.4
18 93.2
19 67.82
20 80.52
21 110.66
22 90.66
23 106.04
24 115.46
25 117.92
26 98.98
27 76.7
28 107.32
29 120.4
30 91
31 87.36
32 121.02
33 109.7
34 90.16
35 89.7
36 124.92
37 112.7
38 104.68
39 89.24
40 89.54
41 87.96
42 96.1
43 89.62
44 90.42
45 89.6
46 68.4
47 85.48
48 111.3
49 113.4
50 83.3
51 115.74
52 99.7
53 93.6
54 102.96
55 101.16
56 99.1
57 88.88
58 88.16
59 95.76
60 112.5
61 110
62 113.48
63 96.76
64 86
65 92.3
66 58.64
67 100.76
68 120.68
69 85.52
70 93.54
71 110.92
72 93.56
73 90.84
74 112.66
75 101.92
76 80.6
77 127.82
78 101.9
79 94.5
80 113.3
81 93.18
82 107.12
83 77.46
84 110.88
85 94.9
86 104.06
87 79.76
88 111.54
89 125.88
90 100.18
91 91.28
92 70.94
93 94.6
94 88.42
95 92.94
96 76.7
97 89.6
98 87.28
99 98.34
